/Library/Frameworks/Python.framework/Versions/3.13/lib/python3.13/site-packages/vertexai/generative_models/_generative_models.py:433: UserWarning: This feature is deprecated as of June 24, 2025 and will be removed on June 24, 2026. For details, see https://cloud.google.com/vertex-ai/generative-ai/docs/deprecations/genai-vertexai-sdk.
  warning_logs.show_deprecation_warning()

======================================================================
🚀 SCRAPER AI v4.2 - SCRAPING INTELLIGENT
======================================================================
⭐ Site de référence: https://www.mvmmotosport.com/fr
📦 Concurrents à comparer: 1
   1. https://www.morinsports.com/fr
👤 User ID: 59e2c286-3ef0-4e19-81d4-e22ff030ba1f
📂 Catégories: ['inventaire', 'occasion']
🎨 Ignorer couleurs: Non
======================================================================


==================================================
📦 PHASE 1: VÉRIFICATION DU CACHE
==================================================
   ✅ https://www.mvmmotosport.com/fr... → CACHE VALIDE
   ✅ https://www.morinsports.com/fr... → CACHE VALIDE

   📊 Résumé: 2 en cache, 0 à créer

==================================================
⚡ PHASE 3: EXTRACTION DES DONNÉES (parallèle)
==================================================
   100% des sites ont maintenant un scraper en cache
   🚀 Extraction parallèle de 2 sites...

🚀 Initialisation Vertex AI (Projet: go-data-485202, Région: global)
🚀 Initialisation Vertex AI (Projet: go-data-485202, Région: global)
✅ Vertex AI initialisé avec succès
🚀 Initialisation Vertex AI (Projet: go-data-485202, Région: global)
✅ Vertex AI initialisé avec succès

======================================================================
🚀 SCRAPER INTELLIGENT v4.2
======================================================================
🌐 Site: https://www.morinsports.com/fr
👤 User ID: 59e2c286-3ef0-4e19-81d4-e22ff030ba1f
🔄 Force refresh: False

==================================================
📦 ÉTAPE 1: VÉRIFICATION DU CACHE
==================================================
✅ Vertex AI initialisé avec succès
🚀 Initialisation Vertex AI (Projet: go-data-485202, Région: global)
✅ Vertex AI initialisé avec succès

======================================================================
🚀 SCRAPER INTELLIGENT v4.2
======================================================================
🌐 Site: https://www.mvmmotosport.com/fr
👤 User ID: 59e2c286-3ef0-4e19-81d4-e22ff030ba1f
🔄 Force refresh: False

==================================================
📦 ÉTAPE 1: VÉRIFICATION DU CACHE
==================================================
✅ CACHE VALIDE trouvé!
   Expire: 2026-02-17T02:26:21.354+00:00
   Sélecteurs: 8 détectés
   URLs produits: 73 en cache

==================================================
📥 ÉTAPE 3: EXTRACTION DES PRODUITS
==================================================
   URLs à traiter: 73
✅ CACHE VALIDE trouvé!
   Expire: 2026-02-17T02:24:21.75+00:00
   Sélecteurs: 7 détectés
   URLs produits: 432 en cache

==================================================
📥 ÉTAPE 3: EXTRACTION DES PRODUITS
==================================================
   URLs à traiter: 432
      ✅ 1 produits de https://www.morinsports.com/fr/neuf/bateau/inventa...
      ✅ 1 produits de https://www.morinsports.com/fr/usage/motocyclette/...
      ✅ 1 produits de https://www.morinsports.com/fr/neuf/vtt/inventaire...
      ✅ 1 produits de https://www.morinsports.com/fr/neuf/motoneige/inve...
      ✅ 1 produits de https://www.morinsports.com/fr/neuf/motocyclette/i...
      ✅ 1 produits de https://www.morinsports.com/fr/neuf/motocyclette/i...
      ✅ 1 produits de https://www.morinsports.com/fr/neuf/motoneige/inve...
      ✅ 1 produits de https://www.morinsports.com/fr/neuf/motocyclette/i...
      ✅ 1 produits de https://www.morinsports.com/fr/neuf/motocyclette/i...
      ✅ 1 produits de https://www.morinsports.com/fr/usage/motoneige/inv...
      ✅ 1 produits de https://www.morinsports.com/fr/neuf/motocyclette/i...
      ✅ 1 produits de https://www.morinsports.com/fr/neuf/motocyclette/i...
      ✅ 1 produits de https://www.morinsports.com/fr/neuf/motocyclette/i...
      ✅ 1 produits de https://www.morinsports.com/fr/neuf/motocyclette/i...
      ✅ 1 produits de https://www.morinsports.com/fr/neuf/motocyclette/i...
      ✅ 1 produits de https://www.morinsports.com/fr/neuf/motocyclette/i...
      ✅ 1 produits de https://www.morinsports.com/fr/neuf/motocyclette/i...
      ✅ 1 produits de https://www.morinsports.com/fr/neuf/motocyclette/i...
      ✅ 1 produits de https://www.morinsports.com/fr/neuf/motocyclette/i...
      ✅ 1 produits de https://www.morinsports.com/fr/neuf/motocyclette/i...
      ✅ 1 produits de https://www.morinsports.com/fr/neuf/motocyclette/i...
      ✅ 1 produits de https://www.morinsports.com/fr/usage/motoneige/inv...
      ✅ 1 produits de https://www.morinsports.com/fr/usage/motoneige/inv...
      ✅ 1 produits de https://www.morinsports.com/fr/neuf/motocyclette/i...
      ✅ 1 produits de https://www.morinsports.com/fr/usage/motoneige/inv...
      ✅ 1 produits de https://www.morinsports.com/fr/neuf/motocyclette/i...
      ✅ 1 produits de https://www.morinsports.com/fr/neuf/motocyclette/i...
      ✅ 1 produits de https://www.morinsports.com/fr/neuf/motocyclette/i...
      ✅ 1 produits de https://www.morinsports.com/fr/neuf/motocyclette/i...
      ✅ 1 produits de https://www.morinsports.com/fr/neuf/motoneige/inve...
      ✅ 1 produits de https://www.morinsports.com/fr/usage/motoneige/inv...
      ✅ 1 produits de https://www.morinsports.com/fr/neuf/motocyclette/i...
      ✅ 1 produits de https://www.morinsports.com/fr/neuf/motocyclette/i...
      ✅ 1 produits de https://www.morinsports.com/fr/neuf/motoneige/inve...
      ✅ 1 produits de https://www.morinsports.com/fr/neuf/motoneige/inve...
      ✅ 1 produits de https://www.morinsports.com/fr/neuf/motocyclette/i...
      ✅ 1 produits de https://www.morinsports.com/fr/neuf/motocyclette/i...
      ✅ 1 produits de https://www.morinsports.com/fr/neuf/motocyclette/i...
      ✅ 1 produits de https://www.morinsports.com/fr/neuf/motocyclette/i...
      ✅ 1 produits de https://www.morinsports.com/fr/neuf/motocyclette/i...
      ✅ 1 produits de https://www.morinsports.com/fr/neuf/motocyclette/i...
      ✅ 1 produits de https://www.morinsports.com/fr/neuf/motocyclette/i...
      ✅ 1 produits de https://www.morinsports.com/fr/usage/motocyclette/...
      ✅ 1 produits de https://www.mvmmotosport.com/fr/vtt/cfmoto-cforce-...
      ✅ 1 produits de https://www.morinsports.com/fr/usage/motocyclette/...
      ✅ 1 produits de https://www.mvmmotosport.com/fr/vtt/cfmoto-cforce-...
      ✅ 1 produits de https://www.morinsports.com/fr/neuf/motocyclette/i...
      ✅ 1 produits de https://www.mvmmotosport.com/fr/motocyclette/trium...
      ✅ 1 produits de https://www.mvmmotosport.com/fr/motocyclette/trium...
      ✅ 1 produits de https://www.morinsports.com/fr/neuf/motocyclette/i...
      ✅ 1 produits de https://www.morinsports.com/fr/neuf/motocyclette/i...
      ✅ 1 produits de https://www.morinsports.com/fr/neuf/motocyclette/i...
      ✅ 1 produits de https://www.mvmmotosport.com/fr/motocyclette/trium...
      ✅ 1 produits de https://www.morinsports.com/fr/neuf/motocyclette/i...
      ✅ 1 produits de https://www.morinsports.com/fr/usage/motoneige/inv...
      ✅ 1 produits de https://www.morinsports.com/fr/neuf/motocyclette/i...
      ✅ 1 produits de https://www.morinsports.com/fr/neuf/motocyclette/i...
      ✅ 1 produits de https://www.morinsports.com/fr/neuf/motocyclette/i...
      ✅ 1 produits de https://www.morinsports.com/fr/neuf/motocyclette/i...
      ✅ 1 produits de https://www.morinsports.com/fr/neuf/bateau/inventa...
      ✅ 1 produits de https://www.morinsports.com/fr/neuf/bateau/inventa...
      ✅ 1 produits de https://www.morinsports.com/fr/neuf/motocyclette/i...
      ✅ 1 produits de https://www.morinsports.com/fr/neuf/motocyclette/i...
      ✅ 1 produits de https://www.morinsports.com/fr/usage/vtt/inventair...
      ✅ 1 produits de https://www.morinsports.com/fr/neuf/motoneige/inve...
      ✅ 1 produits de https://www.morinsports.com/fr/neuf/motoneige/inve...
      ✅ 1 produits de https://www.morinsports.com/fr/neuf/motocyclette/i...
      ✅ 1 produits de https://www.morinsports.com/fr/usage/motoneige/inv...
      ✅ 1 produits de https://www.morinsports.com/fr/neuf/motocyclette/i...
      ✅ 1 produits de https://www.morinsports.com/fr/neuf/motocyclette/i...
      ✅ 1 produits de https://www.morinsports.com/fr/neuf/motocyclette/i...
      ✅ 1 produits de https://www.morinsports.com/fr/neuf/motocyclette/i...
      ✅ 1 produits de https://www.morinsports.com/fr/neuf/motocyclette/i...

✅ 68 produits extraits

======================================================================
✅ SCRAPING TERMINÉ!
======================================================================
📦 Produits extraits: 68
⏱️  Temps total: 3.3s
📊 Cache: hit
   ✅ https://www.morinsports.com/fr...: 68 produits
      ✅ 1 produits de https://www.mvmmotosport.com/fr/cote-a-cote/cfmoto...
      ✅ 1 produits de https://www.mvmmotosport.com/fr/motocyclette/kawas...
      ✅ 1 produits de https://www.mvmmotosport.com/fr/vtt/cfmoto-cforce-...
      ✅ 1 produits de https://www.mvmmotosport.com/fr/motocyclette/ktm-3...
      ✅ 1 produits de https://www.mvmmotosport.com/fr/motocyclette/kawas...
      ✅ 1 produits de https://www.mvmmotosport.com/fr/vtt/cfmoto-cforce-...
      ✅ 1 produits de https://www.mvmmotosport.com/fr/motocyclette/kawas...
      ✅ 1 produits de https://www.mvmmotosport.com/fr/cote-a-cote/kawasa...
      ✅ 1 produits de https://www.mvmmotosport.com/fr/motocyclette/kawas...
      ✅ 1 produits de https://www.mvmmotosport.com/fr/produit-mecanique/...
      ✅ 1 produits de https://www.mvmmotosport.com/fr/motocyclette/kawas...
      ✅ 1 produits de https://www.mvmmotosport.com/fr/motocyclette/husqv...
      ✅ 1 produits de https://www.mvmmotosport.com/fr/vtt/cfmoto-cforce-...
      ✅ 1 produits de https://www.mvmmotosport.com/fr/vtt/cfmoto-cforce-...
      ✅ 1 produits de https://www.mvmmotosport.com/fr/motocyclette/ktm-5...
      ✅ 1 produits de https://www.mvmmotosport.com/fr/cote-a-cote/cfmoto...
      ✅ 1 produits de https://www.mvmmotosport.com/fr/motocyclette/kawas...
      ✅ 1 produits de https://www.mvmmotosport.com/fr/motocyclette/trium...
      ✅ 1 produits de https://www.mvmmotosport.com/fr/cote-a-cote/cfmoto...
      ✅ 1 produits de https://www.mvmmotosport.com/fr/vtt/cfmoto-cforce-...
      ✅ 1 produits de https://www.mvmmotosport.com/fr/motocyclette/trium...
      ✅ 1 produits de https://www.mvmmotosport.com/fr/vtt/cfmoto-cforce-...
      ✅ 1 produits de https://www.mvmmotosport.com/fr/cote-a-cote/cfmoto...
      ✅ 1 produits de https://www.mvmmotosport.com/fr/motocyclette/ktm-2...
      ✅ 1 produits de https://www.mvmmotosport.com/fr/motocyclette/kawas...
      ✅ 1 produits de https://www.mvmmotosport.com/fr/cote-a-cote/kawasa...
      ✅ 1 produits de https://www.mvmmotosport.com/fr/motocyclette/trium...
      ✅ 1 produits de https://www.mvmmotosport.com/fr/motocyclette/trium...
      ✅ 1 produits de https://www.mvmmotosport.com/fr/motocyclette/trium...
      ✅ 1 produits de https://www.mvmmotosport.com/fr/motocyclette/kawas...
      ✅ 1 produits de https://www.mvmmotosport.com/fr/produit-mecanique/...
      ✅ 1 produits de https://www.mvmmotosport.com/fr/vtt/cfmoto-cforce-...
      ✅ 1 produits de https://www.mvmmotosport.com/fr/motocyclette/kawas...
      ✅ 1 produits de https://www.mvmmotosport.com/fr/vtt/cfmoto-cforce-...
      ✅ 1 produits de https://www.mvmmotosport.com/fr/produit-mecanique/...
      ✅ 1 produits de https://www.mvmmotosport.com/fr/motocyclette/ktm-2...
      ✅ 1 produits de https://www.mvmmotosport.com/fr/vtt/cfmoto-cforce-...
      ✅ 1 produits de https://www.mvmmotosport.com/fr/motocyclette/cfmot...
      ✅ 1 produits de https://www.mvmmotosport.com/fr/motocyclette/kawas...
      ✅ 1 produits de https://www.mvmmotosport.com/fr/motocyclette/kawas...
      ✅ 1 produits de https://www.mvmmotosport.com/fr/motocyclette/kawas...
      ✅ 1 produits de https://www.mvmmotosport.com/fr/motocyclette/trium...
      ✅ 1 produits de https://www.mvmmotosport.com/fr/vtt/cfmoto-cforce-...
      ✅ 1 produits de https://www.mvmmotosport.com/fr/motocyclette/kawas...
      ✅ 1 produits de https://www.mvmmotosport.com/fr/motocyclette/kawas...
      ✅ 1 produits de https://www.mvmmotosport.com/fr/motocyclette/ktm-8...
      ✅ 1 produits de https://www.mvmmotosport.com/fr/motocyclette/trium...
      ✅ 1 produits de https://www.mvmmotosport.com/fr/motocyclette/ktm-3...
      ✅ 1 produits de https://www.mvmmotosport.com/fr/motocyclette/cfmot...
      ✅ 1 produits de https://www.mvmmotosport.com/fr/motocyclette/kawas...
      ✅ 1 produits de https://www.mvmmotosport.com/fr/motocyclette/trium...
      ✅ 1 produits de https://www.mvmmotosport.com/fr/motocyclette/trium...
      ✅ 1 produits de https://www.mvmmotosport.com/fr/motocyclette/kawas...
      ✅ 1 produits de https://www.mvmmotosport.com/fr/motocyclette/kawas...
      ✅ 1 produits de https://www.mvmmotosport.com/fr/motomarine/kawasak...
      ✅ 1 produits de https://www.mvmmotosport.com/fr/motocyclette/kawas...
      ✅ 1 produits de https://www.mvmmotosport.com/fr/cote-a-cote/kawasa...
      ✅ 1 produits de https://www.mvmmotosport.com/fr/motocyclette/trium...
      ✅ 1 produits de https://www.mvmmotosport.com/fr/cote-a-cote/cfmoto...
      ✅ 1 produits de https://www.mvmmotosport.com/fr/motocyclette/trium...
      ✅ 1 produits de https://www.mvmmotosport.com/fr/motocyclette/trium...
      ✅ 1 produits de https://www.mvmmotosport.com/fr/motocyclette/ktm-3...
      ✅ 1 produits de https://www.mvmmotosport.com/fr/motocyclette/husqv...
      ✅ 1 produits de https://www.mvmmotosport.com/fr/motocyclette/kawas...
      ✅ 1 produits de https://www.mvmmotosport.com/fr/motocyclette/kawas...
      ✅ 1 produits de https://www.mvmmotosport.com/fr/motocyclette/kawas...
      ✅ 1 produits de https://www.mvmmotosport.com/fr/produit-mecanique/...
      ✅ 1 produits de https://www.mvmmotosport.com/fr/motocyclette/trium...
      ✅ 1 produits de https://www.mvmmotosport.com/fr/motocyclette/ktm-3...
      ✅ 1 produits de https://www.mvmmotosport.com/fr/motocyclette/husqv...
      ✅ 1 produits de https://www.mvmmotosport.com/fr/motocyclette/trium...
      ✅ 1 produits de https://www.mvmmotosport.com/fr/motocyclette/husqv...
      ✅ 1 produits de https://www.mvmmotosport.com/fr/vtt/cfmoto-cforce-...
      ✅ 1 produits de https://www.mvmmotosport.com/fr/cote-a-cote/cfmoto...
      ✅ 1 produits de https://www.mvmmotosport.com/fr/motocyclette/trium...
      ✅ 1 produits de https://www.mvmmotosport.com/fr/motocyclette/trium...
      ✅ 1 produits de https://www.mvmmotosport.com/fr/motocyclette/trium...
      ✅ 1 produits de https://www.mvmmotosport.com/fr/vtt/kawasaki-brute...
      ✅ 1 produits de https://www.mvmmotosport.com/fr/motocyclette/trium...
      ✅ 1 produits de https://www.mvmmotosport.com/fr/motocyclette/trium...
      ✅ 1 produits de https://www.mvmmotosport.com/fr/vtt/cfmoto-cforce-...
      ✅ 1 produits de https://www.mvmmotosport.com/fr/motocyclette/ktm-5...
      ✅ 1 produits de https://www.mvmmotosport.com/fr/vtt/kawasaki-brute...
      ✅ 1 produits de https://www.mvmmotosport.com/fr/motocyclette/husqv...
      ✅ 1 produits de https://www.mvmmotosport.com/fr/motocyclette/kawas...
      ✅ 1 produits de https://www.mvmmotosport.com/fr/motocyclette/kawas...
      ✅ 1 produits de https://www.mvmmotosport.com/fr/motocyclette/trium...
      ✅ 1 produits de https://www.mvmmotosport.com/fr/motocyclette/trium...
      ✅ 1 produits de https://www.mvmmotosport.com/fr/motocyclette/trium...
      ✅ 1 produits de https://www.mvmmotosport.com/fr/motocyclette/ktm-6...
      ✅ 1 produits de https://www.mvmmotosport.com/fr/inventaire/vtt-cfm...
      ✅ 1 produits de https://www.mvmmotosport.com/fr/cote-a-cote/kawasa...
      ✅ 1 produits de https://www.mvmmotosport.com/fr/motocyclette/kawas...
      ✅ 1 produits de https://www.mvmmotosport.com/fr/cote-a-cote/kawasa...
      ✅ 1 produits de https://www.mvmmotosport.com/fr/motocyclette/trium...
      ✅ 1 produits de https://www.mvmmotosport.com/fr/vtt/cfmoto-cforce-...
      ✅ 1 produits de https://www.mvmmotosport.com/fr/inventaire/motocyc...
      ✅ 1 produits de https://www.mvmmotosport.com/fr/motocyclette/trium...
      ✅ 1 produits de https://www.mvmmotosport.com/fr/motocyclette/kawas...
      ✅ 1 produits de https://www.mvmmotosport.com/fr/motocyclette/ktm-5...
      ✅ 1 produits de https://www.mvmmotosport.com/fr/vtt/kawasaki-brute...
      ✅ 1 produits de https://www.mvmmotosport.com/fr/cote-a-cote/cfmoto...
      ✅ 1 produits de https://www.mvmmotosport.com/fr/vtt/cfmoto-cforce-...
      ✅ 1 produits de https://www.mvmmotosport.com/fr/motocyclette/ktm-2...
      ✅ 1 produits de https://www.mvmmotosport.com/fr/motocyclette/cfmot...
      ✅ 1 produits de https://www.mvmmotosport.com/fr/motocyclette/trium...
      ✅ 1 produits de https://www.mvmmotosport.com/fr/vtt/cfmoto-cforce-...
      ✅ 1 produits de https://www.mvmmotosport.com/fr/produit-mecanique/...
      ✅ 1 produits de https://www.mvmmotosport.com/fr/motocyclette/trium...
      ✅ 1 produits de https://www.mvmmotosport.com/fr/cote-a-cote/cfmoto...
      ✅ 1 produits de https://www.mvmmotosport.com/fr/motocyclette/kawas...
      ✅ 1 produits de https://www.mvmmotosport.com/fr/motocyclette/kawas...
      ✅ 1 produits de https://www.mvmmotosport.com/fr/motocyclette/cfmot...
      ✅ 1 produits de https://www.mvmmotosport.com/fr/vtt/cfmoto-cforce-...
      ✅ 1 produits de https://www.mvmmotosport.com/fr/vtt/kawasaki-kfx90...
      ✅ 1 produits de https://www.mvmmotosport.com/fr/motocyclette/husqv...
      ✅ 1 produits de https://www.mvmmotosport.com/fr/motocyclette/husqv...
      ✅ 1 produits de https://www.mvmmotosport.com/fr/motocyclette/trium...
      ✅ 1 produits de https://www.mvmmotosport.com/fr/motocyclette/husqv...
      ✅ 1 produits de https://www.mvmmotosport.com/fr/motocyclette/trium...
      ✅ 1 produits de https://www.mvmmotosport.com/fr/motocyclette/trium...
      ✅ 1 produits de https://www.mvmmotosport.com/fr/motocyclette/trium...
      ✅ 1 produits de https://www.mvmmotosport.com/fr/motocyclette/kawas...
      ✅ 1 produits de https://www.mvmmotosport.com/fr/cote-a-cote/kawasa...
      ✅ 1 produits de https://www.mvmmotosport.com/fr/motocyclette/kawas...
      ✅ 1 produits de https://www.mvmmotosport.com/fr/motocyclette/kawas...
      ✅ 1 produits de https://www.mvmmotosport.com/fr/motocyclette/trium...
      ✅ 1 produits de https://www.mvmmotosport.com/fr/motocyclette/kawas...
      ✅ 1 produits de https://www.mvmmotosport.com/fr/motocyclette/trium...
      ✅ 1 produits de https://www.mvmmotosport.com/fr/produit-mecanique/...
      ✅ 1 produits de https://www.mvmmotosport.com/fr/motocyclette/trium...
      ✅ 1 produits de https://www.mvmmotosport.com/fr/cote-a-cote/cfmoto...
      ✅ 1 produits de https://www.mvmmotosport.com/fr/cote-a-cote/cfmoto...
      ✅ 1 produits de https://www.mvmmotosport.com/fr/motomarine/kawasak...
      ✅ 1 produits de https://www.mvmmotosport.com/fr/cote-a-cote/cfmoto...
      ✅ 1 produits de https://www.mvmmotosport.com/fr/motocyclette/trium...
      ✅ 1 produits de https://www.mvmmotosport.com/fr/motocyclette/kawas...
      ✅ 1 produits de https://www.mvmmotosport.com/fr/motocyclette/kawas...
      ✅ 1 produits de https://www.mvmmotosport.com/fr/motocyclette/trium...
      ✅ 1 produits de https://www.mvmmotosport.com/fr/motocyclette/trium...
      ✅ 1 produits de https://www.mvmmotosport.com/fr/motocyclette/kawas...
      ✅ 1 produits de https://www.mvmmotosport.com/fr/velo-electrique/kt...
      ✅ 1 produits de https://www.mvmmotosport.com/fr/motocyclette/trium...
      ✅ 1 produits de https://www.mvmmotosport.com/fr/motocyclette/cfmot...
      ✅ 1 produits de https://www.mvmmotosport.com/fr/motocyclette/trium...
      ✅ 1 produits de https://www.mvmmotosport.com/fr/motocyclette/trium...
      ✅ 1 produits de https://www.mvmmotosport.com/fr/produit-mecanique/...
      ✅ 1 produits de https://www.mvmmotosport.com/fr/motocyclette/husqv...
      ✅ 1 produits de https://www.mvmmotosport.com/fr/cote-a-cote/kawasa...
      ✅ 1 produits de https://www.mvmmotosport.com/fr/motocyclette/trium...
      ✅ 1 produits de https://www.mvmmotosport.com/fr/motocyclette/husqv...
      ✅ 1 produits de https://www.mvmmotosport.com/fr/motocyclette/trium...
      ✅ 1 produits de https://www.mvmmotosport.com/fr/motocyclette/trium...
      ✅ 1 produits de https://www.mvmmotosport.com/fr/motocyclette/kawas...
      ✅ 1 produits de https://www.mvmmotosport.com/fr/vtt/kawasaki-kfx50...
      ✅ 1 produits de https://www.mvmmotosport.com/fr/motocyclette/trium...
      ✅ 1 produits de https://www.mvmmotosport.com/fr/motomarine/kawasak...
      ✅ 1 produits de https://www.mvmmotosport.com/fr/motocyclette/husqv...
      ✅ 1 produits de https://www.mvmmotosport.com/fr/motocyclette/husqv...
      ✅ 1 produits de https://www.mvmmotosport.com/fr/cote-a-cote/kawasa...
      ✅ 1 produits de https://www.mvmmotosport.com/fr/cote-a-cote/kawasa...
      ✅ 1 produits de https://www.mvmmotosport.com/fr/cote-a-cote/cfmoto...
      ✅ 1 produits de https://www.mvmmotosport.com/fr/vtt/cfmoto-cforce-...
      ✅ 1 produits de https://www.mvmmotosport.com/fr/produit-mecanique/...
      ✅ 1 produits de https://www.mvmmotosport.com/fr/motocyclette/kawas...
      ✅ 1 produits de https://www.mvmmotosport.com/fr/motocyclette/trium...
      ✅ 1 produits de https://www.mvmmotosport.com/fr/cote-a-cote/kawasa...
      ✅ 1 produits de https://www.mvmmotosport.com/fr/motocyclette/husqv...
      ✅ 1 produits de https://www.mvmmotosport.com/fr/motocyclette/trium...
      ✅ 1 produits de https://www.mvmmotosport.com/fr/motocyclette/husqv...
      ✅ 1 produits de https://www.mvmmotosport.com/fr/motocyclette/trium...
      ✅ 1 produits de https://www.mvmmotosport.com/fr/motocyclette/kawas...
      ✅ 1 produits de https://www.mvmmotosport.com/fr/motocyclette/kawas...
      ✅ 1 produits de https://www.mvmmotosport.com/fr/motocyclette/trium...
      ✅ 1 produits de https://www.mvmmotosport.com/fr/motocyclette/ktm-2...
      ✅ 1 produits de https://www.mvmmotosport.com/fr/cote-a-cote/kawasa...
      ✅ 1 produits de https://www.mvmmotosport.com/fr/motocyclette/kawas...
      ✅ 1 produits de https://www.mvmmotosport.com/fr/motocyclette/kawas...
      ✅ 1 produits de https://www.mvmmotosport.com/fr/motocyclette/kawas...
      ✅ 1 produits de https://www.mvmmotosport.com/fr/motocyclette/ktm-2...
      ✅ 1 produits de https://www.mvmmotosport.com/fr/motocyclette/kawas...
      ✅ 1 produits de https://www.mvmmotosport.com/fr/vtt/cfmoto-cforce-...
      ✅ 1 produits de https://www.mvmmotosport.com/fr/cote-a-cote/cfmoto...
      ✅ 1 produits de https://www.mvmmotosport.com/fr/motocyclette/trium...
      ✅ 1 produits de https://www.mvmmotosport.com/fr/motocyclette/kawas...
      ✅ 1 produits de https://www.mvmmotosport.com/fr/motocyclette/ktm-1...
      ✅ 1 produits de https://www.mvmmotosport.com/fr/motocyclette/husqv...
      ✅ 1 produits de https://www.mvmmotosport.com/fr/motocyclette/ktm-4...
      ✅ 1 produits de https://www.mvmmotosport.com/fr/motocyclette/trium...
      ✅ 1 produits de https://www.mvmmotosport.com/fr/vtt/cfmoto-cforce-...
      ✅ 1 produits de https://www.mvmmotosport.com/fr/motocyclette/kawas...
      ✅ 1 produits de https://www.mvmmotosport.com/fr/motocyclette/ktm-3...
      ✅ 1 produits de https://www.mvmmotosport.com/fr/motocyclette/cfmot...
      ✅ 1 produits de https://www.mvmmotosport.com/fr/motocyclette/kawas...
      ✅ 1 produits de https://www.mvmmotosport.com/fr/motocyclette/husqv...
      ✅ 1 produits de https://www.mvmmotosport.com/fr/motocyclette/kawas...
      ✅ 1 produits de https://www.mvmmotosport.com/fr/motocyclette/trium...
      ✅ 1 produits de https://www.mvmmotosport.com/fr/motocyclette/trium...
      ✅ 1 produits de https://www.mvmmotosport.com/fr/motocyclette/kawas...
      ✅ 1 produits de https://www.mvmmotosport.com/fr/motocyclette/ktm-7...
      ✅ 1 produits de https://www.mvmmotosport.com/fr/motocyclette/cfmot...
      ✅ 1 produits de https://www.mvmmotosport.com/fr/motocyclette/kawas...
      ✅ 1 produits de https://www.mvmmotosport.com/fr/motocyclette/trium...
      ✅ 1 produits de https://www.mvmmotosport.com/fr/motocyclette/ktm-x...
      ✅ 1 produits de https://www.mvmmotosport.com/fr/motocyclette/ktm-2...
      ✅ 1 produits de https://www.mvmmotosport.com/fr/motocyclette/trium...
      ✅ 1 produits de https://www.mvmmotosport.com/fr/motocyclette/trium...
      ✅ 1 produits de https://www.mvmmotosport.com/fr/motocyclette/husqv...
      ✅ 1 produits de https://www.mvmmotosport.com/fr/motocyclette/kawas...
      ✅ 1 produits de https://www.mvmmotosport.com/fr/cote-a-cote/cfmoto...
      ✅ 1 produits de https://www.mvmmotosport.com/fr/motocyclette/husqv...
      ✅ 1 produits de https://www.mvmmotosport.com/fr/motocyclette/trium...
      ✅ 1 produits de https://www.mvmmotosport.com/fr/motocyclette/trium...
      ✅ 1 produits de https://www.mvmmotosport.com/fr/motocyclette/trium...
      ✅ 1 produits de https://www.mvmmotosport.com/fr/motocyclette/trium...
      ✅ 1 produits de https://www.mvmmotosport.com/fr/motocyclette/trium...
      ✅ 1 produits de https://www.mvmmotosport.com/fr/motocyclette/trium...
      ✅ 1 produits de https://www.mvmmotosport.com/fr/motocyclette/trium...
      ✅ 1 produits de https://www.mvmmotosport.com/fr/motocyclette/trium...
      ✅ 1 produits de https://www.mvmmotosport.com/fr/motocyclette/cfmot...
      ✅ 1 produits de https://www.mvmmotosport.com/fr/motocyclette/kawas...
      ✅ 1 produits de https://www.mvmmotosport.com/fr/cote-a-cote/kawasa...
      ✅ 1 produits de https://www.mvmmotosport.com/fr/motocyclette/husqv...
      ✅ 1 produits de https://www.mvmmotosport.com/fr/cote-a-cote/kawasa...
      ✅ 1 produits de https://www.mvmmotosport.com/fr/motocyclette/kawas...
      ✅ 1 produits de https://www.mvmmotosport.com/fr/motocyclette/husqv...
      ✅ 1 produits de https://www.mvmmotosport.com/fr/cote-a-cote/kawasa...
      ✅ 1 produits de https://www.mvmmotosport.com/fr/produit-mecanique/...
      ✅ 1 produits de https://www.mvmmotosport.com/fr/motocyclette/trium...
      ✅ 1 produits de https://www.mvmmotosport.com/fr/motocyclette/kawas...
      ✅ 1 produits de https://www.mvmmotosport.com/fr/motocyclette/ktm-3...
      ✅ 1 produits de https://www.mvmmotosport.com/fr/motocyclette/kawas...
      ✅ 1 produits de https://www.mvmmotosport.com/fr/motocyclette/trium...
      ✅ 1 produits de https://www.mvmmotosport.com/fr/motocyclette/trium...
      ✅ 1 produits de https://www.mvmmotosport.com/fr/motomarine/kawasak...
      ✅ 1 produits de https://www.mvmmotosport.com/fr/motocyclette/ktm-7...
      ✅ 1 produits de https://www.mvmmotosport.com/fr/motocyclette/ktm-4...
      ✅ 1 produits de https://www.mvmmotosport.com/fr/motocyclette/cfmot...
      ✅ 1 produits de https://www.mvmmotosport.com/fr/motocyclette/kawas...
      ✅ 1 produits de https://www.mvmmotosport.com/fr/vtt/cfmoto-cforce-...
      ✅ 1 produits de https://www.mvmmotosport.com/fr/motocyclette/kawas...
      ✅ 1 produits de https://www.mvmmotosport.com/fr/motocyclette/ktm-s...
      ✅ 1 produits de https://www.mvmmotosport.com/fr/vtt/cfmoto-cforce-...
      ✅ 1 produits de https://www.mvmmotosport.com/fr/motocyclette/kawas...
      ✅ 1 produits de https://www.mvmmotosport.com/fr/motocyclette/kawas...
      ✅ 1 produits de https://www.mvmmotosport.com/fr/motocyclette/trium...
      ✅ 1 produits de https://www.mvmmotosport.com/fr/cote-a-cote/cfmoto...
      ✅ 1 produits de https://www.mvmmotosport.com/fr/motocyclette/ktm-2...
      ✅ 1 produits de https://www.mvmmotosport.com/fr/motocyclette/husqv...
      ✅ 1 produits de https://www.mvmmotosport.com/fr/motocyclette/ktm-1...
      ✅ 1 produits de https://www.mvmmotosport.com/fr/motocyclette/cfmot...
      ✅ 1 produits de https://www.mvmmotosport.com/fr/motocyclette/kawas...
      ✅ 1 produits de https://www.mvmmotosport.com/fr/motocyclette/ktm-4...
      ✅ 1 produits de https://www.mvmmotosport.com/fr/motocyclette/trium...
      ✅ 1 produits de https://www.mvmmotosport.com/fr/velo-electrique/hu...
      ✅ 1 produits de https://www.mvmmotosport.com/fr/motocyclette/husqv...
      ✅ 1 produits de https://www.mvmmotosport.com/fr/cote-a-cote/cfmoto...
      ✅ 1 produits de https://www.mvmmotosport.com/fr/motocyclette/kawas...
      ✅ 1 produits de https://www.mvmmotosport.com/fr/motocyclette/cfmot...
      ✅ 1 produits de https://www.mvmmotosport.com/fr/motocyclette/kawas...
      ✅ 1 produits de https://www.mvmmotosport.com/fr/motocyclette/trium...
      ✅ 1 produits de https://www.mvmmotosport.com/fr/cote-a-cote/kawasa...
      ✅ 1 produits de https://www.mvmmotosport.com/fr/motocyclette/kawas...
      ✅ 1 produits de https://www.mvmmotosport.com/fr/motocyclette/trium...
      ✅ 1 produits de https://www.mvmmotosport.com/fr/motocyclette/ktm-1...
      ✅ 1 produits de https://www.mvmmotosport.com/fr/motocyclette/husqv...
      ✅ 1 produits de https://www.mvmmotosport.com/fr/cote-a-cote/kawasa...
      ✅ 1 produits de https://www.mvmmotosport.com/fr/motocyclette/husqv...
      ✅ 1 produits de https://www.mvmmotosport.com/fr/cote-a-cote/cfmoto...
      ✅ 1 produits de https://www.mvmmotosport.com/fr/motocyclette/trium...
      ✅ 1 produits de https://www.mvmmotosport.com/fr/motocyclette/trium...
      ✅ 1 produits de https://www.mvmmotosport.com/fr/motocyclette/trium...
      ✅ 1 produits de https://www.mvmmotosport.com/fr/motocyclette/kawas...
      ✅ 1 produits de https://www.mvmmotosport.com/fr/motocyclette/husqv...
      ✅ 1 produits de https://www.mvmmotosport.com/fr/motocyclette/ktm-7...
      ✅ 1 produits de https://www.mvmmotosport.com/fr/motocyclette/trium...
      ✅ 1 produits de https://www.mvmmotosport.com/fr/motocyclette/kawas...
      ✅ 1 produits de https://www.mvmmotosport.com/fr/motocyclette/ktm-x...
      ✅ 1 produits de https://www.mvmmotosport.com/fr/cote-a-cote/kawasa...
      ✅ 1 produits de https://www.mvmmotosport.com/fr/motocyclette/kawas...
      ✅ 1 produits de https://www.mvmmotosport.com/fr/motocyclette/ktm-8...
      ✅ 1 produits de https://www.mvmmotosport.com/fr/motocyclette/trium...
      ✅ 1 produits de https://www.mvmmotosport.com/fr/motocyclette/trium...
      ✅ 1 produits de https://www.mvmmotosport.com/fr/motocyclette/trium...
      ✅ 1 produits de https://www.mvmmotosport.com/fr/motocyclette/kawas...
      ✅ 1 produits de https://www.mvmmotosport.com/fr/motocyclette/husqv...
      ✅ 1 produits de https://www.mvmmotosport.com/fr/motocyclette/kawas...
      ✅ 1 produits de https://www.mvmmotosport.com/fr/motocyclette/trium...
      ✅ 1 produits de https://www.mvmmotosport.com/fr/motocyclette/kawas...
      ✅ 1 produits de https://www.mvmmotosport.com/fr/produit-mecanique/...
      ✅ 1 produits de https://www.mvmmotosport.com/fr/motocyclette/trium...
      ✅ 1 produits de https://www.mvmmotosport.com/fr/motocyclette/kawas...
      ✅ 1 produits de https://www.mvmmotosport.com/fr/motocyclette/husqv...
      ✅ 1 produits de https://www.mvmmotosport.com/fr/motocyclette/ktm-3...
      ✅ 1 produits de https://www.mvmmotosport.com/fr/motocyclette/trium...
      ✅ 1 produits de https://www.mvmmotosport.com/fr/motocyclette/cfmot...
      ✅ 1 produits de https://www.mvmmotosport.com/fr/motocyclette/husqv...
      ✅ 1 produits de https://www.mvmmotosport.com/fr/motocyclette/trium...
      ✅ 1 produits de https://www.mvmmotosport.com/fr/cote-a-cote/kawasa...
      ✅ 1 produits de https://www.mvmmotosport.com/fr/motocyclette/kawas...
      ✅ 1 produits de https://www.mvmmotosport.com/fr/motocyclette/trium...
      ✅ 1 produits de https://www.mvmmotosport.com/fr/cote-a-cote/kawasa...
      ✅ 1 produits de https://www.mvmmotosport.com/fr/motocyclette/kawas...
      ✅ 1 produits de https://www.mvmmotosport.com/fr/motocyclette/ktm-4...
      ✅ 1 produits de https://www.mvmmotosport.com/fr/vtt/cfmoto-cforce-...
      ✅ 1 produits de https://www.mvmmotosport.com/fr/motocyclette/husqv...
      ✅ 1 produits de https://www.mvmmotosport.com/fr/motocyclette/husqv...
      ✅ 1 produits de https://www.mvmmotosport.com/fr/motocyclette/cfmot...
      ✅ 1 produits de https://www.mvmmotosport.com/fr/produit-mecanique/...
      ✅ 1 produits de https://www.mvmmotosport.com/fr/motocyclette/trium...
      ✅ 1 produits de https://www.mvmmotosport.com/fr/motocyclette/kawas...
      ✅ 1 produits de https://www.mvmmotosport.com/fr/motocyclette/trium...
      ✅ 1 produits de https://www.mvmmotosport.com/fr/motocyclette/trium...
      ✅ 1 produits de https://www.mvmmotosport.com/fr/motocyclette/ktm-3...
      ✅ 1 produits de https://www.mvmmotosport.com/fr/produit-mecanique/...
      ✅ 1 produits de https://www.mvmmotosport.com/fr/vtt/cfmoto-cforce-...
      ✅ 1 produits de https://www.mvmmotosport.com/fr/motocyclette/trium...
      ✅ 1 produits de https://www.mvmmotosport.com/fr/motocyclette/kawas...
      ✅ 1 produits de https://www.mvmmotosport.com/fr/cote-a-cote/kawasa...
      ✅ 1 produits de https://www.mvmmotosport.com/fr/motocyclette/trium...
      ✅ 1 produits de https://www.mvmmotosport.com/fr/motocyclette/ktm-6...
      ✅ 1 produits de https://www.mvmmotosport.com/fr/motocyclette/cfmot...
      ✅ 1 produits de https://www.mvmmotosport.com/fr/motocyclette/husqv...
      ✅ 1 produits de https://www.mvmmotosport.com/fr/motocyclette/kawas...
      ✅ 1 produits de https://www.mvmmotosport.com/fr/motocyclette/kawas...
      ✅ 1 produits de https://www.mvmmotosport.com/fr/vtt/cfmoto-cforce-...
      ✅ 1 produits de https://www.mvmmotosport.com/fr/motocyclette/trium...
      ✅ 1 produits de https://www.mvmmotosport.com/fr/motocyclette/trium...
      ✅ 1 produits de https://www.mvmmotosport.com/fr/motocyclette/kawas...
      ✅ 1 produits de https://www.mvmmotosport.com/fr/motocyclette/husqv...
      ✅ 1 produits de https://www.mvmmotosport.com/fr/cote-a-cote/cfmoto...
      ✅ 1 produits de https://www.mvmmotosport.com/fr/motocyclette/husqv...
      ✅ 1 produits de https://www.mvmmotosport.com/fr/cote-a-cote/cfmoto...
      ✅ 1 produits de https://www.mvmmotosport.com/fr/produit-mecanique/...
      ✅ 1 produits de https://www.mvmmotosport.com/fr/motocyclette/husqv...
      ✅ 1 produits de https://www.mvmmotosport.com/fr/motocyclette/trium...
      ✅ 1 produits de https://www.mvmmotosport.com/fr/motocyclette/trium...
      ✅ 1 produits de https://www.mvmmotosport.com/fr/cote-a-cote/cfmoto...
      ✅ 1 produits de https://www.mvmmotosport.com/fr/motocyclette/trium...
      ✅ 1 produits de https://www.mvmmotosport.com/fr/produit-mecanique/...

✅ 345 produits extraits

======================================================================
✅ SCRAPING TERMINÉ!
======================================================================
📦 Produits extraits: 345
⏱️  Temps total: 122.1s
📊 Cache: hit
   ✅ https://www.mvmmotosport.com/fr...: 345 produits ⭐

⏱️  Scraping terminé en 128.4s

============================================================
🔍 COMPARAISON AVEC LES CONCURRENTS
============================================================

============================================================
🔍 COMPARAISON AVEC LE SITE DE RÉFÉRENCE
============================================================
📊 Référence: https://www.mvmmotosport.com/fr (345 produits)
📊 Concurrent: https://www.morinsports.com/fr (68 produits)
   📋 Clés de référence: 345 (modèles uniques: 314, ignorées: 0)
      Réf: marque='cfmoto' modele='cforce ev 110 vert lime' annee=2024
      Réf: marque='cfmoto' modele='cforce 600 camouflage forestier' annee=2025
      Réf: marque='triumph' modele='street triple 765 moto 2 edition crystal white' annee=2024
      Réf: marque='triumph' modele='scrambler 900 matte khaki green' annee=2024
      Réf: marque='triumph' modele='street triple r low sapphire black' annee=2024
   📅 [model_inclusion] kawasaki klx 140 r l 2025: 4944$ vs 4944$ (+0$)
   📅 [model_inclusion] kawasaki ninja 1000 sx 2024: 14694$ vs 16494$ (-1800$)
   📅 [model_inclusion] kawasaki z 900 2025: 12294$ vs 13994$ (-1700$)
   📅 [model_inclusion] kawasaki z 900 2025: 12294$ vs 13994$ (-1700$)
   📅 [model_inclusion] kawasaki kx 450 2026: 13209$ vs 13009$ (+200$)
   📅 [model_inclusion] kawasaki klx 140 r f 2025: 5194$ vs 5194$ (+0$)
   📅 [model_inclusion] kawasaki kx 450 2026: 13209$ vs 13009$ (+200$)
   📅 [model_inclusion] kawasaki z 900 2024: 11694$ vs 12294$ (-600$)
   📅 [model_inclusion] kawasaki z 900 2025: 12294$ vs 13994$ (-1700$)
   📅 [model_inclusion] kawasaki eliminator 2024: 7994$ vs 8694$ (-700$)
   📅 [model_inclusion] kawasaki eliminator 2024: 7994$ vs 8694$ (-700$)
   📅 [model_inclusion] kawasaki kx 450 2026: 13209$ vs 13009$ (+200$)
   📅 [model_inclusion] kawasaki z 900 2025: 12294$ vs 13994$ (-1700$)
   📅 [model_inclusion] kawasaki eliminator 2024: 7994$ vs 8694$ (-700$)
   📅 [model_inclusion] kawasaki klx 230 2025: 6594$ vs 6594$ (+0$)
   📅 [model_inclusion] kawasaki klx 140 r l 2025: 4944$ vs 4944$ (+0$)
   📅 [model_inclusion] kawasaki z 900 se 2025: 13994$ vs 13994$ (+0$)
   📅 [model_inclusion] kawasaki z 900 se 2025: 13994$ vs 13994$ (+0$)
   📅 [model_inclusion] kawasaki klx 230 r 2025: 5994$ vs 5994$ (+0$)
   📅 [model_inclusion] kawasaki eliminator 2025: 8794$ vs 8794$ (+0$)
   📅 [model_inclusion] kawasaki klx 140 r f 2025: 5094$ vs 5194$ (-100$)
   📅 [model_inclusion] kawasaki eliminator 2025: 8494$ vs 8794$ (-300$)
   📅 [model_inclusion] kawasaki elektrode 2025: 2699$ vs 2699$ (+0$)

   📋 Concurrent - ignorés (modèle vide): 0
   📊 Matching: exact=0, wildcard année=0, inclusion modèle=23

📈 Correspondances: 23/68 (34%)
============================================================

☁️  Sauvegardé dans Supabase (ID: f178862d-1c09-4fb3-a81a-27a715049b74)

======================================================================
✅ SCRAPING TERMINÉ!
======================================================================
⭐ Site de référence: https://www.mvmmotosport.com/fr
📦 Produits de référence: 345
🔍 Produits avec correspondance: 23
📦 Total produits sauvegardés: 413 (référence + matchés)
⏱️  Temps total: 128.4s
☁️  Données dans: Supabase Cloud

📋 APERÇU (10 premiers):
   1. CFMOTO CFORCE EV110 Vert Lime  | 1778$ | mvmmotosport.com
   2. CFMOTO CFORCE 600 Camouflage f | 10749$ | mvmmotosport.com
   3. Triumph Street Triple 765 Moto | 13080$ | mvmmotosport.com
   4. Triumph Scrambler 900 Matte Kh | 13080$ | mvmmotosport.com
   5. Triumph Street Triple R low Sa | 13080$ | mvmmotosport.com
   6. CFMOTO ZFORCE 950 Sport G2 Noi | 22574$ | mvmmotosport.com
   7. Kawasaki KLX230 S Vert lime  2 | 6594$ | mvmmotosport.com
   8. CFMOTO CFORCE 1000 OVERLAND Ve | 17349$ | mvmmotosport.com
   9. KTM 300 XC-W  2026 | 14294$ | mvmmotosport.com
   10. Kawasaki KX85 Vert lime  2025 | 12088$ | mvmmotosport.com
   ... et 403 autres
