
======================================================================
🚀 SCRAPER AI v4.2 - SCRAPING INTELLIGENT
======================================================================
⭐ Site de référence: https://www.mvmmotosport.com/fr
📦 Concurrents à comparer: 1
   1. https://www.morinsports.com/fr
👤 User ID: 4ba57f68-4ab6-4989-9142-d0934f950a37
📂 Catégories: ['inventaire', 'occasion']
======================================================================


==================================================
📦 PHASE 1: VÉRIFICATION DU CACHE
==================================================
   ✅ https://www.mvmmotosport.com/fr... → CACHE VALIDE
   ✅ https://www.morinsports.com/fr... → CACHE VALIDE

   📊 Résumé: 2 en cache, 0 à créer

==================================================
⚡ PHASE 3: EXTRACTION DES DONNÉES (parallèle)
==================================================
   100% des sites ont maintenant un scraper en cache
   🚀 Extraction parallèle de 2 sites...


======================================================================
🚀 SCRAPER INTELLIGENT v4.2
======================================================================
🌐 Site: https://www.mvmmotosport.com/fr
👤 User ID: 4ba57f68-4ab6-4989-9142-d0934f950a37
🔄 Force refresh: False

==================================================
📦 ÉTAPE 1: VÉRIFICATION DU CACHE
==================================================

======================================================================
🚀 SCRAPER INTELLIGENT v4.2
======================================================================
🌐 Site: https://www.morinsports.com/fr
👤 User ID: 4ba57f68-4ab6-4989-9142-d0934f950a37
🔄 Force refresh: False

==================================================
📦 ÉTAPE 1: VÉRIFICATION DU CACHE
==================================================
✅ CACHE VALIDE trouvé!
   Expire: 2026-02-07T19:09:59.873+00:00
   Sélecteurs: 10 détectés
   URLs produits: 429 en cache

==================================================
📥 ÉTAPE 3: EXTRACTION DES PRODUITS
==================================================
   URLs à traiter: 429
✅ CACHE VALIDE trouvé!
   Expire: 2026-02-07T19:12:10.943+00:00
   Sélecteurs: 10 détectés
   URLs produits: 76 en cache

==================================================
📥 ÉTAPE 3: EXTRACTION DES PRODUITS
==================================================
   URLs à traiter: 76
      ✅ 1 produits de https://www.morinsports.com/fr/neuf/motocyclette/i...
      ✅ 1 produits de https://www.morinsports.com/fr/neuf/motocyclette/i...
      ✅ 1 produits de https://www.morinsports.com/fr/neuf/bateau/inventa...
      ✅ 1 produits de https://www.morinsports.com/fr/neuf/bateau/inventa...
      ✅ 1 produits de https://www.morinsports.com/fr/neuf/motocyclette/i...
      ✅ 1 produits de https://www.morinsports.com/fr/neuf/motocyclette/i...
      ✅ 1 produits de https://www.morinsports.com/fr/usage/motoneige/inv...
      ✅ 1 produits de https://www.morinsports.com/fr/neuf/motocyclette/i...
      ✅ 1 produits de https://www.morinsports.com/fr/neuf/motocyclette/i...
      ✅ 1 produits de https://www.morinsports.com/fr/neuf/motocyclette/i...
      ✅ 1 produits de https://www.morinsports.com/fr/neuf/motoneige/inve...
      ✅ 1 produits de https://www.morinsports.com/fr/neuf/motocyclette/i...
      ✅ 1 produits de https://www.morinsports.com/fr/neuf/motocyclette/i...
      ✅ 1 produits de https://www.morinsports.com/fr/neuf/motocyclette/i...
      ✅ 1 produits de https://www.morinsports.com/fr/neuf/motocyclette/i...
      ✅ 1 produits de https://www.morinsports.com/fr/neuf/remorque/remeq...
      ✅ 1 produits de https://www.morinsports.com/fr/neuf/motocyclette/i...
      ✅ 1 produits de https://www.morinsports.com/fr/neuf/remorque/remeq...
      ✅ 1 produits de https://www.morinsports.com/fr/neuf/motocyclette/i...
      ✅ 1 produits de https://www.morinsports.com/fr/usage/motoneige/inv...
      ✅ 1 produits de https://www.morinsports.com/fr/neuf/motocyclette/i...
      ✅ 1 produits de https://www.morinsports.com/fr/neuf/motocyclette/i...
      ✅ 1 produits de https://www.morinsports.com/fr/neuf/motocyclette/i...
      ✅ 1 produits de https://www.morinsports.com/fr/neuf/remorque/remeq...
      ✅ 1 produits de https://www.morinsports.com/fr/neuf/motocyclette/i...
      ✅ 1 produits de https://www.morinsports.com/fr/neuf/motocyclette/i...
      ✅ 1 produits de https://www.morinsports.com/fr/neuf/motocyclette/i...
      ✅ 1 produits de https://www.morinsports.com/fr/neuf/motocyclette/i...
      ✅ 1 produits de https://www.morinsports.com/fr/neuf/motocyclette/i...
      ✅ 1 produits de https://www.morinsports.com/fr/neuf/motocyclette/i...
      ✅ 1 produits de https://www.morinsports.com/fr/neuf/motocyclette/i...
      ✅ 1 produits de https://www.morinsports.com/fr/neuf/motocyclette/i...
      ✅ 1 produits de https://www.morinsports.com/fr/neuf/bateau/inventa...
      ✅ 1 produits de https://www.morinsports.com/fr/neuf/motoneige/inve...
      ✅ 1 produits de https://www.morinsports.com/fr/neuf/motocyclette/i...
      ✅ 1 produits de https://www.morinsports.com/fr/neuf/motocyclette/i...
      ✅ 1 produits de https://www.morinsports.com/fr/neuf/motocyclette/i...
      ✅ 1 produits de https://www.morinsports.com/fr/neuf/motocyclette/i...
      ✅ 1 produits de https://www.morinsports.com/fr/neuf/bateau/inventa...
      ✅ 1 produits de https://www.morinsports.com/fr/usage/motoneige/inv...
      ✅ 1 produits de https://www.morinsports.com/fr/neuf/motocyclette/i...
      ✅ 1 produits de https://www.morinsports.com/fr/usage/motoneige/inv...
      ✅ 1 produits de https://www.morinsports.com/fr/neuf/motoneige/inve...
      ✅ 1 produits de https://www.morinsports.com/fr/neuf/motocyclette/i...
      ✅ 1 produits de https://www.morinsports.com/fr/neuf/motocyclette/i...
      ✅ 1 produits de https://www.morinsports.com/fr/usage/motoneige/inv...
      ✅ 1 produits de https://www.morinsports.com/fr/neuf/motocyclette/i...
      ✅ 1 produits de https://www.morinsports.com/fr/neuf/motocyclette/i...
      ✅ 1 produits de https://www.morinsports.com/fr/neuf/motoneige/inve...
      ✅ 1 produits de https://www.morinsports.com/fr/neuf/motocyclette/i...
      ✅ 1 produits de https://www.mvmmotosport.com/fr/vtt/kawasaki-brute...
      ✅ 1 produits de https://www.morinsports.com/fr/neuf/motoneige/inve...
      ✅ 1 produits de https://www.morinsports.com/fr/neuf/motocyclette/i...
      ✅ 1 produits de https://www.morinsports.com/fr/neuf/motoneige/inve...
      ✅ 1 produits de https://www.mvmmotosport.com/fr/cote-a-cote/cfmoto...
      ✅ 1 produits de https://www.morinsports.com/fr/neuf/motocyclette/i...
      ✅ 1 produits de https://www.morinsports.com/fr/neuf/motoneige/inve...
      ✅ 1 produits de https://www.morinsports.com/fr/neuf/motocyclette/i...
      ✅ 1 produits de https://www.mvmmotosport.com/fr/motocyclette/kawas...
      ✅ 1 produits de https://www.morinsports.com/fr/usage/motoneige/inv...
      ✅ 1 produits de https://www.morinsports.com/fr/usage/vtt/inventair...
      ✅ 1 produits de https://www.mvmmotosport.com/fr/cote-a-cote/cfmoto...
      ✅ 1 produits de https://www.mvmmotosport.com/fr/vtt/cfmoto-cforce-...
      ✅ 1 produits de https://www.morinsports.com/fr/neuf/vtt/inventaire...
      ✅ 1 produits de https://www.morinsports.com/fr/neuf/motoneige/inve...
      ✅ 1 produits de https://www.morinsports.com/fr/neuf/motocyclette/i...
      ✅ 1 produits de https://www.morinsports.com/fr/neuf/motoneige/inve...
      ✅ 1 produits de https://www.morinsports.com/fr/usage/motocyclette/...
      ✅ 1 produits de https://www.morinsports.com/fr/neuf/remorque/remeq...
      ✅ 1 produits de https://www.morinsports.com/fr/usage/motocyclette/...
      ✅ 1 produits de https://www.morinsports.com/fr/neuf/motocyclette/i...
      ✅ 1 produits de https://www.morinsports.com/fr/neuf/motocyclette/i...
      ✅ 1 produits de https://www.morinsports.com/fr/neuf/motocyclette/i...
      ✅ 1 produits de https://www.morinsports.com/fr/neuf/motocyclette/i...
      ✅ 1 produits de https://www.morinsports.com/fr/neuf/motocyclette/i...
      ✅ 1 produits de https://www.morinsports.com/fr/neuf/motocyclette/i...
      ✅ 1 produits de https://www.morinsports.com/fr/neuf/motocyclette/i...
      ✅ 1 produits de https://www.morinsports.com/fr/neuf/motocyclette/i...
      ✅ 1 produits de https://www.morinsports.com/fr/usage/motocyclette/...
      ✅ 1 produits de https://www.morinsports.com/fr/usage/motoneige/inv...
      ✅ 1 produits de https://www.morinsports.com/fr/neuf/motoneige/inve...

✅ 76 produits extraits

======================================================================
✅ SCRAPING TERMINÉ!
======================================================================
📦 Produits extraits: 76
⏱️  Temps total: 2.5s
📊 Cache: hit
   ✅ https://www.morinsports.com/fr...: 76 produits
      ✅ 1 produits de https://www.mvmmotosport.com/fr/inventaire/vtt-kaw...
      ✅ 1 produits de https://www.mvmmotosport.com/fr/cote-a-cote/cfmoto...
      ✅ 1 produits de https://www.mvmmotosport.com/fr/cote-a-cote/kawasa...
      ✅ 1 produits de https://www.mvmmotosport.com/fr/motocyclette/kawas...
      ✅ 1 produits de https://www.mvmmotosport.com/fr/cote-a-cote/kawasa...
      ✅ 1 produits de https://www.mvmmotosport.com/fr/inventaire/vtt-yam...
      ✅ 1 produits de https://www.mvmmotosport.com/fr/cote-a-cote/kawasa...
      ✅ 1 produits de https://www.mvmmotosport.com/fr/cote-a-cote/kawasa...
      ✅ 1 produits de https://www.mvmmotosport.com/fr/motocyclette/kawas...
      ✅ 1 produits de https://www.mvmmotosport.com/fr/motocyclette/husqv...
      ✅ 1 produits de https://www.mvmmotosport.com/fr/inventaire/motocyc...
      ✅ 1 produits de https://www.mvmmotosport.com/fr/motocyclette/trium...
      ✅ 1 produits de https://www.mvmmotosport.com/fr/motocyclette/trium...
      ✅ 1 produits de https://www.mvmmotosport.com/fr/motocyclette/ktm-8...
      ✅ 1 produits de https://www.mvmmotosport.com/fr/produit-mecanique/...
      ✅ 1 produits de https://www.mvmmotosport.com/fr/inventaire/motonei...
      ✅ 1 produits de https://www.mvmmotosport.com/fr/motocyclette/kawas...
      ✅ 1 produits de https://www.mvmmotosport.com/fr/motocyclette/trium...
      ✅ 1 produits de https://www.mvmmotosport.com/fr/inventaire/motocyc...
      ✅ 1 produits de https://www.mvmmotosport.com/fr/vtt/cfmoto-cforce-...
      ✅ 1 produits de https://www.mvmmotosport.com/fr/inventaire/motocyc...
      ✅ 1 produits de https://www.mvmmotosport.com/fr/inventaire/motocyc...
      ✅ 1 produits de https://www.mvmmotosport.com/fr/motocyclette/trium...
      ✅ 1 produits de https://www.mvmmotosport.com/fr/vtt/cfmoto-cforce-...
      ✅ 1 produits de https://www.mvmmotosport.com/fr/motocyclette/kawas...
      ✅ 1 produits de https://www.mvmmotosport.com/fr/motocyclette/trium...
      ✅ 1 produits de https://www.mvmmotosport.com/fr/inventaire/motocyc...
      ✅ 1 produits de https://www.mvmmotosport.com/fr/motocyclette/cfmot...
      ✅ 1 produits de https://www.mvmmotosport.com/fr/motocyclette/trium...
      ✅ 1 produits de https://www.mvmmotosport.com/fr/inventaire/motocyc...
      ✅ 1 produits de https://www.mvmmotosport.com/fr/produit-mecanique/...
      ✅ 1 produits de https://www.mvmmotosport.com/fr/motocyclette/trium...
      ✅ 1 produits de https://www.mvmmotosport.com/fr/motocyclette/cfmot...
      ✅ 1 produits de https://www.mvmmotosport.com/fr/motocyclette/husqv...
      ✅ 1 produits de https://www.mvmmotosport.com/fr/motocyclette/ktm-3...
      ✅ 1 produits de https://www.mvmmotosport.com/fr/cote-a-cote/cfmoto...
      ✅ 1 produits de https://www.mvmmotosport.com/fr/inventaire/motocyc...
      ✅ 1 produits de https://www.mvmmotosport.com/fr/inventaire/motocyc...
      ✅ 1 produits de https://www.mvmmotosport.com/fr/motocyclette/cfmot...
      ✅ 1 produits de https://www.mvmmotosport.com/fr/inventaire/motocyc...
      ✅ 1 produits de https://www.mvmmotosport.com/fr/motocyclette/kawas...
      ✅ 1 produits de https://www.mvmmotosport.com/fr/vtt/cfmoto-cforce-...
      ✅ 1 produits de https://www.mvmmotosport.com/fr/inventaire/motocyc...
      ✅ 1 produits de https://www.mvmmotosport.com/fr/motocyclette/ktm-5...
      ✅ 1 produits de https://www.mvmmotosport.com/fr/motocyclette/trium...
      ✅ 1 produits de https://www.mvmmotosport.com/fr/inventaire/motocyc...
      ✅ 1 produits de https://www.mvmmotosport.com/fr/motocyclette/kawas...
      ✅ 1 produits de https://www.mvmmotosport.com/fr/motocyclette/kawas...
      ✅ 1 produits de https://www.mvmmotosport.com/fr/inventaire/motocyc...
      ✅ 1 produits de https://www.mvmmotosport.com/fr/motocyclette/trium...
      ✅ 1 produits de https://www.mvmmotosport.com/fr/motocyclette/kawas...
      ✅ 1 produits de https://www.mvmmotosport.com/fr/motocyclette/kawas...
      ✅ 1 produits de https://www.mvmmotosport.com/fr/inventaire/motocyc...
      ✅ 1 produits de https://www.mvmmotosport.com/fr/motocyclette/kawas...
      ✅ 1 produits de https://www.mvmmotosport.com/fr/motocyclette/ktm-1...
      ✅ 1 produits de https://www.mvmmotosport.com/fr/cote-a-cote/kawasa...
      ✅ 1 produits de https://www.mvmmotosport.com/fr/cote-a-cote/cfmoto...
      ✅ 1 produits de https://www.mvmmotosport.com/fr/motocyclette/kawas...
      ✅ 1 produits de https://www.mvmmotosport.com/fr/inventaire/vtt-cfm...
      ✅ 1 produits de https://www.mvmmotosport.com/fr/inventaire/motocyc...
      ✅ 1 produits de https://www.mvmmotosport.com/fr/motocyclette/husqv...
      ✅ 1 produits de https://www.mvmmotosport.com/fr/motocyclette/ktm-1...
      ✅ 1 produits de https://www.mvmmotosport.com/fr/inventaire/motocyc...
      ✅ 1 produits de https://www.mvmmotosport.com/fr/motocyclette/ktm-1...
      ✅ 1 produits de https://www.mvmmotosport.com/fr/motocyclette/ktm-3...
      ✅ 1 produits de https://www.mvmmotosport.com/fr/motocyclette/cfmot...
      ✅ 1 produits de https://www.mvmmotosport.com/fr/motocyclette/husqv...
      ✅ 1 produits de https://www.mvmmotosport.com/fr/vtt/kawasaki-kfx90...
      ✅ 1 produits de https://www.mvmmotosport.com/fr/motocyclette/kawas...
      ✅ 1 produits de https://www.mvmmotosport.com/fr/motocyclette/ktm-1...
      ✅ 1 produits de https://www.mvmmotosport.com/fr/inventaire/motocyc...
      ✅ 1 produits de https://www.mvmmotosport.com/fr/cote-a-cote/kawasa...
      ✅ 1 produits de https://www.mvmmotosport.com/fr/vtt/cfmoto-cforce-...
      ✅ 1 produits de https://www.mvmmotosport.com/fr/cote-a-cote/cfmoto...
      ✅ 1 produits de https://www.mvmmotosport.com/fr/motocyclette/kawas...
      ✅ 1 produits de https://www.mvmmotosport.com/fr/vtt/cfmoto-cforce-...
      ✅ 1 produits de https://www.mvmmotosport.com/fr/vtt/cfmoto-cforce-...
      ✅ 1 produits de https://www.mvmmotosport.com/fr/motocyclette/cfmot...
      ✅ 1 produits de https://www.mvmmotosport.com/fr/inventaire/motocyc...
      ✅ 1 produits de https://www.mvmmotosport.com/fr/inventaire/vtt-cfm...
      ✅ 1 produits de https://www.mvmmotosport.com/fr/inventaire/motonei...
      ✅ 1 produits de https://www.mvmmotosport.com/fr/motocyclette/cfmot...
      ✅ 1 produits de https://www.mvmmotosport.com/fr/inventaire/motocyc...
      ✅ 1 produits de https://www.mvmmotosport.com/fr/motocyclette/trium...
      ✅ 1 produits de https://www.mvmmotosport.com/fr/motocyclette/husqv...
      ✅ 1 produits de https://www.mvmmotosport.com/fr/motocyclette/kawas...
      ✅ 1 produits de https://www.mvmmotosport.com/fr/inventaire/motocyc...
      ✅ 1 produits de https://www.mvmmotosport.com/fr/motocyclette/trium...
      ✅ 1 produits de https://www.mvmmotosport.com/fr/motocyclette/kawas...
      ✅ 1 produits de https://www.mvmmotosport.com/fr/cote-a-cote/cfmoto...
      ✅ 1 produits de https://www.mvmmotosport.com/fr/motocyclette/trium...
      ✅ 1 produits de https://www.mvmmotosport.com/fr/motocyclette/ktm-3...
      ✅ 1 produits de https://www.mvmmotosport.com/fr/vtt/kawasaki-kfx90...
      ✅ 1 produits de https://www.mvmmotosport.com/fr/motocyclette/ktm-2...
      ✅ 1 produits de https://www.mvmmotosport.com/fr/motocyclette/husqv...
      ✅ 1 produits de https://www.mvmmotosport.com/fr/vtt/cfmoto-cforce-...
      ✅ 1 produits de https://www.mvmmotosport.com/fr/inventaire/motocyc...
      ✅ 1 produits de https://www.mvmmotosport.com/fr/cote-a-cote/kawasa...
      ✅ 1 produits de https://www.mvmmotosport.com/fr/motocyclette/kawas...
      ✅ 1 produits de https://www.mvmmotosport.com/fr/motocyclette/ktm-5...
      ✅ 1 produits de https://www.mvmmotosport.com/fr/inventaire/vtt-kaw...
      ✅ 1 produits de https://www.mvmmotosport.com/fr/motocyclette/trium...
      ✅ 1 produits de https://www.mvmmotosport.com/fr/vtt/cfmoto-cforce-...
      ✅ 1 produits de https://www.mvmmotosport.com/fr/motocyclette/kawas...
      ✅ 1 produits de https://www.mvmmotosport.com/fr/vtt/kawasaki-brute...
      ✅ 1 produits de https://www.mvmmotosport.com/fr/motocyclette/trium...
      ✅ 1 produits de https://www.mvmmotosport.com/fr/motocyclette/trium...
      ✅ 1 produits de https://www.mvmmotosport.com/fr/motocyclette/trium...
      ✅ 1 produits de https://www.mvmmotosport.com/fr/motocyclette/cfmot...
      ✅ 1 produits de https://www.mvmmotosport.com/fr/cote-a-cote/cfmoto...
      ✅ 1 produits de https://www.mvmmotosport.com/fr/inventaire/motocyc...
      ✅ 1 produits de https://www.mvmmotosport.com/fr/motocyclette/ktm-3...
      ✅ 1 produits de https://www.mvmmotosport.com/fr/inventaire/motocyc...
      ✅ 1 produits de https://www.mvmmotosport.com/fr/motocyclette/trium...
      ✅ 1 produits de https://www.mvmmotosport.com/fr/motocyclette/kawas...
      ✅ 1 produits de https://www.mvmmotosport.com/fr/vtt/cfmoto-cforce-...
      ✅ 1 produits de https://www.mvmmotosport.com/fr/motocyclette/trium...
      ✅ 1 produits de https://www.mvmmotosport.com/fr/motocyclette/kawas...
      ✅ 1 produits de https://www.mvmmotosport.com/fr/vtt/cfmoto-cforce-...
      ✅ 1 produits de https://www.mvmmotosport.com/fr/vtt/kawasaki-brute...
      ✅ 1 produits de https://www.mvmmotosport.com/fr/motocyclette/trium...
      ✅ 1 produits de https://www.mvmmotosport.com/fr/motocyclette/trium...
      ✅ 1 produits de https://www.mvmmotosport.com/fr/motocyclette/trium...
      ✅ 1 produits de https://www.mvmmotosport.com/fr/motocyclette/trium...
      ✅ 1 produits de https://www.mvmmotosport.com/fr/cote-a-cote/kawasa...
      ✅ 1 produits de https://www.mvmmotosport.com/fr/inventaire/vtt-suz...
      ✅ 1 produits de https://www.mvmmotosport.com/fr/inventaire/motocyc...
      ✅ 1 produits de https://www.mvmmotosport.com/fr/inventaire/motocyc...
      ✅ 1 produits de https://www.mvmmotosport.com/fr/inventaire/motomar...
      ✅ 1 produits de https://www.mvmmotosport.com/fr/motocyclette/trium...
      ✅ 1 produits de https://www.mvmmotosport.com/fr/cote-a-cote/cfmoto...
      ✅ 1 produits de https://www.mvmmotosport.com/fr/motocyclette/trium...
      ✅ 1 produits de https://www.mvmmotosport.com/fr/cote-a-cote/kawasa...
      ✅ 1 produits de https://www.mvmmotosport.com/fr/vtt/cfmoto-cforce-...
      ✅ 1 produits de https://www.mvmmotosport.com/fr/motocyclette/kawas...
      ✅ 1 produits de https://www.mvmmotosport.com/fr/inventaire/motocyc...
      ✅ 1 produits de https://www.mvmmotosport.com/fr/motocyclette/trium...
      ✅ 1 produits de https://www.mvmmotosport.com/fr/motomarine/kawasak...
      ✅ 1 produits de https://www.mvmmotosport.com/fr/motocyclette/cfmot...
      ✅ 1 produits de https://www.mvmmotosport.com/fr/motocyclette/trium...
      ✅ 1 produits de https://www.mvmmotosport.com/fr/cote-a-cote/cfmoto...
      ✅ 1 produits de https://www.mvmmotosport.com/fr/motocyclette/ktm-4...
      ✅ 1 produits de https://www.mvmmotosport.com/fr/motocyclette/ktm-x...
      ✅ 1 produits de https://www.mvmmotosport.com/fr/motocyclette/trium...
      ✅ 1 produits de https://www.mvmmotosport.com/fr/motocyclette/kawas...
      ✅ 1 produits de https://www.mvmmotosport.com/fr/motocyclette/kawas...
      ✅ 1 produits de https://www.mvmmotosport.com/fr/inventaire/motocyc...
      ✅ 1 produits de https://www.mvmmotosport.com/fr/inventaire/motocyc...
      ✅ 1 produits de https://www.mvmmotosport.com/fr/inventaire/motocyc...
      ✅ 1 produits de https://www.mvmmotosport.com/fr/motocyclette/husqv...
      ✅ 1 produits de https://www.mvmmotosport.com/fr/inventaire/motocyc...
      ✅ 1 produits de https://www.mvmmotosport.com/fr/inventaire/motocyc...
      ✅ 1 produits de https://www.mvmmotosport.com/fr/motocyclette/trium...
      ✅ 1 produits de https://www.mvmmotosport.com/fr/motocyclette/trium...
      ✅ 1 produits de https://www.mvmmotosport.com/fr/cote-a-cote/cfmoto...
      ✅ 1 produits de https://www.mvmmotosport.com/fr/motocyclette/trium...
      ✅ 1 produits de https://www.mvmmotosport.com/fr/inventaire/vtt-cfm...
      ✅ 1 produits de https://www.mvmmotosport.com/fr/inventaire/motocyc...
      ✅ 1 produits de https://www.mvmmotosport.com/fr/vtt/cfmoto-cforce-...
      ✅ 1 produits de https://www.mvmmotosport.com/fr/motocyclette/trium...
      ✅ 1 produits de https://www.mvmmotosport.com/fr/vtt/cfmoto-cforce-...
      ✅ 1 produits de https://www.mvmmotosport.com/fr/motocyclette/trium...
      ✅ 1 produits de https://www.mvmmotosport.com/fr/motocyclette/kawas...
      ✅ 1 produits de https://www.mvmmotosport.com/fr/motocyclette/trium...
      ✅ 1 produits de https://www.mvmmotosport.com/fr/motocyclette/kawas...
      ✅ 1 produits de https://www.mvmmotosport.com/fr/inventaire/motocyc...
      ✅ 1 produits de https://www.mvmmotosport.com/fr/inventaire/motocyc...
      ✅ 1 produits de https://www.mvmmotosport.com/fr/cote-a-cote/cfmoto...
      ✅ 1 produits de https://www.mvmmotosport.com/fr/motocyclette/trium...
      ✅ 1 produits de https://www.mvmmotosport.com/fr/cote-a-cote/kawasa...
      ✅ 1 produits de https://www.mvmmotosport.com/fr/motocyclette/kawas...
      ✅ 1 produits de https://www.mvmmotosport.com/fr/inventaire/motocyc...
      ✅ 1 produits de https://www.mvmmotosport.com/fr/inventaire/motocyc...
      ✅ 1 produits de https://www.mvmmotosport.com/fr/motocyclette/kawas...
      ✅ 1 produits de https://www.mvmmotosport.com/fr/inventaire/motocyc...
      ✅ 1 produits de https://www.mvmmotosport.com/fr/motocyclette/trium...
      ✅ 1 produits de https://www.mvmmotosport.com/fr/inventaire/motocyc...
      ✅ 1 produits de https://www.mvmmotosport.com/fr/motocyclette/husqv...
      ✅ 1 produits de https://www.mvmmotosport.com/fr/motocyclette/husqv...
      ✅ 1 produits de https://www.mvmmotosport.com/fr/inventaire/motocyc...
      ✅ 1 produits de https://www.mvmmotosport.com/fr/motocyclette/kawas...
      ✅ 1 produits de https://www.mvmmotosport.com/fr/motocyclette/husqv...
      ✅ 1 produits de https://www.mvmmotosport.com/fr/motocyclette/ktm-8...
      ✅ 1 produits de https://www.mvmmotosport.com/fr/motocyclette/cfmot...
      ✅ 1 produits de https://www.mvmmotosport.com/fr/produit-mecanique/...
      ✅ 1 produits de https://www.mvmmotosport.com/fr/inventaire/motocyc...
      ✅ 1 produits de https://www.mvmmotosport.com/fr/motocyclette/husqv...
      ✅ 1 produits de https://www.mvmmotosport.com/fr/inventaire/motocyc...
      ✅ 1 produits de https://www.mvmmotosport.com/fr/cote-a-cote/cfmoto...
      ✅ 1 produits de https://www.mvmmotosport.com/fr/motocyclette/trium...
      ✅ 1 produits de https://www.mvmmotosport.com/fr/inventaire/motocyc...
      ✅ 1 produits de https://www.mvmmotosport.com/fr/cote-a-cote/cfmoto...
      ✅ 1 produits de https://www.mvmmotosport.com/fr/motocyclette/trium...
      ✅ 1 produits de https://www.mvmmotosport.com/fr/produit-mecanique/...
      ✅ 1 produits de https://www.mvmmotosport.com/fr/motocyclette/ktm-4...
      ✅ 1 produits de https://www.mvmmotosport.com/fr/inventaire/motocyc...
      ✅ 1 produits de https://www.mvmmotosport.com/fr/inventaire/motocyc...
      ✅ 1 produits de https://www.mvmmotosport.com/fr/inventaire/motocyc...
      ✅ 1 produits de https://www.mvmmotosport.com/fr/inventaire/vtt-cfm...
      ✅ 1 produits de https://www.mvmmotosport.com/fr/motocyclette/kawas...
      ✅ 1 produits de https://www.mvmmotosport.com/fr/motocyclette/kawas...
      ✅ 1 produits de https://www.mvmmotosport.com/fr/motocyclette/husqv...
      ✅ 1 produits de https://www.mvmmotosport.com/fr/motocyclette/trium...
      ✅ 1 produits de https://www.mvmmotosport.com/fr/vtt/cfmoto-cforce-...
      ✅ 1 produits de https://www.mvmmotosport.com/fr/motocyclette/kawas...
      ✅ 1 produits de https://www.mvmmotosport.com/fr/motocyclette/trium...
      ✅ 1 produits de https://www.mvmmotosport.com/fr/motocyclette/kawas...
      ✅ 1 produits de https://www.mvmmotosport.com/fr/produit-mecanique/...
      ✅ 1 produits de https://www.mvmmotosport.com/fr/motocyclette/kawas...
      ✅ 1 produits de https://www.mvmmotosport.com/fr/produit-mecanique/...
      ✅ 1 produits de https://www.mvmmotosport.com/fr/inventaire/motocyc...
      ✅ 1 produits de https://www.mvmmotosport.com/fr/cote-a-cote/kawasa...
      ✅ 1 produits de https://www.mvmmotosport.com/fr/inventaire/motocyc...
      ✅ 1 produits de https://www.mvmmotosport.com/fr/cote-a-cote/kawasa...
      ✅ 1 produits de https://www.mvmmotosport.com/fr/motocyclette/trium...
      ✅ 1 produits de https://www.mvmmotosport.com/fr/motocyclette/trium...
      ✅ 1 produits de https://www.mvmmotosport.com/fr/inventaire/motocyc...
      ✅ 1 produits de https://www.mvmmotosport.com/fr/motocyclette/kawas...
      ✅ 1 produits de https://www.mvmmotosport.com/fr/motocyclette/kawas...
      ✅ 1 produits de https://www.mvmmotosport.com/fr/motocyclette/kawas...
      ✅ 1 produits de https://www.mvmmotosport.com/fr/motocyclette/cfmot...
      ✅ 1 produits de https://www.mvmmotosport.com/fr/vtt/kawasaki-brute...
      ✅ 1 produits de https://www.mvmmotosport.com/fr/inventaire/motocyc...
      ✅ 1 produits de https://www.mvmmotosport.com/fr/vtt/cfmoto-cforce-...
      ✅ 1 produits de https://www.mvmmotosport.com/fr/motocyclette/kawas...
      ✅ 1 produits de https://www.mvmmotosport.com/fr/motocyclette/ktm-4...
      ✅ 1 produits de https://www.mvmmotosport.com/fr/motocyclette/ktm-2...
      ✅ 1 produits de https://www.mvmmotosport.com/fr/inventaire/remorqu...
      ✅ 1 produits de https://www.mvmmotosport.com/fr/inventaire/motocyc...
      ✅ 1 produits de https://www.mvmmotosport.com/fr/motocyclette/cfmot...
      ✅ 1 produits de https://www.mvmmotosport.com/fr/produit-mecanique/...
      ✅ 1 produits de https://www.mvmmotosport.com/fr/inventaire/motocyc...
      ✅ 1 produits de https://www.mvmmotosport.com/fr/motocyclette/kawas...
      ✅ 1 produits de https://www.mvmmotosport.com/fr/inventaire/motocyc...
      ✅ 1 produits de https://www.mvmmotosport.com/fr/motocyclette/ktm-5...
      ✅ 1 produits de https://www.mvmmotosport.com/fr/vtt/cfmoto-cforce-...
      ✅ 1 produits de https://www.mvmmotosport.com/fr/inventaire/motocyc...
      ✅ 1 produits de https://www.mvmmotosport.com/fr/motocyclette/trium...
      ✅ 1 produits de https://www.mvmmotosport.com/fr/inventaire/motocyc...
      ✅ 1 produits de https://www.mvmmotosport.com/fr/inventaire/motocyc...
      ✅ 1 produits de https://www.mvmmotosport.com/fr/motocyclette/trium...
      ✅ 1 produits de https://www.mvmmotosport.com/fr/motocyclette/kawas...
      ✅ 1 produits de https://www.mvmmotosport.com/fr/motocyclette/kawas...
      ✅ 1 produits de https://www.mvmmotosport.com/fr/vtt/cfmoto-cforce-...
      ✅ 1 produits de https://www.mvmmotosport.com/fr/motocyclette/husqv...
      ✅ 1 produits de https://www.mvmmotosport.com/fr/cote-a-cote/cfmoto...
      ✅ 1 produits de https://www.mvmmotosport.com/fr/inventaire/motocyc...
      ✅ 1 produits de https://www.mvmmotosport.com/fr/produit-mecanique/...
      ✅ 1 produits de https://www.mvmmotosport.com/fr/motocyclette/kawas...
      ✅ 1 produits de https://www.mvmmotosport.com/fr/motocyclette/trium...
      ✅ 1 produits de https://www.mvmmotosport.com/fr/motocyclette/kawas...
      ✅ 1 produits de https://www.mvmmotosport.com/fr/motocyclette/ktm-5...
      ✅ 1 produits de https://www.mvmmotosport.com/fr/motocyclette/trium...
      ✅ 1 produits de https://www.mvmmotosport.com/fr/motocyclette/kawas...
      ✅ 1 produits de https://www.mvmmotosport.com/fr/motocyclette/ktm-2...
      ✅ 1 produits de https://www.mvmmotosport.com/fr/cote-a-cote/cfmoto...
      ✅ 1 produits de https://www.mvmmotosport.com/fr/inventaire/motocyc...
      ✅ 1 produits de https://www.mvmmotosport.com/fr/inventaire/motocyc...
      ✅ 1 produits de https://www.mvmmotosport.com/fr/motocyclette/trium...
      ✅ 1 produits de https://www.mvmmotosport.com/fr/motocyclette/trium...
      ✅ 1 produits de https://www.mvmmotosport.com/fr/motocyclette/trium...
      ✅ 1 produits de https://www.mvmmotosport.com/fr/cote-a-cote/cfmoto...
      ✅ 1 produits de https://www.mvmmotosport.com/fr/motocyclette/cfmot...
      ✅ 1 produits de https://www.mvmmotosport.com/fr/motocyclette/kawas...
      ✅ 1 produits de https://www.mvmmotosport.com/fr/motocyclette/kawas...
      ✅ 1 produits de https://www.mvmmotosport.com/fr/inventaire/motocyc...
      ✅ 1 produits de https://www.mvmmotosport.com/fr/inventaire/motocyc...
      ✅ 1 produits de https://www.mvmmotosport.com/fr/motocyclette/trium...
      ✅ 1 produits de https://www.mvmmotosport.com/fr/motocyclette/trium...
      ✅ 1 produits de https://www.mvmmotosport.com/fr/motocyclette/trium...
      ✅ 1 produits de https://www.mvmmotosport.com/fr/motocyclette/trium...
      ✅ 1 produits de https://www.mvmmotosport.com/fr/inventaire/vtt-cfm...
      ✅ 1 produits de https://www.mvmmotosport.com/fr/motocyclette/cfmot...
      ✅ 1 produits de https://www.mvmmotosport.com/fr/motocyclette/trium...
      ✅ 1 produits de https://www.mvmmotosport.com/fr/inventaire/motocyc...
      ✅ 1 produits de https://www.mvmmotosport.com/fr/motocyclette/trium...
      ✅ 1 produits de https://www.mvmmotosport.com/fr/motocyclette/ktm-3...
      ✅ 1 produits de https://www.mvmmotosport.com/fr/motocyclette/trium...
      ✅ 1 produits de https://www.mvmmotosport.com/fr/cote-a-cote/kawasa...
      ✅ 1 produits de https://www.mvmmotosport.com/fr/motocyclette/ktm-2...
      ✅ 1 produits de https://www.mvmmotosport.com/fr/motocyclette/ktm-2...
      ✅ 1 produits de https://www.mvmmotosport.com/fr/motocyclette/kawas...
      ✅ 1 produits de https://www.mvmmotosport.com/fr/motocyclette/husqv...
      ✅ 1 produits de https://www.mvmmotosport.com/fr/motocyclette/trium...
      ✅ 1 produits de https://www.mvmmotosport.com/fr/inventaire/motomar...
      ✅ 1 produits de https://www.mvmmotosport.com/fr/motocyclette/kawas...
      ✅ 1 produits de https://www.mvmmotosport.com/fr/inventaire/motocyc...
      ✅ 1 produits de https://www.mvmmotosport.com/fr/vtt/cfmoto-cforce-...
      ✅ 1 produits de https://www.mvmmotosport.com/fr/motocyclette/trium...
      ✅ 1 produits de https://www.mvmmotosport.com/fr/motocyclette/husqv...
      ✅ 1 produits de https://www.mvmmotosport.com/fr/motocyclette/trium...
      ✅ 1 produits de https://www.mvmmotosport.com/fr/cote-a-cote/kawasa...
      ✅ 1 produits de https://www.mvmmotosport.com/fr/motocyclette/kawas...
      ✅ 1 produits de https://www.mvmmotosport.com/fr/produit-mecanique/...
      ✅ 1 produits de https://www.mvmmotosport.com/fr/inventaire/motocyc...
      ✅ 1 produits de https://www.mvmmotosport.com/fr/inventaire/motocyc...
      ✅ 1 produits de https://www.mvmmotosport.com/fr/vtt/cfmoto-cforce-...
      ✅ 1 produits de https://www.mvmmotosport.com/fr/produit-mecanique/...
      ✅ 1 produits de https://www.mvmmotosport.com/fr/cote-a-cote/cfmoto...
      ✅ 1 produits de https://www.mvmmotosport.com/fr/cote-a-cote/kawasa...
      ✅ 1 produits de https://www.mvmmotosport.com/fr/motocyclette/kawas...
      ✅ 1 produits de https://www.mvmmotosport.com/fr/motocyclette/ktm-7...
      ✅ 1 produits de https://www.mvmmotosport.com/fr/motocyclette/ktm-4...
      ✅ 1 produits de https://www.mvmmotosport.com/fr/motocyclette/ktm-2...
      ✅ 1 produits de https://www.mvmmotosport.com/fr/motocyclette/cfmot...
      ✅ 1 produits de https://www.mvmmotosport.com/fr/motocyclette/kawas...
      ✅ 1 produits de https://www.mvmmotosport.com/fr/motocyclette/trium...
      ✅ 1 produits de https://www.mvmmotosport.com/fr/motocyclette/ktm-4...
      ✅ 1 produits de https://www.mvmmotosport.com/fr/motocyclette/trium...
      ✅ 1 produits de https://www.mvmmotosport.com/fr/motocyclette/trium...
      ✅ 1 produits de https://www.mvmmotosport.com/fr/motocyclette/trium...
      ✅ 1 produits de https://www.mvmmotosport.com/fr/motocyclette/trium...
      ✅ 1 produits de https://www.mvmmotosport.com/fr/motocyclette/trium...
      ✅ 1 produits de https://www.mvmmotosport.com/fr/cote-a-cote/kawasa...
      ✅ 1 produits de https://www.mvmmotosport.com/fr/vtt/cfmoto-cforce-...
      ✅ 1 produits de https://www.mvmmotosport.com/fr/motocyclette/trium...
      ✅ 1 produits de https://www.mvmmotosport.com/fr/cote-a-cote/kawasa...
      ✅ 1 produits de https://www.mvmmotosport.com/fr/inventaire/vtt-cfm...
      ✅ 1 produits de https://www.mvmmotosport.com/fr/motocyclette/husqv...
      ✅ 1 produits de https://www.mvmmotosport.com/fr/inventaire/motocyc...
      ✅ 1 produits de https://www.mvmmotosport.com/fr/inventaire/vtt-cfm...
      ✅ 1 produits de https://www.mvmmotosport.com/fr/cote-a-cote/cfmoto...
      ✅ 1 produits de https://www.mvmmotosport.com/fr/inventaire/motocyc...
      ✅ 1 produits de https://www.mvmmotosport.com/fr/produit-mecanique/...
      ✅ 1 produits de https://www.mvmmotosport.com/fr/motocyclette/ktm-5...
      ✅ 1 produits de https://www.mvmmotosport.com/fr/motocyclette/kawas...
      ✅ 1 produits de https://www.mvmmotosport.com/fr/produit-mecanique/...
      ✅ 1 produits de https://www.mvmmotosport.com/fr/inventaire/motonei...
      ✅ 1 produits de https://www.mvmmotosport.com/fr/inventaire/motocyc...
      ✅ 1 produits de https://www.mvmmotosport.com/fr/motocyclette/kawas...
      ✅ 1 produits de https://www.mvmmotosport.com/fr/motocyclette/kawas...
      ✅ 1 produits de https://www.mvmmotosport.com/fr/inventaire/motocyc...
      ✅ 1 produits de https://www.mvmmotosport.com/fr/motocyclette/ktm-1...
      ✅ 1 produits de https://www.mvmmotosport.com/fr/motocyclette/trium...
      ✅ 1 produits de https://www.mvmmotosport.com/fr/vtt/cfmoto-cforce-...
      ✅ 1 produits de https://www.mvmmotosport.com/fr/motocyclette/husqv...
      ✅ 1 produits de https://www.mvmmotosport.com/fr/motocyclette/ktm-1...
      ✅ 1 produits de https://www.mvmmotosport.com/fr/inventaire/motocyc...
      ✅ 1 produits de https://www.mvmmotosport.com/fr/motocyclette/cfmot...
      ✅ 1 produits de https://www.mvmmotosport.com/fr/motocyclette/trium...
      ✅ 1 produits de https://www.mvmmotosport.com/fr/motocyclette/trium...
      ✅ 1 produits de https://www.mvmmotosport.com/fr/motocyclette/trium...
      ✅ 1 produits de https://www.mvmmotosport.com/fr/motocyclette/trium...
      ✅ 1 produits de https://www.mvmmotosport.com/fr/motocyclette/ktm-4...
      ✅ 1 produits de https://www.mvmmotosport.com/fr/inventaire/motocyc...
      ✅ 1 produits de https://www.mvmmotosport.com/fr/inventaire/motocyc...
      ✅ 1 produits de https://www.mvmmotosport.com/fr/motocyclette/ktm-3...
      ✅ 1 produits de https://www.mvmmotosport.com/fr/motocyclette/trium...
      ✅ 1 produits de https://www.mvmmotosport.com/fr/motocyclette/kawas...
      ✅ 1 produits de https://www.mvmmotosport.com/fr/motocyclette/trium...
      ✅ 1 produits de https://www.mvmmotosport.com/fr/motocyclette/trium...
      ✅ 1 produits de https://www.mvmmotosport.com/fr/cote-a-cote/kawasa...
      ✅ 1 produits de https://www.mvmmotosport.com/fr/motocyclette/trium...
      ✅ 1 produits de https://www.mvmmotosport.com/fr/motocyclette/ktm-6...
      ✅ 1 produits de https://www.mvmmotosport.com/fr/produit-mecanique/...
      ✅ 1 produits de https://www.mvmmotosport.com/fr/vtt/cfmoto-cforce-...
      ✅ 1 produits de https://www.mvmmotosport.com/fr/motocyclette/cfmot...
      ✅ 1 produits de https://www.mvmmotosport.com/fr/motocyclette/kawas...
      ✅ 1 produits de https://www.mvmmotosport.com/fr/inventaire/motocyc...
      ✅ 1 produits de https://www.mvmmotosport.com/fr/cote-a-cote/cfmoto...
      ✅ 1 produits de https://www.mvmmotosport.com/fr/inventaire/motocyc...
      ✅ 1 produits de https://www.mvmmotosport.com/fr/vtt/cfmoto-cforce-...
      ✅ 1 produits de https://www.mvmmotosport.com/fr/produit-mecanique/...
      ✅ 1 produits de https://www.mvmmotosport.com/fr/motocyclette/kawas...
      ✅ 1 produits de https://www.mvmmotosport.com/fr/motocyclette/husqv...
      ✅ 1 produits de https://www.mvmmotosport.com/fr/inventaire/vtt-cfm...
      ✅ 1 produits de https://www.mvmmotosport.com/fr/motocyclette/trium...
      ✅ 1 produits de https://www.mvmmotosport.com/fr/motocyclette/trium...
      ✅ 1 produits de https://www.mvmmotosport.com/fr/motocyclette/ktm-2...
      ✅ 1 produits de https://www.mvmmotosport.com/fr/motocyclette/kawas...
      ✅ 1 produits de https://www.mvmmotosport.com/fr/cote-a-cote/cfmoto...
      ✅ 1 produits de https://www.mvmmotosport.com/fr/motocyclette/kawas...
      ✅ 1 produits de https://www.mvmmotosport.com/fr/motocyclette/ktm-6...
      ✅ 1 produits de https://www.mvmmotosport.com/fr/inventaire/motocyc...
      ✅ 1 produits de https://www.mvmmotosport.com/fr/motocyclette/ktm-5...
      ✅ 1 produits de https://www.mvmmotosport.com/fr/motocyclette/kawas...
      ✅ 1 produits de https://www.mvmmotosport.com/fr/cote-a-cote/kawasa...
      ✅ 1 produits de https://www.mvmmotosport.com/fr/motocyclette/kawas...
      ✅ 1 produits de https://www.mvmmotosport.com/fr/motocyclette/kawas...
      ✅ 1 produits de https://www.mvmmotosport.com/fr/motocyclette/kawas...
      ✅ 1 produits de https://www.mvmmotosport.com/fr/motocyclette/ktm-7...
      ✅ 1 produits de https://www.mvmmotosport.com/fr/motocyclette/kawas...
      ✅ 1 produits de https://www.mvmmotosport.com/fr/motocyclette/kawas...
      ✅ 1 produits de https://www.mvmmotosport.com/fr/produit-mecanique/...
      ✅ 1 produits de https://www.mvmmotosport.com/fr/motocyclette/ktm-3...
      ✅ 1 produits de https://www.mvmmotosport.com/fr/motocyclette/trium...
      ✅ 1 produits de https://www.mvmmotosport.com/fr/motocyclette/trium...
      ✅ 1 produits de https://www.mvmmotosport.com/fr/motocyclette/trium...
      ✅ 1 produits de https://www.mvmmotosport.com/fr/produit-mecanique/...
      ✅ 1 produits de https://www.mvmmotosport.com/fr/motocyclette/trium...
      ✅ 1 produits de https://www.mvmmotosport.com/fr/inventaire/vtt-kaw...
      ✅ 1 produits de https://www.mvmmotosport.com/fr/motocyclette/husqv...
      ✅ 1 produits de https://www.mvmmotosport.com/fr/motocyclette/kawas...
      ✅ 1 produits de https://www.mvmmotosport.com/fr/motocyclette/husqv...
      ✅ 1 produits de https://www.mvmmotosport.com/fr/motocyclette/kawas...
      ✅ 1 produits de https://www.mvmmotosport.com/fr/motocyclette/cfmot...
      ✅ 1 produits de https://www.mvmmotosport.com/fr/motocyclette/kawas...
      ✅ 1 produits de https://www.mvmmotosport.com/fr/motocyclette/ktm-5...
      ✅ 1 produits de https://www.mvmmotosport.com/fr/cote-a-cote/kawasa...
      ✅ 1 produits de https://www.mvmmotosport.com/fr/motocyclette/cfmot...
      ✅ 1 produits de https://www.mvmmotosport.com/fr/inventaire/motocyc...
      ✅ 1 produits de https://www.mvmmotosport.com/fr/cote-a-cote/cfmoto...
      ✅ 1 produits de https://www.mvmmotosport.com/fr/produit-mecanique/...
      ✅ 1 produits de https://www.mvmmotosport.com/fr/motocyclette/husqv...
      ✅ 1 produits de https://www.mvmmotosport.com/fr/motocyclette/ktm-3...
      ✅ 1 produits de https://www.mvmmotosport.com/fr/motocyclette/kawas...
      ✅ 1 produits de https://www.mvmmotosport.com/fr/motomarine/kawasak...
      ✅ 1 produits de https://www.mvmmotosport.com/fr/cote-a-cote/kawasa...
      ✅ 1 produits de https://www.mvmmotosport.com/fr/motocyclette/cfmot...
      ✅ 1 produits de https://www.mvmmotosport.com/fr/vtt/cfmoto-cforce-...
      ✅ 1 produits de https://www.mvmmotosport.com/fr/motocyclette/trium...
      ✅ 1 produits de https://www.mvmmotosport.com/fr/motocyclette/cfmot...
      ✅ 1 produits de https://www.mvmmotosport.com/fr/inventaire/motocyc...
      ✅ 1 produits de https://www.mvmmotosport.com/fr/vtt/cfmoto-cforce-...
      ✅ 1 produits de https://www.mvmmotosport.com/fr/motocyclette/kawas...

✅ 420 produits extraits

======================================================================
✅ SCRAPING TERMINÉ!
======================================================================
📦 Produits extraits: 420
⏱️  Temps total: 120.9s
📊 Cache: hit
   ✅ https://www.mvmmotosport.com/fr...: 420 produits ⭐

⏱️  Scraping terminé en 122.6s

============================================================
🔍 COMPARAISON AVEC LES CONCURRENTS
============================================================

============================================================
🔍 COMPARAISON AVEC LE SITE DE RÉFÉRENCE
============================================================
📊 Référence: https://www.mvmmotosport.com/fr (420 produits)
📊 Concurrent: https://www.morinsports.com/fr (76 produits)

📈 Correspondances: 0/76 (0%)
============================================================

☁️  Sauvegardé dans Supabase (ID: 6ec7d451-23b4-4bd3-abe9-132d35683aef)

======================================================================
✅ SCRAPING TERMINÉ!
======================================================================
⭐ Site de référence: https://www.mvmmotosport.com/fr
📦 Produits de référence: 420
🔍 Produits avec correspondance: 0
📦 Total produits sauvegardés: 496 (référence + matchés)
⏱️  Temps total: 122.6s
☁️  Données dans: Supabase Cloud

📋 APERÇU (10 premiers):
   1. Kawasaki BRUTE FORCE 300 Rouge | 6244$ | mvmmotosport.com
   2. CFMOTO UFORCE 600 Gris vélocit | 15674$ | mvmmotosport.com
   3. Kawasaki KLX300SM Vert Fluo /  | 8109$ | mvmmotosport.com
   4. CFMOTO UFORCE 1000 Camouflage  | 22424$ | mvmmotosport.com
   5. CFMOTO CFORCE 600 TOURING Bleu | 12349$ | mvmmotosport.com
   6. Kawasaki BRUTE FORCE 300 2025  | 0$ | mvmmotosport.com
   7. CFMOTO UFORCE 1000 XL Bleu obs | 21549$ | mvmmotosport.com
   8. Kawasaki MULE PRO-MX EPS CAMO  | 19394$ | mvmmotosport.com
   9. Kawasaki KLX300R Gris Combat   | 7294$ | mvmmotosport.com
   10. Kawasaki TERYX KRX 1000 eS Gri | 32494$ | mvmmotosport.com
   ... et 486 autres
