/Library/Frameworks/Python.framework/Versions/3.13/lib/python3.13/site-packages/vertexai/generative_models/_generative_models.py:433: UserWarning: This feature is deprecated as of June 24, 2025 and will be removed on June 24, 2026. For details, see https://cloud.google.com/vertex-ai/generative-ai/docs/deprecations/genai-vertexai-sdk.
  warning_logs.show_deprecation_warning()

======================================================================
🚀 SCRAPER AI v4.2 - SCRAPING INTELLIGENT
======================================================================
⭐ Site de référence: https://www.mvmmotosport.com/fr
📦 Concurrents à comparer: 2
   1. https://www.motosthibault.ca/en
   2. https://www.morinsports.com/fr
👤 User ID: 59e2c286-3ef0-4e19-81d4-e22ff030ba1f
📂 Catégories: ['inventaire', 'occasion', 'catalogue']
🎨 Ignorer couleurs: Non
📦 Inventaire seulement: Oui (exclut catalogue/showroom)
======================================================================


==================================================
📦 PHASE 1: VÉRIFICATION DU CACHE
==================================================
   ✅ https://www.mvmmotosport.com/fr... → CACHE VALIDE
   ✅ https://www.motosthibault.ca/en... → CACHE VALIDE
   ✅ https://www.morinsports.com/fr... → CACHE VALIDE

   📊 Résumé: 3 en cache, 0 à créer

==================================================
⚡ PHASE 3: EXTRACTION DES DONNÉES (parallèle)
==================================================
   🚀 Extraction parallèle de 3 sites...

🚀 Initialisation Vertex AI (Projet: go-data-485202, Région: global)
🚀 Initialisation Vertex AI (Projet: go-data-485202, Région: global)
✅ Vertex AI initialisé avec succès
🚀 Initialisation Vertex AI (Projet: go-data-485202, Région: global)
✅ Vertex AI initialisé avec succès

======================================================================
🚀 SCRAPER INTELLIGENT v4.2
======================================================================
🌐 Site: https://www.motosthibault.ca/en
👤 User ID: 59e2c286-3ef0-4e19-81d4-e22ff030ba1f
🔄 Force refresh: False
📦 Inventaire seulement: Oui

🔌 Vérification de la connectivité: www.motosthibault.ca...
🚀 Initialisation Vertex AI (Projet: go-data-485202, Région: global)
✅ Vertex AI initialisé avec succès
🚀 Initialisation Vertex AI (Projet: go-data-485202, Région: global)
✅ Vertex AI initialisé avec succès

======================================================================
🚀 SCRAPER INTELLIGENT v4.2
======================================================================
🌐 Site: https://www.morinsports.com/fr
👤 User ID: 59e2c286-3ef0-4e19-81d4-e22ff030ba1f
🔄 Force refresh: False
📦 Inventaire seulement: Oui

🔌 Vérification de la connectivité: www.morinsports.com...
✅ Vertex AI initialisé avec succès
🚀 Initialisation Vertex AI (Projet: go-data-485202, Région: global)
✅ Vertex AI initialisé avec succès

======================================================================
🚀 SCRAPER INTELLIGENT v4.2
======================================================================
🌐 Site: https://www.mvmmotosport.com/fr
👤 User ID: 59e2c286-3ef0-4e19-81d4-e22ff030ba1f
🔄 Force refresh: False
📦 Inventaire seulement: Oui

🔌 Vérification de la connectivité: www.mvmmotosport.com...
   ✅ Site accessible (HTTP 200)

==================================================
📦 ÉTAPE 1: VÉRIFICATION DU CACHE
==================================================
   ✅ Site accessible (HTTP 200)

==================================================
📦 ÉTAPE 1: VÉRIFICATION DU CACHE
==================================================
✅ CACHE VALIDE trouvé!
   Expire: 2026-02-22T17:31:05.46+00:00
   Sélecteurs: 9 détectés
   URLs produits: 310 en cache

==================================================
📥 ÉTAPE 3: EXTRACTION DES PRODUITS
==================================================
   URLs à traiter: 310
   ✅ Site accessible (HTTP 200)

==================================================
📦 ÉTAPE 1: VÉRIFICATION DU CACHE
==================================================
✅ CACHE VALIDE trouvé!
   Expire: 2026-02-22T17:31:48.504+00:00
   Sélecteurs: 9 détectés
   URLs produits: 72 en cache

==================================================
📥 ÉTAPE 3: EXTRACTION DES PRODUITS
==================================================
   URLs à traiter: 72
✅ CACHE VALIDE trouvé!
   Expire: 2026-02-22T17:44:59.339+00:00
   Sélecteurs: 9 détectés
   URLs produits: 806 en cache

==================================================
📥 ÉTAPE 3: EXTRACTION DES PRODUITS
==================================================
   URLs à traiter: 806
      ✅ 1 produits de https://www.motosthibault.ca/en/new/motorcycle/ves...
      ✅ 1 produits de https://www.morinsports.com/fr/usage/motoneige/inv...
      ✅ 1 produits de https://www.motosthibault.ca/en/new/atv/inventory/...
      ✅ 1 produits de https://www.motosthibault.ca/en/used/motorcycle/in...
      ✅ 1 produits de https://www.motosthibault.ca/en/new/side-by-side/y...
      ✅ 1 produits de https://www.motosthibault.ca/fr/usage/motocyclette...
      ✅ 1 produits de https://www.motosthibault.ca/fr/neuf/vtt/inventair...
      ✅ 1 produits de https://www.morinsports.com/fr/neuf/motocyclette/i...
      ✅ 1 produits de https://www.morinsports.com/fr/neuf/motocyclette/i...
      ✅ 1 produits de https://www.morinsports.com/fr/neuf/motocyclette/i...
      ✅ 1 produits de https://www.morinsports.com/fr/neuf/motocyclette/i...
      ✅ 1 produits de https://www.morinsports.com/fr/neuf/motocyclette/i...
      ✅ 1 produits de https://www.motosthibault.ca/en/new/motorcycle/ves...
      ✅ 1 produits de https://www.motosthibault.ca/en/new/power-equipmen...
      ✅ 1 produits de https://www.motosthibault.ca/fr/neuf/equipement-me...
      ✅ 1 produits de https://www.morinsports.com/fr/usage/motocyclette/...
      ✅ 1 produits de https://www.motosthibault.ca/en/new/side-by-side/y...
      ✅ 1 produits de https://www.morinsports.com/fr/neuf/motocyclette/i...
      ✅ 1 produits de https://www.motosthibault.ca/fr/usage/motocyclette...
      ✅ 1 produits de https://www.morinsports.com/fr/neuf/motoneige/inve...
      ✅ 1 produits de https://www.morinsports.com/fr/neuf/motocyclette/i...
      ✅ 1 produits de https://www.morinsports.com/fr/neuf/motocyclette/i...
      ✅ 1 produits de https://www.motosthibault.ca/en/new/atv/inventory/...
      ✅ 1 produits de https://www.motosthibault.ca/fr/neuf/motocyclette/...
      ✅ 1 produits de https://www.motosthibault.ca/en/used/motorcycle/in...
      ✅ 1 produits de https://www.morinsports.com/fr/usage/motocyclette/...
      ✅ 1 produits de https://www.motosthibault.ca/fr/neuf/motocyclette/...
      ✅ 1 produits de https://www.morinsports.com/fr/neuf/motocyclette/i...
      ✅ 1 produits de https://www.motosthibault.ca/fr/neuf/motocyclette/...
      ✅ 1 produits de https://www.morinsports.com/fr/neuf/motoneige/inve...
      ✅ 1 produits de https://www.morinsports.com/fr/neuf/motocyclette/i...
      ✅ 1 produits de https://www.mvmmotosport.com/fr/cote-a-cote/cfmoto...
      ✅ 1 produits de https://www.motosthibault.ca/fr/neuf/vtt/inventair...
      ✅ 1 produits de https://www.motosthibault.ca/en/new/motorcycle/inv...
      ✅ 1 produits de https://www.motosthibault.ca/en/new/motorcycle/inv...
      ✅ 1 produits de https://www.morinsports.com/fr/neuf/motocyclette/i...
      ✅ 1 produits de https://www.motosthibault.ca/fr/neuf/moteur-hors-b...
      ✅ 1 produits de https://www.motosthibault.ca/fr/neuf/equipement-me...
      ✅ 1 produits de https://www.morinsports.com/fr/neuf/motoneige/inve...
      ✅ 1 produits de https://www.morinsports.com/fr/neuf/motocyclette/i...
      ✅ 1 produits de https://www.morinsports.com/fr/neuf/motocyclette/i...
      ✅ 1 produits de https://www.morinsports.com/fr/neuf/motocyclette/i...
      ✅ 1 produits de https://www.motosthibault.ca/en/new/atv/inventory/...
      ✅ 1 produits de https://www.mvmmotosport.com/fr/motocyclette/husqv...
      ✅ 1 produits de https://www.mvmmotosport.com/fr/motocyclette/husqv...
      ✅ 1 produits de https://www.mvmmotosport.com/fr/motocyclette/kawas...
      ✅ 1 produits de https://www.mvmmotosport.com/fr/motocyclette/trium...
      ✅ 1 produits de https://www.motosthibault.ca/en/new/side-by-side/h...
      ✅ 1 produits de https://www.motosthibault.ca/en/new/motorcycle/inv...
      ✅ 1 produits de https://www.motosthibault.ca/fr/usage/motocyclette...
      ✅ 1 produits de https://www.motosthibault.ca/en/new/power-equipmen...
      ✅ 1 produits de https://www.morinsports.com/fr/neuf/motocyclette/i...
      ✅ 1 produits de https://www.morinsports.com/fr/neuf/motoneige/inve...
      ✅ 1 produits de https://www.morinsports.com/fr/neuf/motocyclette/i...
      ✅ 1 produits de https://www.motosthibault.ca/fr/neuf/motocyclette/...
      ✅ 1 produits de https://www.morinsports.com/fr/neuf/motocyclette/i...
      ✅ 1 produits de https://www.motosthibault.ca/en/new/power-equipmen...
      ✅ 1 produits de https://www.morinsports.com/fr/neuf/bateau/inventa...
      ✅ 1 produits de https://www.motosthibault.ca/en/new/motorcycle/ves...
      ✅ 1 produits de https://www.morinsports.com/fr/neuf/motocyclette/i...
      ✅ 1 produits de https://www.morinsports.com/fr/usage/motocyclette/...
      ✅ 1 produits de https://www.morinsports.com/fr/neuf/bateau/inventa...
      ✅ 1 produits de https://www.motosthibault.ca/en/new/motorcycle/inv...
      ✅ 1 produits de https://www.motosthibault.ca/en/new/outboard-motor...
      ✅ 1 produits de https://www.motosthibault.ca/en/new/motorcycle/inv...
      ✅ 1 produits de https://www.morinsports.com/fr/neuf/motocyclette/i...
      ✅ 1 produits de https://www.mvmmotosport.com/fr/motocyclette/husqv...
      ✅ 1 produits de https://www.mvmmotosport.com/fr/motocyclette/ktm-8...
      ✅ 1 produits de https://www.morinsports.com/fr/neuf/motocyclette/i...
      ✅ 1 produits de https://www.motosthibault.ca/fr/neuf/equipement-me...
      ✅ 1 produits de https://www.motosthibault.ca/fr/neuf/motocyclette/...
      ✅ 1 produits de https://www.morinsports.com/fr/neuf/motoneige/inve...
      ✅ 1 produits de https://www.motosthibault.ca/fr/neuf/motocyclette/...
      ✅ 1 produits de https://www.morinsports.com/fr/neuf/bateau/inventa...
      ✅ 1 produits de https://www.morinsports.com/fr/neuf/motocyclette/i...
      ✅ 1 produits de https://www.motosthibault.ca/fr/neuf/equipement-me...
      ✅ 1 produits de https://www.motosthibault.ca/fr/neuf/vtt/inventair...
      ✅ 1 produits de https://www.morinsports.com/fr/neuf/motocyclette/i...
      ✅ 1 produits de https://www.motosthibault.ca/fr/usage/motocyclette...
      ✅ 1 produits de https://www.morinsports.com/fr/neuf/motoneige/inve...
      ✅ 1 produits de https://www.motosthibault.ca/en/new/side-by-side/h...
      ✅ 1 produits de https://www.morinsports.com/fr/neuf/motocyclette/i...
      ✅ 1 produits de https://www.morinsports.com/fr/usage/motoneige/inv...
      ✅ 1 produits de https://www.motosthibault.ca/fr/neuf/motocyclette/...
      ✅ 1 produits de https://www.morinsports.com/fr/neuf/motocyclette/i...
      ✅ 1 produits de https://www.motosthibault.ca/en/new/side-by-side/h...
      ✅ 1 produits de https://www.morinsports.com/fr/neuf/motocyclette/i...
      ✅ 1 produits de https://www.motosthibault.ca/fr/neuf/cote-a-cote/i...
      ✅ 1 produits de https://www.mvmmotosport.com/fr/vtt/cfmoto-cforce-...
      ✅ 1 produits de https://www.morinsports.com/fr/neuf/motocyclette/i...
      ✅ 1 produits de https://www.motosthibault.ca/en/new/motorcycle/apr...
      ✅ 1 produits de https://www.motosthibault.ca/fr/neuf/motocyclette/...
      ✅ 1 produits de https://www.morinsports.com/fr/neuf/motoneige/inve...
      ✅ 1 produits de https://www.morinsports.com/fr/neuf/motocyclette/i...
      ✅ 1 produits de https://www.morinsports.com/fr/neuf/motocyclette/i...
      ✅ 1 produits de https://www.motosthibault.ca/en/new/motorcycle/suz...
      ✅ 1 produits de https://www.motosthibault.ca/en/new/motorcycle/ves...
      ✅ 1 produits de https://www.motosthibault.ca/fr/neuf/equipement-me...
      ✅ 1 produits de https://www.morinsports.com/fr/usage/vtt/inventair...
      ✅ 1 produits de https://www.motosthibault.ca/en/new/motorcycle/hon...
      ✅ 1 produits de https://www.motosthibault.ca/en/new/motorcycle/inv...
      ✅ 1 produits de https://www.morinsports.com/fr/usage/motoneige/inv...
      ✅ 1 produits de https://www.morinsports.com/fr/neuf/motocyclette/i...
      ✅ 1 produits de https://www.motosthibault.ca/en/new/motorcycle/inv...
      ✅ 1 produits de https://www.motosthibault.ca/en/used/motorcycle/in...
      ✅ 1 produits de https://www.motosthibault.ca/en/new/motorcycle/inv...
      ✅ 1 produits de https://www.morinsports.com/fr/neuf/motocyclette/i...
      ✅ 1 produits de https://www.mvmmotosport.com/fr/motocyclette/kawas...
      ✅ 1 produits de https://www.motosthibault.ca/fr/neuf/motocyclette/...
      ✅ 1 produits de https://www.motosthibault.ca/en/new/motorcycle/inv...
      ✅ 1 produits de https://www.motosthibault.ca/en/used/motorcycle/in...
      ✅ 1 produits de https://www.morinsports.com/fr/neuf/motocyclette/i...
      ✅ 1 produits de https://www.mvmmotosport.com/fr/motocyclette/ktm-5...
      ✅ 1 produits de https://www.morinsports.com/fr/neuf/motocyclette/i...
      ✅ 1 produits de https://www.motosthibault.ca/fr/neuf/motocyclette/...
      ✅ 1 produits de https://www.morinsports.com/fr/neuf/motocyclette/i...
      ✅ 1 produits de https://www.morinsports.com/fr/neuf/motocyclette/i...
      ✅ 1 produits de https://www.motosthibault.ca/fr/neuf/vtt/inventair...
      ✅ 1 produits de https://www.morinsports.com/fr/neuf/motocyclette/i...
      ✅ 1 produits de https://www.mvmmotosport.com/fr/motocyclette/husqv...
      ✅ 1 produits de https://www.mvmmotosport.com/fr/motocyclette/kawas...
      ✅ 1 produits de https://www.motosthibault.ca/fr/usage/motocyclette...
      ✅ 1 produits de https://www.motosthibault.ca/en/new/side-by-side/h...
      ✅ 1 produits de https://www.motosthibault.ca/en/new/atv/yamaha/rap...
      ✅ 1 produits de https://www.motosthibault.ca/fr/neuf/equipement-me...
      ✅ 1 produits de https://www.motosthibault.ca/en/new/motorcycle/inv...
      ✅ 1 produits de https://www.morinsports.com/fr/neuf/motocyclette/i...
      ✅ 1 produits de https://www.morinsports.com/fr/neuf/motocyclette/i...
      ✅ 1 produits de https://www.morinsports.com/fr/neuf/vtt/inventaire...
      ✅ 1 produits de https://www.morinsports.com/fr/usage/motoneige/inv...
      ✅ 1 produits de https://www.morinsports.com/fr/usage/motoneige/inv...
      ✅ 1 produits de https://www.motosthibault.ca/en/used/motorcycle/in...
      ✅ 1 produits de https://www.motosthibault.ca/en/new/power-equipmen...
      ✅ 1 produits de https://www.motosthibault.ca/en/new/motorcycle/hon...
      ✅ 1 produits de https://www.mvmmotosport.com/fr/cote-a-cote/cfmoto...
      ✅ 1 produits de https://www.morinsports.com/fr/neuf/motocyclette/i...
      ✅ 1 produits de https://www.morinsports.com/fr/neuf/motocyclette/i...
      ✅ 1 produits de https://www.motosthibault.ca/en/new/side-by-side/y...
      ✅ 1 produits de https://www.morinsports.com/fr/neuf/motocyclette/i...
      ✅ 1 produits de https://www.motosthibault.ca/fr/neuf/equipement-me...
      ✅ 1 produits de https://www.morinsports.com/fr/neuf/motocyclette/i...
      ✅ 1 produits de https://www.morinsports.com/fr/neuf/motocyclette/i...
      ✅ 1 produits de https://www.motosthibault.ca/en/new/power-equipmen...
      ✅ 1 produits de https://www.motosthibault.ca/en/new/atv/yamaha/gri...
      ✅ 1 produits de https://www.motosthibault.ca/en/new/power-equipmen...
      ✅ 1 produits de https://www.morinsports.com/fr/neuf/motocyclette/i...
      ✅ 1 produits de https://www.motosthibault.ca/en/new/motorcycle/inv...
      ✅ 1 produits de https://www.motosthibault.ca/fr/neuf/vtt/inventair...
      ✅ 1 produits de https://www.morinsports.com/fr/neuf/motocyclette/i...
      ✅ 1 produits de https://www.morinsports.com/fr/neuf/motocyclette/i...
      ✅ 1 produits de https://www.mvmmotosport.com/fr/motocyclette/kawas...
      ✅ 1 produits de https://www.morinsports.com/fr/neuf/motocyclette/i...

✅ 66 produits extraits
      ✅ 1 produits de https://www.mvmmotosport.com/fr/vtt/cfmoto-cforce-...
      ✅ 1 produits de https://www.mvmmotosport.com/fr/cote-a-cote/cfmoto...
      ✅ 1 produits de https://www.motosthibault.ca/en/new/motorcycle/inv...
      ✅ 1 produits de https://www.motosthibault.ca/fr/usage/motocyclette...
      ✅ 1 produits de https://www.motosthibault.ca/en/new/motorcycle/suz...
      ✅ 1 produits de https://www.motosthibault.ca/en/new/side-by-side/h...
      ✅ 1 produits de https://www.motosthibault.ca/en/new/side-by-side/y...
      ✅ 1 produits de https://www.motosthibault.ca/fr/usage/motocyclette...
      ✅ 1 produits de https://www.motosthibault.ca/fr/neuf/motocyclette/...
      ✅ 1 produits de https://www.motosthibault.ca/en/new/atv/inventory/...
      ✅ 1 produits de https://www.mvmmotosport.com/fr/vtt/cfmoto-cforce-...
      ✅ 1 produits de https://www.motosthibault.ca/en/new/motorcycle/inv...
      ✅ 1 produits de https://www.mvmmotosport.com/fr/motocyclette/husqv...
      ✅ 1 produits de https://www.motosthibault.ca/en/new/power-equipmen...
      ✅ 1 produits de https://www.mvmmotosport.com/fr/motocyclette/adly-...
      ✅ 1 produits de https://www.mvmmotosport.com/fr/motocyclette/kawas...
      ✅ 1 produits de https://www.mvmmotosport.com/fr/vtt/cfmoto-cforce-...
      ✅ 1 produits de https://www.motosthibault.ca/en/new/motorcycle/inv...
      ✅ 1 produits de https://www.motosthibault.ca/fr/neuf/vtt/inventair...
      ✅ 1 produits de https://www.motosthibault.ca/en/new/side-by-side/y...
      ✅ 1 produits de https://www.motosthibault.ca/fr/neuf/motocyclette/...
      ✅ 1 produits de https://www.motosthibault.ca/fr/neuf/motocyclette/...
      ✅ 1 produits de https://www.motosthibault.ca/en/new/motorcycle/suz...
      ✅ 1 produits de https://www.mvmmotosport.com/fr/motocyclette/kawas...
      ✅ 1 produits de https://www.motosthibault.ca/en/new/motorcycle/suz...
      ✅ 1 produits de https://www.mvmmotosport.com/fr/cote-a-cote/cfmoto...
      ✅ 1 produits de https://www.motosthibault.ca/en/new/atv/inventory/...
      ✅ 1 produits de https://www.motosthibault.ca/en/used/motorcycle/in...
      ✅ 1 produits de https://www.motosthibault.ca/fr/neuf/motocyclette/...
      ✅ 1 produits de https://www.motosthibault.ca/fr/neuf/motocyclette/...
      ✅ 1 produits de https://www.motosthibault.ca/fr/neuf/motocyclette/...

======================================================================
✅ SCRAPING TERMINÉ!
======================================================================
📦 Produits extraits: 66
⏱️  Temps total: 5.2s
📊 Cache: hit
   ✅ https://www.morinsports.com/fr...: 66 produits
      ✅ 1 produits de https://www.motosthibault.ca/en/new/motorcycle/inv...
      ✅ 1 produits de https://www.motosthibault.ca/en/new/power-equipmen...
      ✅ 1 produits de https://www.motosthibault.ca/fr/usage/cote-a-cote/...
      ✅ 1 produits de https://www.mvmmotosport.com/fr/motocyclette/ktm-3...
      ✅ 1 produits de https://www.motosthibault.ca/fr/neuf/vtt/inventair...
      ✅ 1 produits de https://www.mvmmotosport.com/fr/vtt/cfmoto-cforce-...
      ✅ 1 produits de https://www.mvmmotosport.com/fr/produit-mecanique/...
      ✅ 1 produits de https://www.motosthibault.ca/fr/usage/motocyclette...
      ✅ 1 produits de https://www.motosthibault.ca/en/new/side-by-side/i...
      ✅ 1 produits de https://www.motosthibault.ca/en/new/side-by-side/h...
      ✅ 1 produits de https://www.motosthibault.ca/en/used/motorcycle/in...
      ✅ 1 produits de https://www.motosthibault.ca/en/new/motorcycle/inv...
      ✅ 1 produits de https://www.mvmmotosport.com/fr/motocyclette/cfmot...
      ✅ 1 produits de https://www.mvmmotosport.com/fr/vtt/cfmoto-cforce-...
      ✅ 1 produits de https://www.motosthibault.ca/en/used/motorcycle/in...
      ✅ 1 produits de https://www.motosthibault.ca/fr/usage/motocyclette...
      ✅ 1 produits de https://www.motosthibault.ca/en/new/atv/inventory/...
      ✅ 1 produits de https://www.motosthibault.ca/fr/usage/motocyclette...
      ✅ 1 produits de https://www.mvmmotosport.com/fr/motomarine/kawasak...
      ✅ 1 produits de https://www.motosthibault.ca/en/new/side-by-side/y...
      ✅ 1 produits de https://www.mvmmotosport.com/fr/motocyclette/kawas...
      ✅ 1 produits de https://www.mvmmotosport.com/fr/cote-a-cote/cfmoto...
      ✅ 1 produits de https://www.motosthibault.ca/fr/neuf/motocyclette/...
      ✅ 1 produits de https://www.motosthibault.ca/en/new/motorcycle/inv...
      ✅ 1 produits de https://www.motosthibault.ca/en/new/power-equipmen...
      ✅ 1 produits de https://www.motosthibault.ca/fr/usage/motocyclette...
      ✅ 1 produits de https://www.motosthibault.ca/fr/neuf/motocyclette/...
      ✅ 1 produits de https://www.motosthibault.ca/en/new/side-by-side/i...
      ✅ 1 produits de https://www.motosthibault.ca/en/new/power-equipmen...
      ✅ 1 produits de https://www.motosthibault.ca/fr/neuf/vtt/inventair...
      ✅ 1 produits de https://www.mvmmotosport.com/fr/motocyclette/ktm-3...
      ✅ 1 produits de https://www.motosthibault.ca/fr/usage/motocyclette...
      ✅ 1 produits de https://www.motosthibault.ca/en/new/atv/suzuki/kin...
      ✅ 1 produits de https://www.motosthibault.ca/en/new/power-equipmen...
      ✅ 1 produits de https://www.mvmmotosport.com/fr/motocyclette/ktm-s...
      ✅ 1 produits de https://www.motosthibault.ca/fr/usage/motocyclette...
      ✅ 1 produits de https://www.motosthibault.ca/fr/neuf/equipement-me...
      ✅ 1 produits de https://www.motosthibault.ca/en/new/side-by-side/y...
      ✅ 1 produits de https://www.motosthibault.ca/fr/neuf/equipement-me...
      ✅ 1 produits de https://www.motosthibault.ca/en/used/motorcycle/in...
      ✅ 1 produits de https://www.motosthibault.ca/fr/neuf/vtt/inventair...
      ✅ 1 produits de https://www.motosthibault.ca/fr/neuf/moteur-hors-b...
      ✅ 1 produits de https://www.motosthibault.ca/en/new/side-by-side/y...
      ✅ 1 produits de https://www.motosthibault.ca/fr/neuf/motocyclette/...
      ✅ 1 produits de https://www.motosthibault.ca/en/new/side-by-side/y...
      ✅ 1 produits de https://www.motosthibault.ca/en/new/motorcycle/inv...
      ✅ 1 produits de https://www.motosthibault.ca/fr/neuf/motocyclette/...
      ✅ 1 produits de https://www.mvmmotosport.com/fr/motocyclette/husqv...
      ✅ 1 produits de https://www.mvmmotosport.com/fr/motocyclette/kawas...
      ✅ 1 produits de https://www.mvmmotosport.com/fr/motocyclette/kawas...
      ✅ 1 produits de https://www.motosthibault.ca/en/new/motorcycle/pia...
      ✅ 1 produits de https://www.motosthibault.ca/en/new/motorcycle/inv...
      ✅ 1 produits de https://www.motosthibault.ca/en/new/side-by-side/i...
      ✅ 1 produits de https://www.motosthibault.ca/fr/neuf/motocyclette/...
      ✅ 1 produits de https://www.motosthibault.ca/en/new/motorcycle/inv...
      ✅ 1 produits de https://www.mvmmotosport.com/fr/motocyclette/ktm-3...
      ✅ 1 produits de https://www.motosthibault.ca/fr/neuf/vtt/inventair...
      ✅ 1 produits de https://www.motosthibault.ca/en/new/side-by-side/i...
      ✅ 1 produits de https://www.motosthibault.ca/en/new/atv/inventory/...
      ✅ 1 produits de https://www.motosthibault.ca/en/used/snowmobile/in...
      ✅ 1 produits de https://www.motosthibault.ca/fr/neuf/motocyclette/...
      ✅ 1 produits de https://www.motosthibault.ca/fr/usage/motocyclette...
      ✅ 1 produits de https://www.motosthibault.ca/fr/neuf/motocyclette/...
      ✅ 1 produits de https://www.motosthibault.ca/en/new/atv/yamaha/kod...
      ✅ 1 produits de https://www.motosthibault.ca/fr/neuf/motocyclette/...
      ✅ 1 produits de https://www.motosthibault.ca/fr/neuf/vtt/inventair...
      ✅ 1 produits de https://www.motosthibault.ca/en/new/atv/inventory/...
      ✅ 1 produits de https://www.motosthibault.ca/fr/neuf/motocyclette/...
      ✅ 1 produits de https://www.mvmmotosport.com/fr/cote-a-cote/kawasa...
      ✅ 1 produits de https://www.motosthibault.ca/en/new/atv/inventory/...
      ✅ 1 produits de https://www.mvmmotosport.com/fr/motocyclette/kawas...
      ✅ 1 produits de https://www.motosthibault.ca/fr/usage/motoneige/in...
      ✅ 1 produits de https://www.motosthibault.ca/fr/neuf/vtt/inventair...
      ✅ 1 produits de https://www.motosthibault.ca/en/new/motorcycle/inv...
      ✅ 1 produits de https://www.motosthibault.ca/en/new/motorcycle/inv...
      ✅ 1 produits de https://www.motosthibault.ca/en/new/motorcycle/inv...
      ✅ 1 produits de https://www.mvmmotosport.com/fr/motocyclette/trium...
      ✅ 1 produits de https://www.motosthibault.ca/en/used/motorcycle/in...
      ✅ 1 produits de https://www.motosthibault.ca/en/new/motorcycle/inv...
      ✅ 1 produits de https://www.motosthibault.ca/fr/neuf/equipement-me...
      ✅ 1 produits de https://www.motosthibault.ca/en/new/atv/inventory/...
      ✅ 1 produits de https://www.motosthibault.ca/en/new/power-equipmen...
      ✅ 1 produits de https://www.motosthibault.ca/fr/neuf/motocyclette/...
      ✅ 1 produits de https://www.motosthibault.ca/en/new/motorcycle/inv...
      ✅ 1 produits de https://www.motosthibault.ca/en/used/motorcycle/in...
      ✅ 1 produits de https://www.motosthibault.ca/en/new/motorcycle/inv...
      ✅ 1 produits de https://www.motosthibault.ca/en/new/outboard-motor...
      ✅ 1 produits de https://www.mvmmotosport.com/fr/motocyclette/ktm-4...
      ✅ 1 produits de https://www.mvmmotosport.com/fr/motocyclette/adly-...
      ✅ 1 produits de https://www.mvmmotosport.com/fr/produit-mecanique/...
      ✅ 1 produits de https://www.motosthibault.ca/en/new/motorcycle/inv...
      ✅ 1 produits de https://www.mvmmotosport.com/fr/motocyclette/ktm-3...
      ✅ 1 produits de https://www.motosthibault.ca/fr/neuf/vtt/inventair...
      ✅ 1 produits de https://www.motosthibault.ca/en/new/motorcycle/inv...
      ✅ 1 produits de https://www.motosthibault.ca/fr/neuf/vtt/inventair...
      ✅ 1 produits de https://www.motosthibault.ca/fr/neuf/motocyclette/...
      ✅ 1 produits de https://www.motosthibault.ca/en/new/atv/yamaha/kod...
      ✅ 1 produits de https://www.mvmmotosport.com/fr/motocyclette/trium...
      ✅ 1 produits de https://www.motosthibault.ca/en/new/motorcycle/inv...
      ✅ 1 produits de https://www.motosthibault.ca/fr/neuf/motocyclette/...
      ✅ 1 produits de https://www.motosthibault.ca/en/new/motorcycle/inv...
      ✅ 1 produits de https://www.motosthibault.ca/en/new/motorcycle/inv...
      ✅ 1 produits de https://www.motosthibault.ca/en/new/motorcycle/hon...
      ✅ 1 produits de https://www.motosthibault.ca/en/used/motorcycle/in...
      ✅ 1 produits de https://www.motosthibault.ca/en/new/motorcycle/inv...
      ✅ 1 produits de https://www.motosthibault.ca/en/new/atv/inventory/...
      ✅ 1 produits de https://www.motosthibault.ca/en/new/atv/yamaha/rap...
      ✅ 1 produits de https://www.motosthibault.ca/en/used/motorcycle/in...
      ✅ 1 produits de https://www.motosthibault.ca/fr/usage/motocyclette...
      ✅ 1 produits de https://www.motosthibault.ca/en/new/motorcycle/inv...
      ✅ 1 produits de https://www.motosthibault.ca/fr/neuf/equipement-me...
      ✅ 1 produits de https://www.mvmmotosport.com/fr/motocyclette/ktm-2...
      ✅ 1 produits de https://www.mvmmotosport.com/fr/produit-mecanique/...
      ✅ 1 produits de https://www.motosthibault.ca/en/used/motorcycle/in...
      ✅ 1 produits de https://www.mvmmotosport.com/fr/motocyclette/kawas...
      ✅ 1 produits de https://www.motosthibault.ca/en/new/power-equipmen...
      ✅ 1 produits de https://www.motosthibault.ca/en/new/motorcycle/inv...
      ✅ 1 produits de https://www.motosthibault.ca/fr/neuf/motocyclette/...
      ✅ 1 produits de https://www.motosthibault.ca/fr/usage/motocyclette...
      ✅ 1 produits de https://www.motosthibault.ca/en/new/motorcycle/inv...
      ✅ 1 produits de https://www.motosthibault.ca/fr/usage/motocyclette...
      ✅ 1 produits de https://www.motosthibault.ca/fr/neuf/motocyclette/...
      ✅ 1 produits de https://www.motosthibault.ca/en/used/motorcycle/in...
      ✅ 1 produits de https://www.motosthibault.ca/fr/neuf/motocyclette/...
      ✅ 1 produits de https://www.motosthibault.ca/en/new/atv/suzuki/kin...
      ✅ 1 produits de https://www.motosthibault.ca/en/new/power-equipmen...
      ✅ 1 produits de https://www.motosthibault.ca/en/new/motorcycle/inv...
      ✅ 1 produits de https://www.motosthibault.ca/en/new/motorcycle/inv...
      ✅ 1 produits de https://www.motosthibault.ca/en/new/side-by-side/i...
      ✅ 1 produits de https://www.motosthibault.ca/fr/neuf/motocyclette/...
      ✅ 1 produits de https://www.motosthibault.ca/en/new/atv/inventory/...
      ✅ 1 produits de https://www.motosthibault.ca/fr/neuf/vtt/inventair...
      ✅ 1 produits de https://www.motosthibault.ca/fr/usage/motocyclette...
      ✅ 1 produits de https://www.motosthibault.ca/fr/neuf/motocyclette/...
      ✅ 1 produits de https://www.motosthibault.ca/en/new/side-by-side/h...
      ✅ 1 produits de https://www.motosthibault.ca/en/new/motorcycle/ves...
      ✅ 1 produits de https://www.mvmmotosport.com/fr/motocyclette/kawas...
      ✅ 1 produits de https://www.mvmmotosport.com/fr/produit-mecanique/...
      ✅ 1 produits de https://www.motosthibault.ca/en/new/motorcycle/inv...
      ✅ 1 produits de https://www.motosthibault.ca/fr/neuf/equipement-me...
      ✅ 1 produits de https://www.motosthibault.ca/en/used/motorcycle/in...
      ✅ 1 produits de https://www.motosthibault.ca/fr/neuf/cote-a-cote/i...
      ✅ 1 produits de https://www.motosthibault.ca/en/new/atv/inventory/...
      ✅ 1 produits de https://www.motosthibault.ca/fr/neuf/motocyclette/...
      ✅ 1 produits de https://www.motosthibault.ca/fr/neuf/motocyclette/...
      ✅ 1 produits de https://www.motosthibault.ca/fr/neuf/motocyclette/...
      ✅ 1 produits de https://www.motosthibault.ca/fr/neuf/motocyclette/...
      ✅ 1 produits de https://www.motosthibault.ca/fr/neuf/motocyclette/...
      ✅ 1 produits de https://www.motosthibault.ca/fr/neuf/equipement-me...
      ✅ 1 produits de https://www.motosthibault.ca/en/new/motorcycle/inv...
      ✅ 1 produits de https://www.motosthibault.ca/en/new/motorcycle/suz...
      ✅ 1 produits de https://www.motosthibault.ca/en/new/atv/honda/rubi...
      ✅ 1 produits de https://www.motosthibault.ca/en/new/motorcycle/suz...
      ✅ 1 produits de https://www.motosthibault.ca/en/new/motorcycle/inv...
      ✅ 1 produits de https://www.mvmmotosport.com/fr/motocyclette/husqv...
      ✅ 1 produits de https://www.mvmmotosport.com/fr/vtt/cfmoto-cforce-...
      ✅ 1 produits de https://www.motosthibault.ca/fr/neuf/motocyclette/...
      ✅ 1 produits de https://www.mvmmotosport.com/fr/cote-a-cote/cfmoto...
      ✅ 1 produits de https://www.mvmmotosport.com/fr/cote-a-cote/cfmoto...
      ✅ 1 produits de https://www.motosthibault.ca/fr/neuf/cote-a-cote/i...
      ✅ 1 produits de https://www.mvmmotosport.com/fr/motocyclette/kawas...
      ✅ 1 produits de https://www.motosthibault.ca/en/used/motorcycle/in...
      ✅ 1 produits de https://www.motosthibault.ca/fr/neuf/motocyclette/...
      ✅ 1 produits de https://www.motosthibault.ca/en/new/motorcycle/inv...
      ✅ 1 produits de https://www.motosthibault.ca/en/new/power-equipmen...
      ✅ 1 produits de https://www.motosthibault.ca/en/new/motorcycle/inv...
      ✅ 1 produits de https://www.motosthibault.ca/en/used/motorcycle/in...
      ✅ 1 produits de https://www.motosthibault.ca/fr/neuf/motocyclette/...
      ✅ 1 produits de https://www.motosthibault.ca/en/new/motorcycle/hon...
      ✅ 1 produits de https://www.motosthibault.ca/fr/neuf/motocyclette/...
      ✅ 1 produits de https://www.motosthibault.ca/fr/neuf/vtt/inventair...
      ✅ 1 produits de https://www.motosthibault.ca/en/new/power-equipmen...
      ✅ 1 produits de https://www.motosthibault.ca/fr/neuf/equipement-me...
      ✅ 1 produits de https://www.motosthibault.ca/fr/neuf/motocyclette/...
      ✅ 1 produits de https://www.motosthibault.ca/fr/neuf/equipement-me...
      ✅ 1 produits de https://www.mvmmotosport.com/fr/produit-mecanique/...
      ✅ 1 produits de https://www.motosthibault.ca/en/new/motorcycle/inv...
      ✅ 1 produits de https://www.motosthibault.ca/en/new/motorcycle/inv...
      ✅ 1 produits de https://www.motosthibault.ca/fr/neuf/motocyclette/...
      ✅ 1 produits de https://www.motosthibault.ca/en/new/motorcycle/inv...
      ✅ 1 produits de https://www.mvmmotosport.com/fr/motocyclette/kawas...
      ✅ 1 produits de https://www.mvmmotosport.com/fr/produit-mecanique/...
      ✅ 1 produits de https://www.mvmmotosport.com/fr/motocyclette/trium...
      ✅ 1 produits de https://www.motosthibault.ca/fr/usage/motocyclette...
      ✅ 1 produits de https://www.motosthibault.ca/fr/neuf/vtt/inventair...
      ✅ 1 produits de https://www.motosthibault.ca/fr/usage/motocyclette...
      ✅ 1 produits de https://www.motosthibault.ca/en/used/motorcycle/in...
      ✅ 1 produits de https://www.motosthibault.ca/fr/neuf/vtt/inventair...
      ✅ 1 produits de https://www.motosthibault.ca/en/used/side-by-side/...
      ✅ 1 produits de https://www.motosthibault.ca/fr/neuf/motocyclette/...
      ✅ 1 produits de https://www.motosthibault.ca/en/new/power-equipmen...
      ✅ 1 produits de https://www.motosthibault.ca/fr/neuf/motocyclette/...
      ✅ 1 produits de https://www.motosthibault.ca/en/new/motorcycle/inv...
      ✅ 1 produits de https://www.mvmmotosport.com/fr/cote-a-cote/cfmoto...
      ✅ 1 produits de https://www.motosthibault.ca/fr/neuf/motocyclette/...
      ✅ 1 produits de https://www.motosthibault.ca/en/used/motorcycle/in...
      ✅ 1 produits de https://www.motosthibault.ca/fr/neuf/vtt/inventair...
      ✅ 1 produits de https://www.motosthibault.ca/fr/neuf/motocyclette/...
      ✅ 1 produits de https://www.motosthibault.ca/en/used/motorcycle/in...
      ✅ 1 produits de https://www.motosthibault.ca/en/new/power-equipmen...
      ✅ 1 produits de https://www.motosthibault.ca/en/new/power-equipmen...
      ✅ 1 produits de https://www.motosthibault.ca/en/new/power-equipmen...
      ✅ 1 produits de https://www.motosthibault.ca/en/new/motorcycle/inv...
      ✅ 1 produits de https://www.mvmmotosport.com/fr/motocyclette/husqv...
      ✅ 1 produits de https://www.motosthibault.ca/en/new/motorcycle/inv...
      ✅ 1 produits de https://www.motosthibault.ca/en/new/power-equipmen...
      ✅ 1 produits de https://www.mvmmotosport.com/fr/motocyclette/ktm-4...
      ✅ 1 produits de https://www.motosthibault.ca/fr/neuf/equipement-me...
      ✅ 1 produits de https://www.motosthibault.ca/en/used/motorcycle/in...
      ✅ 1 produits de https://www.motosthibault.ca/en/new/atv/inventory/...
      ✅ 1 produits de https://www.motosthibault.ca/en/new/motorcycle/inv...
      ✅ 1 produits de https://www.motosthibault.ca/fr/neuf/motocyclette/...
      ✅ 1 produits de https://www.motosthibault.ca/en/new/power-equipmen...
      ✅ 1 produits de https://www.motosthibault.ca/en/new/motorcycle/inv...
      ✅ 1 produits de https://www.motosthibault.ca/fr/usage/motocyclette...
      ✅ 1 produits de https://www.motosthibault.ca/fr/neuf/motocyclette/...
      ✅ 1 produits de https://www.motosthibault.ca/en/new/atv/inventory/...
      ✅ 1 produits de https://www.mvmmotosport.com/fr/motocyclette/husqv...
      ✅ 1 produits de https://www.motosthibault.ca/en/new/motorcycle/inv...
      ✅ 1 produits de https://www.motosthibault.ca/en/new/side-by-side/i...
      ✅ 1 produits de https://www.motosthibault.ca/fr/neuf/motocyclette/...
      ✅ 1 produits de https://www.motosthibault.ca/fr/neuf/motocyclette/...
      ✅ 1 produits de https://www.motosthibault.ca/fr/neuf/equipement-me...
      ✅ 1 produits de https://www.motosthibault.ca/en/new/motorcycle/inv...
      ✅ 1 produits de https://www.mvmmotosport.com/fr/motocyclette/kawas...
      ✅ 1 produits de https://www.motosthibault.ca/fr/usage/motocyclette...
      ✅ 1 produits de https://www.motosthibault.ca/en/new/atv/inventory/...
      ✅ 1 produits de https://www.motosthibault.ca/en/new/side-by-side/i...
      ✅ 1 produits de https://www.mvmmotosport.com/fr/motocyclette/trium...
      ✅ 1 produits de https://www.motosthibault.ca/en/used/motorcycle/in...
      ✅ 1 produits de https://www.mvmmotosport.com/fr/motocyclette/kawas...
      ✅ 1 produits de https://www.motosthibault.ca/fr/neuf/motocyclette/...
      ✅ 1 produits de https://www.motosthibault.ca/fr/neuf/motocyclette/...
      ✅ 1 produits de https://www.motosthibault.ca/en/new/power-equipmen...
      ✅ 1 produits de https://www.motosthibault.ca/fr/neuf/equipement-me...
      ✅ 1 produits de https://www.motosthibault.ca/fr/neuf/motocyclette/...
      ✅ 1 produits de https://www.motosthibault.ca/en/used/motorcycle/in...
      ✅ 1 produits de https://www.motosthibault.ca/en/new/motorcycle/inv...
      ✅ 1 produits de https://www.motosthibault.ca/en/new/motorcycle/inv...
      ✅ 1 produits de https://www.mvmmotosport.com/fr/motocyclette/kawas...
      ✅ 1 produits de https://www.motosthibault.ca/en/new/side-by-side/i...
      ✅ 1 produits de https://www.motosthibault.ca/en/new/motorcycle/inv...
      ✅ 1 produits de https://www.motosthibault.ca/fr/neuf/motocyclette/...
      ✅ 1 produits de https://www.motosthibault.ca/en/new/power-equipmen...
      ✅ 1 produits de https://www.motosthibault.ca/fr/usage/motocyclette...
      ✅ 1 produits de https://www.motosthibault.ca/fr/neuf/equipement-me...
      ✅ 1 produits de https://www.mvmmotosport.com/fr/cote-a-cote/cfmoto...
      ✅ 1 produits de https://www.motosthibault.ca/fr/neuf/equipement-me...
      ✅ 1 produits de https://www.motosthibault.ca/en/new/motorcycle/inv...
      ✅ 1 produits de https://www.motosthibault.ca/fr/neuf/cote-a-cote/i...
      ✅ 1 produits de https://www.motosthibault.ca/en/new/atv/inventory/...
      ✅ 1 produits de https://www.motosthibault.ca/en/new/motorcycle/inv...
      ✅ 1 produits de https://www.motosthibault.ca/fr/neuf/motocyclette/...
      ✅ 1 produits de https://www.motosthibault.ca/fr/neuf/motocyclette/...
      ✅ 1 produits de https://www.motosthibault.ca/en/new/power-equipmen...
      ✅ 1 produits de https://www.motosthibault.ca/en/new/motorcycle/inv...
      ✅ 1 produits de https://www.motosthibault.ca/en/new/motorcycle/inv...
      ✅ 1 produits de https://www.mvmmotosport.com/fr/motocyclette/ktm-5...
      ✅ 1 produits de https://www.motosthibault.ca/fr/neuf/motocyclette/...
      ✅ 1 produits de https://www.mvmmotosport.com/fr/cote-a-cote/cfmoto...
      ✅ 1 produits de https://www.motosthibault.ca/en/new/atv/inventory/...

✅ 308 produits extraits
      ✅ 1 produits de https://www.mvmmotosport.com/fr/motocyclette/kawas...
      ✅ 1 produits de https://www.mvmmotosport.com/fr/motocyclette/husqv...
      ✅ 1 produits de https://www.mvmmotosport.com/fr/motocyclette/trium...

======================================================================
✅ SCRAPING TERMINÉ!
======================================================================
📦 Produits extraits: 308
⏱️  Temps total: 23.4s
📊 Cache: hit
   ✅ https://www.motosthibault.ca/en...: 308 produits
      ✅ 1 produits de https://www.mvmmotosport.com/fr/vtt/cfmoto-cforce-...
      ✅ 1 produits de https://www.mvmmotosport.com/fr/motocyclette/kawas...
      ✅ 1 produits de https://www.mvmmotosport.com/fr/motocyclette/kawas...
      ✅ 1 produits de https://www.mvmmotosport.com/fr/motocyclette/cfmot...
      ✅ 1 produits de https://www.mvmmotosport.com/fr/vtt/cfmoto-cforce-...
      ✅ 1 produits de https://www.mvmmotosport.com/fr/produit-mecanique/...
      ✅ 1 produits de https://www.mvmmotosport.com/fr/motocyclette/kawas...
      ✅ 1 produits de https://www.mvmmotosport.com/fr/vtt/cfmoto-cforce-...
      ✅ 1 produits de https://www.mvmmotosport.com/fr/cote-a-cote/cfmoto...
      ✅ 1 produits de https://www.mvmmotosport.com/fr/motocyclette/kawas...
      ✅ 1 produits de https://www.mvmmotosport.com/fr/motocyclette/husqv...
      ✅ 1 produits de https://www.mvmmotosport.com/fr/motocyclette/kawas...
      ✅ 1 produits de https://www.mvmmotosport.com/fr/motocyclette/trium...
      ✅ 1 produits de https://www.mvmmotosport.com/fr/motocyclette/husqv...
      ✅ 1 produits de https://www.mvmmotosport.com/fr/produit-mecanique/...
      ✅ 1 produits de https://www.mvmmotosport.com/fr/motocyclette/husqv...
      ✅ 1 produits de https://www.mvmmotosport.com/fr/cote-a-cote/cfmoto...
      ✅ 1 produits de https://www.mvmmotosport.com/fr/motomarine/kawasak...
      ✅ 1 produits de https://www.mvmmotosport.com/fr/motocyclette/kawas...
      ✅ 1 produits de https://www.mvmmotosport.com/fr/motocyclette/trium...
      ✅ 1 produits de https://www.mvmmotosport.com/fr/inventaire/motocyc...
      ✅ 1 produits de https://www.mvmmotosport.com/fr/vtt/cfmoto-cforce-...
      ✅ 1 produits de https://www.mvmmotosport.com/fr/cote-a-cote/kawasa...
      ✅ 1 produits de https://www.mvmmotosport.com/fr/motocyclette/husqv...
      ✅ 1 produits de https://www.mvmmotosport.com/fr/produit-mecanique/...
      ✅ 1 produits de https://www.mvmmotosport.com/fr/motocyclette/kawas...
      ✅ 1 produits de https://www.mvmmotosport.com/fr/motocyclette/kawas...
      ✅ 1 produits de https://www.mvmmotosport.com/fr/motocyclette/trium...
      ✅ 1 produits de https://www.mvmmotosport.com/fr/cote-a-cote/kawasa...
      ✅ 1 produits de https://www.mvmmotosport.com/fr/motocyclette/cfmot...
      ✅ 1 produits de https://www.mvmmotosport.com/fr/motocyclette/kawas...
      ✅ 1 produits de https://www.mvmmotosport.com/fr/motocyclette/cfmot...
      ✅ 1 produits de https://www.mvmmotosport.com/fr/produit-mecanique/...
      ✅ 1 produits de https://www.mvmmotosport.com/fr/vtt/kawasaki-brute...
      ✅ 1 produits de https://www.mvmmotosport.com/fr/motocyclette/husqv...
      ✅ 1 produits de https://www.mvmmotosport.com/fr/motocyclette/kawas...
      ✅ 1 produits de https://www.mvmmotosport.com/fr/motocyclette/kawas...
      ✅ 1 produits de https://www.mvmmotosport.com/fr/motocyclette/kawas...
      ✅ 1 produits de https://www.mvmmotosport.com/fr/motocyclette/kawas...
      ✅ 1 produits de https://www.mvmmotosport.com/fr/motocyclette/ktm-2...
      ✅ 1 produits de https://www.mvmmotosport.com/fr/motocyclette/kawas...
      ✅ 1 produits de https://www.mvmmotosport.com/fr/cote-a-cote/kawasa...
      ✅ 1 produits de https://www.mvmmotosport.com/fr/motocyclette/kawas...
      ✅ 1 produits de https://www.mvmmotosport.com/fr/motocyclette/kawas...
      ✅ 1 produits de https://www.mvmmotosport.com/fr/motocyclette/husqv...
      ✅ 1 produits de https://www.mvmmotosport.com/fr/motocyclette/ktm-4...
      ✅ 1 produits de https://www.mvmmotosport.com/fr/motocyclette/kawas...
      ✅ 1 produits de https://www.mvmmotosport.com/fr/motocyclette/trium...
      ✅ 1 produits de https://www.mvmmotosport.com/fr/inventaire/motocyc...
      ✅ 1 produits de https://www.mvmmotosport.com/fr/motocyclette/cfmot...
      ✅ 1 produits de https://www.mvmmotosport.com/fr/cote-a-cote/kawasa...
      ✅ 1 produits de https://www.mvmmotosport.com/fr/motocyclette/kawas...
      ✅ 1 produits de https://www.mvmmotosport.com/fr/motocyclette/kawas...
      ✅ 1 produits de https://www.mvmmotosport.com/fr/motocyclette/kawas...
      ✅ 1 produits de https://www.mvmmotosport.com/fr/motocyclette/ktm-1...
      ✅ 1 produits de https://www.mvmmotosport.com/fr/motocyclette/kawas...
      ✅ 1 produits de https://www.mvmmotosport.com/fr/motocyclette/husqv...
      ✅ 1 produits de https://www.mvmmotosport.com/fr/motocyclette/husqv...
      ✅ 1 produits de https://www.mvmmotosport.com/fr/motocyclette/kawas...
      ✅ 1 produits de https://www.mvmmotosport.com/fr/motocyclette/kawas...
      ✅ 1 produits de https://www.mvmmotosport.com/fr/produit-mecanique/...
      ✅ 1 produits de https://www.mvmmotosport.com/fr/motocyclette/kawas...
      ✅ 1 produits de https://www.mvmmotosport.com/fr/motocyclette/kawas...
      ✅ 1 produits de https://www.mvmmotosport.com/fr/motocyclette/trium...
      ✅ 1 produits de https://www.mvmmotosport.com/fr/motocyclette/trium...
      ✅ 1 produits de https://www.mvmmotosport.com/fr/motocyclette/kawas...
      ✅ 1 produits de https://www.mvmmotosport.com/fr/motocyclette/husqv...
      ✅ 1 produits de https://www.mvmmotosport.com/fr/vtt/kawasaki-brute...
      ✅ 1 produits de https://www.mvmmotosport.com/fr/motocyclette/husqv...
      ✅ 1 produits de https://www.mvmmotosport.com/fr/motocyclette/trium...
      ✅ 1 produits de https://www.mvmmotosport.com/fr/motocyclette/kawas...
      ✅ 1 produits de https://www.mvmmotosport.com/fr/motocyclette/kawas...
      ✅ 1 produits de https://www.mvmmotosport.com/fr/cote-a-cote/kawasa...
      ✅ 1 produits de https://www.mvmmotosport.com/fr/motocyclette/cfmot...
      ✅ 1 produits de https://www.mvmmotosport.com/fr/motocyclette/kawas...
      ✅ 1 produits de https://www.mvmmotosport.com/fr/cote-a-cote/kawasa...
      ✅ 1 produits de https://www.mvmmotosport.com/fr/motocyclette/cfmot...
      ✅ 1 produits de https://www.mvmmotosport.com/fr/motocyclette/trium...
      ✅ 1 produits de https://www.mvmmotosport.com/fr/motocyclette/cfmot...
      ✅ 1 produits de https://www.mvmmotosport.com/fr/motocyclette/trium...
      ✅ 1 produits de https://www.mvmmotosport.com/fr/motocyclette/cfmot...
      ✅ 1 produits de https://www.mvmmotosport.com/fr/produit-mecanique/...
      ✅ 1 produits de https://www.mvmmotosport.com/fr/motocyclette/ktm-5...
      ✅ 1 produits de https://www.mvmmotosport.com/fr/cote-a-cote/kawasa...
      ✅ 1 produits de https://www.mvmmotosport.com/fr/cote-a-cote/cfmoto...
      ✅ 1 produits de https://www.mvmmotosport.com/fr/produit-mecanique/...
      ✅ 1 produits de https://www.mvmmotosport.com/fr/motocyclette/ktm-2...
      ✅ 1 produits de https://www.mvmmotosport.com/fr/motocyclette/kawas...
      ✅ 1 produits de https://www.mvmmotosport.com/fr/vtt/cfmoto-cforce-...
      ✅ 1 produits de https://www.mvmmotosport.com/fr/motocyclette/ktm-4...
      ✅ 1 produits de https://www.mvmmotosport.com/fr/motocyclette/kawas...
      ✅ 1 produits de https://www.mvmmotosport.com/fr/motocyclette/husqv...
      ✅ 1 produits de https://www.mvmmotosport.com/fr/vtt/cfmoto-cforce-...
      ✅ 1 produits de https://www.mvmmotosport.com/fr/motocyclette/husqv...
      ✅ 1 produits de https://www.mvmmotosport.com/fr/vtt/cfmoto-cforce-...
      ✅ 1 produits de https://www.mvmmotosport.com/fr/cote-a-cote/cfmoto...
      ✅ 1 produits de https://www.mvmmotosport.com/fr/motocyclette/kawas...
      ✅ 1 produits de https://www.mvmmotosport.com/fr/motocyclette/kawas...
      ✅ 1 produits de https://www.mvmmotosport.com/fr/motocyclette/kawas...
      ✅ 1 produits de https://www.mvmmotosport.com/fr/produit-mecanique/...
      ✅ 1 produits de https://www.mvmmotosport.com/fr/motocyclette/kawas...
      ✅ 1 produits de https://www.mvmmotosport.com/fr/motocyclette/trium...
      ✅ 1 produits de https://www.mvmmotosport.com/fr/motocyclette/husqv...
      ✅ 1 produits de https://www.mvmmotosport.com/fr/produit-mecanique/...
      ✅ 1 produits de https://www.mvmmotosport.com/fr/motocyclette/husqv...
      ✅ 1 produits de https://www.mvmmotosport.com/fr/cote-a-cote/kawasa...
      ✅ 1 produits de https://www.mvmmotosport.com/fr/motocyclette/kawas...
      ✅ 1 produits de https://www.mvmmotosport.com/fr/produit-mecanique/...
      ✅ 1 produits de https://www.mvmmotosport.com/fr/velo-electrique/kt...
      ✅ 1 produits de https://www.mvmmotosport.com/fr/cote-a-cote/kawasa...
      ✅ 1 produits de https://www.mvmmotosport.com/fr/vtt/kawasaki-kfx50...
      ✅ 1 produits de https://www.mvmmotosport.com/fr/motocyclette/kawas...
      ✅ 1 produits de https://www.mvmmotosport.com/fr/motocyclette/trium...
      ✅ 1 produits de https://www.mvmmotosport.com/fr/motocyclette/kawas...
      ✅ 1 produits de https://www.mvmmotosport.com/fr/motocyclette/kawas...
      ✅ 1 produits de https://www.mvmmotosport.com/fr/motocyclette/cfmot...
      ✅ 1 produits de https://www.mvmmotosport.com/fr/cote-a-cote/kawasa...
      ✅ 1 produits de https://www.mvmmotosport.com/fr/motocyclette/husqv...
      ✅ 1 produits de https://www.mvmmotosport.com/fr/produit-mecanique/...
      ✅ 1 produits de https://www.mvmmotosport.com/fr/velo-electrique/kt...
      ✅ 1 produits de https://www.mvmmotosport.com/fr/motocyclette/trium...
      ✅ 1 produits de https://www.mvmmotosport.com/fr/motocyclette/cfmot...
      ✅ 1 produits de https://www.mvmmotosport.com/fr/motocyclette/husqv...
      ✅ 1 produits de https://www.mvmmotosport.com/fr/motocyclette/trium...
      ✅ 1 produits de https://www.mvmmotosport.com/fr/motocyclette/trium...
      ✅ 1 produits de https://www.mvmmotosport.com/fr/motocyclette/cfmot...
      ✅ 1 produits de https://www.mvmmotosport.com/fr/motocyclette/husqv...
      ✅ 1 produits de https://www.mvmmotosport.com/fr/inventaire/motocyc...
      ✅ 1 produits de https://www.mvmmotosport.com/fr/motocyclette/trium...
      ✅ 1 produits de https://www.mvmmotosport.com/fr/cote-a-cote/kawasa...
      ✅ 1 produits de https://www.mvmmotosport.com/fr/vtt/cfmoto-cforce-...
      ✅ 1 produits de https://www.mvmmotosport.com/fr/motocyclette/husqv...
      ✅ 1 produits de https://www.mvmmotosport.com/fr/motocyclette/kawas...
      ✅ 1 produits de https://www.mvmmotosport.com/fr/motocyclette/kawas...
      ✅ 1 produits de https://www.mvmmotosport.com/fr/produit-mecanique/...
      ✅ 1 produits de https://www.mvmmotosport.com/fr/motocyclette/cfmot...
      ✅ 1 produits de https://www.mvmmotosport.com/fr/motocyclette/husqv...
      ✅ 1 produits de https://www.mvmmotosport.com/fr/motocyclette/kawas...
      ✅ 1 produits de https://www.mvmmotosport.com/fr/vtt/cfmoto-cforce-...
      ✅ 1 produits de https://www.mvmmotosport.com/fr/motocyclette/kawas...
      ✅ 1 produits de https://www.mvmmotosport.com/fr/motocyclette/kawas...
      ✅ 1 produits de https://www.mvmmotosport.com/fr/motocyclette/trium...
      ✅ 1 produits de https://www.mvmmotosport.com/fr/motocyclette/ktm-4...
      ✅ 1 produits de https://www.mvmmotosport.com/fr/motocyclette/kawas...
      ✅ 1 produits de https://www.mvmmotosport.com/fr/cote-a-cote/cfmoto...
      ✅ 1 produits de https://www.mvmmotosport.com/fr/motocyclette/kawas...
      ✅ 1 produits de https://www.mvmmotosport.com/fr/motocyclette/kawas...
      ✅ 1 produits de https://www.mvmmotosport.com/fr/motocyclette/trium...
      ✅ 1 produits de https://www.mvmmotosport.com/fr/cote-a-cote/cfmoto...
      ✅ 1 produits de https://www.mvmmotosport.com/fr/motocyclette/kawas...
      ✅ 1 produits de https://www.mvmmotosport.com/fr/motocyclette/ktm-3...
      ✅ 1 produits de https://www.mvmmotosport.com/fr/motocyclette/cfmot...
      ✅ 1 produits de https://www.mvmmotosport.com/fr/motocyclette/ktm-2...
      ✅ 1 produits de https://www.mvmmotosport.com/fr/motocyclette/kawas...
      ✅ 1 produits de https://www.mvmmotosport.com/fr/cote-a-cote/kawasa...
      ✅ 1 produits de https://www.mvmmotosport.com/fr/motocyclette/trium...
      ✅ 1 produits de https://www.mvmmotosport.com/fr/motocyclette/kawas...
      ✅ 1 produits de https://www.mvmmotosport.com/fr/motocyclette/kawas...
      ✅ 1 produits de https://www.mvmmotosport.com/fr/motocyclette/trium...
      ✅ 1 produits de https://www.mvmmotosport.com/fr/cote-a-cote/kawasa...
      ✅ 1 produits de https://www.mvmmotosport.com/fr/motocyclette/kawas...
      ✅ 1 produits de https://www.mvmmotosport.com/fr/motocyclette/trium...
      ✅ 1 produits de https://www.mvmmotosport.com/fr/produit-mecanique/...
      ✅ 1 produits de https://www.mvmmotosport.com/fr/vtt/cfmoto-cforce-...
      ✅ 1 produits de https://www.mvmmotosport.com/fr/cote-a-cote/cfmoto...
      ✅ 1 produits de https://www.mvmmotosport.com/fr/motocyclette/ktm-5...
      ✅ 1 produits de https://www.mvmmotosport.com/fr/vtt/kawasaki-brute...
      ✅ 1 produits de https://www.mvmmotosport.com/fr/motocyclette/kawas...
      ✅ 1 produits de https://www.mvmmotosport.com/fr/motocyclette/ktm-3...
      ✅ 1 produits de https://www.mvmmotosport.com/fr/motocyclette/husqv...
      ✅ 1 produits de https://www.mvmmotosport.com/fr/vtt/cfmoto-cforce-...
      ✅ 1 produits de https://www.mvmmotosport.com/fr/motocyclette/ktm-7...
      ✅ 1 produits de https://www.mvmmotosport.com/fr/motocyclette/trium...
      ✅ 1 produits de https://www.mvmmotosport.com/fr/cote-a-cote/kawasa...
      ✅ 1 produits de https://www.mvmmotosport.com/fr/motocyclette/kawas...
      ✅ 1 produits de https://www.mvmmotosport.com/fr/motocyclette/trium...
      ✅ 1 produits de https://www.mvmmotosport.com/fr/cote-a-cote/kawasa...
      ✅ 1 produits de https://www.mvmmotosport.com/fr/motocyclette/kawas...
      ✅ 1 produits de https://www.mvmmotosport.com/fr/motocyclette/husqv...
      ✅ 1 produits de https://www.mvmmotosport.com/fr/vtt/kawasaki-brute...
      ✅ 1 produits de https://www.mvmmotosport.com/fr/motocyclette/trium...
      ✅ 1 produits de https://www.mvmmotosport.com/fr/motocyclette/cfmot...
      ✅ 1 produits de https://www.mvmmotosport.com/fr/cote-a-cote/kawasa...
      ✅ 1 produits de https://www.mvmmotosport.com/fr/vtt/kawasaki-kfx90...
      ✅ 1 produits de https://www.mvmmotosport.com/fr/motocyclette/cfmot...
      ✅ 1 produits de https://www.mvmmotosport.com/fr/motocyclette/kawas...
      ✅ 1 produits de https://www.mvmmotosport.com/fr/motocyclette/kawas...
      ✅ 1 produits de https://www.mvmmotosport.com/fr/motocyclette/cfmot...
      ✅ 1 produits de https://www.mvmmotosport.com/fr/motocyclette/kawas...
      ✅ 1 produits de https://www.mvmmotosport.com/fr/cote-a-cote/cfmoto...
      ✅ 1 produits de https://www.mvmmotosport.com/fr/motocyclette/husqv...
      ✅ 1 produits de https://www.mvmmotosport.com/fr/motocyclette/cfmot...
      ✅ 1 produits de https://www.mvmmotosport.com/fr/motocyclette/ktm-s...
      ✅ 1 produits de https://www.mvmmotosport.com/fr/motocyclette/ktm-3...
      ✅ 1 produits de https://www.mvmmotosport.com/fr/motocyclette/kawas...
      ✅ 1 produits de https://www.mvmmotosport.com/fr/motocyclette/ktm-s...
      ✅ 1 produits de https://www.mvmmotosport.com/fr/motocyclette/kawas...
      ✅ 1 produits de https://www.mvmmotosport.com/fr/motocyclette/kawas...
      ✅ 1 produits de https://www.mvmmotosport.com/fr/cote-a-cote/cfmoto...
      ✅ 1 produits de https://www.mvmmotosport.com/fr/motocyclette/kawas...
      ✅ 1 produits de https://www.mvmmotosport.com/fr/motocyclette/kawas...
      ✅ 1 produits de https://www.mvmmotosport.com/fr/produit-mecanique/...
      ✅ 1 produits de https://www.mvmmotosport.com/fr/cote-a-cote/kawasa...
      ✅ 1 produits de https://www.mvmmotosport.com/fr/motocyclette/kawas...
      ✅ 1 produits de https://www.mvmmotosport.com/fr/vtt/cfmoto-cforce-...
      ✅ 1 produits de https://www.mvmmotosport.com/fr/cote-a-cote/kawasa...
      ✅ 1 produits de https://www.mvmmotosport.com/fr/produit-mecanique/...
      ✅ 1 produits de https://www.mvmmotosport.com/fr/motocyclette/cfmot...
      ✅ 1 produits de https://www.mvmmotosport.com/fr/motocyclette/ktm-1...
      ✅ 1 produits de https://www.mvmmotosport.com/fr/motocyclette/kawas...
      ✅ 1 produits de https://www.mvmmotosport.com/fr/produit-mecanique/...
      ✅ 1 produits de https://www.mvmmotosport.com/fr/motocyclette/kawas...
      ✅ 1 produits de https://www.mvmmotosport.com/fr/motocyclette/cfmot...
      ✅ 1 produits de https://www.mvmmotosport.com/fr/vtt/cfmoto-cforce-...
      ✅ 1 produits de https://www.mvmmotosport.com/fr/cote-a-cote/kawasa...
      ✅ 1 produits de https://www.mvmmotosport.com/fr/motocyclette/kawas...
      ✅ 1 produits de https://www.mvmmotosport.com/fr/motocyclette/trium...
      ✅ 1 produits de https://www.mvmmotosport.com/fr/vtt/cfmoto-cforce-...
      ✅ 1 produits de https://www.mvmmotosport.com/fr/cote-a-cote/cfmoto...
      ✅ 1 produits de https://www.mvmmotosport.com/fr/motocyclette/ktm-4...
      ✅ 1 produits de https://www.mvmmotosport.com/fr/produit-mecanique/...
      ✅ 1 produits de https://www.mvmmotosport.com/fr/motocyclette/ktm-s...
      ✅ 1 produits de https://www.mvmmotosport.com/fr/cote-a-cote/cfmoto...
      ✅ 1 produits de https://www.mvmmotosport.com/fr/motocyclette/kawas...
      ✅ 1 produits de https://www.mvmmotosport.com/fr/produit-mecanique/...
      ✅ 1 produits de https://www.mvmmotosport.com/fr/motocyclette/kawas...
      ✅ 1 produits de https://www.mvmmotosport.com/fr/motocyclette/husqv...
      ✅ 1 produits de https://www.mvmmotosport.com/fr/cote-a-cote/kawasa...
      ✅ 1 produits de https://www.mvmmotosport.com/fr/vtt/cfmoto-cforce-...
      ✅ 1 produits de https://www.mvmmotosport.com/fr/motocyclette/husqv...
      ✅ 1 produits de https://www.mvmmotosport.com/fr/motocyclette/ktm-1...
      ✅ 1 produits de https://www.mvmmotosport.com/fr/motocyclette/cfmot...
      ✅ 1 produits de https://www.mvmmotosport.com/fr/motocyclette/cfmot...
      ✅ 1 produits de https://www.mvmmotosport.com/fr/motomarine/kawasak...
      ✅ 1 produits de https://www.mvmmotosport.com/fr/cote-a-cote/kawasa...
      ✅ 1 produits de https://www.mvmmotosport.com/fr/motocyclette/trium...
      ✅ 1 produits de https://www.mvmmotosport.com/fr/motocyclette/kawas...
      ✅ 1 produits de https://www.mvmmotosport.com/fr/motocyclette/kawas...
      ✅ 1 produits de https://www.mvmmotosport.com/fr/produit-mecanique/...
      ✅ 1 produits de https://www.mvmmotosport.com/fr/vtt/kawasaki-brute...
      ✅ 1 produits de https://www.mvmmotosport.com/fr/cote-a-cote/kawasa...
      ✅ 1 produits de https://www.mvmmotosport.com/fr/motocyclette/ktm-4...
      ✅ 1 produits de https://www.mvmmotosport.com/fr/motocyclette/ktm-1...
      ✅ 1 produits de https://www.mvmmotosport.com/fr/motocyclette/kawas...
      ✅ 1 produits de https://www.mvmmotosport.com/fr/motocyclette/kawas...
      ✅ 1 produits de https://www.mvmmotosport.com/fr/motocyclette/ktm-4...
      ✅ 1 produits de https://www.mvmmotosport.com/fr/motocyclette/ktm-6...
      ✅ 1 produits de https://www.mvmmotosport.com/fr/vtt/kawasaki-brute...
      ✅ 1 produits de https://www.mvmmotosport.com/fr/motocyclette/kawas...
      ✅ 1 produits de https://www.mvmmotosport.com/fr/motocyclette/kawas...
      ✅ 1 produits de https://www.mvmmotosport.com/fr/cote-a-cote/kawasa...
      ✅ 1 produits de https://www.mvmmotosport.com/fr/motocyclette/trium...
      ✅ 1 produits de https://www.mvmmotosport.com/fr/cote-a-cote/cfmoto...
      ✅ 1 produits de https://www.mvmmotosport.com/fr/inventaire/vtt-cfm...
      ✅ 1 produits de https://www.mvmmotosport.com/fr/cote-a-cote/kawasa...
      ✅ 1 produits de https://www.mvmmotosport.com/fr/motocyclette/cfmot...
      ✅ 1 produits de https://www.mvmmotosport.com/fr/produit-mecanique/...
      ✅ 1 produits de https://www.mvmmotosport.com/fr/motocyclette/trium...
      ✅ 1 produits de https://www.mvmmotosport.com/fr/produit-mecanique/...
      ✅ 1 produits de https://www.mvmmotosport.com/fr/motocyclette/trium...
      ✅ 1 produits de https://www.mvmmotosport.com/fr/motocyclette/kawas...
      ✅ 1 produits de https://www.mvmmotosport.com/fr/motocyclette/ktm-5...
      ✅ 1 produits de https://www.mvmmotosport.com/fr/motocyclette/kawas...
      ✅ 1 produits de https://www.mvmmotosport.com/fr/motocyclette/ktm-8...
      ✅ 1 produits de https://www.mvmmotosport.com/fr/motocyclette/husqv...
      ✅ 1 produits de https://www.mvmmotosport.com/fr/motocyclette/trium...
      ✅ 1 produits de https://www.mvmmotosport.com/fr/produit-mecanique/...
      ✅ 1 produits de https://www.mvmmotosport.com/fr/vtt/kawasaki-kfx90...
      ✅ 1 produits de https://www.mvmmotosport.com/fr/motocyclette/husqv...
      ✅ 1 produits de https://www.mvmmotosport.com/fr/motocyclette/ktm-7...
      ✅ 1 produits de https://www.mvmmotosport.com/fr/motocyclette/ktm-6...
      ✅ 1 produits de https://www.mvmmotosport.com/fr/vtt/cfmoto-cforce-...
      ✅ 1 produits de https://www.mvmmotosport.com/fr/produit-mecanique/...
      ✅ 1 produits de https://www.mvmmotosport.com/fr/motocyclette/kawas...
      ✅ 1 produits de https://www.mvmmotosport.com/fr/motocyclette/kawas...
      ✅ 1 produits de https://www.mvmmotosport.com/fr/motocyclette/ktm-1...
      ✅ 1 produits de https://www.mvmmotosport.com/fr/motocyclette/ktm-9...
      ✅ 1 produits de https://www.mvmmotosport.com/fr/motocyclette/husqv...
      ✅ 1 produits de https://www.mvmmotosport.com/fr/motocyclette/trium...
      ✅ 1 produits de https://www.mvmmotosport.com/fr/motocyclette/trium...
      ✅ 1 produits de https://www.mvmmotosport.com/fr/motocyclette/kawas...
      ✅ 1 produits de https://www.mvmmotosport.com/fr/vtt/cfmoto-cforce-...
      ✅ 1 produits de https://www.mvmmotosport.com/fr/vtt/cfmoto-cforce-...
      ✅ 1 produits de https://www.mvmmotosport.com/fr/motocyclette/kawas...
      ✅ 1 produits de https://www.mvmmotosport.com/fr/produit-mecanique/...
      ✅ 1 produits de https://www.mvmmotosport.com/fr/vtt/cfmoto-cforce-...
      ✅ 1 produits de https://www.mvmmotosport.com/fr/motocyclette/kawas...
      ✅ 1 produits de https://www.mvmmotosport.com/fr/motocyclette/ktm-4...
      ✅ 1 produits de https://www.mvmmotosport.com/fr/produit-mecanique/...
      ✅ 1 produits de https://www.mvmmotosport.com/fr/motocyclette/kawas...
      ✅ 1 produits de https://www.mvmmotosport.com/fr/cote-a-cote/cfmoto...
      ✅ 1 produits de https://www.mvmmotosport.com/fr/vtt/kawasaki-kfx50...
      ✅ 1 produits de https://www.mvmmotosport.com/fr/motoneige/widescap...
      ✅ 1 produits de https://www.mvmmotosport.com/fr/motocyclette/husqv...
      ✅ 1 produits de https://www.mvmmotosport.com/fr/motocyclette/kawas...
      ✅ 1 produits de https://www.mvmmotosport.com/fr/motocyclette/husqv...
      ✅ 1 produits de https://www.mvmmotosport.com/fr/motocyclette/trium...
      ✅ 1 produits de https://www.mvmmotosport.com/fr/vtt/cfmoto-cforce-...
      ✅ 1 produits de https://www.mvmmotosport.com/fr/motocyclette/husqv...
      ✅ 1 produits de https://www.mvmmotosport.com/fr/motocyclette/trium...
      ✅ 1 produits de https://www.mvmmotosport.com/fr/motocyclette/trium...
      ✅ 1 produits de https://www.mvmmotosport.com/fr/motocyclette/kawas...
      ✅ 1 produits de https://www.mvmmotosport.com/fr/motocyclette/kawas...
      ✅ 1 produits de https://www.mvmmotosport.com/fr/motocyclette/trium...
      ✅ 1 produits de https://www.mvmmotosport.com/fr/motocyclette/kawas...
      ✅ 1 produits de https://www.mvmmotosport.com/fr/cote-a-cote/kawasa...
      ✅ 1 produits de https://www.mvmmotosport.com/fr/vtt/cfmoto-cforce-...
      ✅ 1 produits de https://www.mvmmotosport.com/fr/cote-a-cote/cfmoto...
      ✅ 1 produits de https://www.mvmmotosport.com/fr/vtt/cfmoto-cforce-...
      ✅ 1 produits de https://www.mvmmotosport.com/fr/motocyclette/kawas...
      ✅ 1 produits de https://www.mvmmotosport.com/fr/produit-mecanique/...
      ✅ 1 produits de https://www.mvmmotosport.com/fr/motocyclette/ktm-s...
      ✅ 1 produits de https://www.mvmmotosport.com/fr/motocyclette/trium...
      ✅ 1 produits de https://www.mvmmotosport.com/fr/motocyclette/husqv...
      ✅ 1 produits de https://www.mvmmotosport.com/fr/motocyclette/cfmot...
      ✅ 1 produits de https://www.mvmmotosport.com/fr/motocyclette/kawas...
      ✅ 1 produits de https://www.mvmmotosport.com/fr/motocyclette/ktm-5...
      ✅ 1 produits de https://www.mvmmotosport.com/fr/cote-a-cote/cfmoto...
      ✅ 1 produits de https://www.mvmmotosport.com/fr/motocyclette/trium...
      ✅ 1 produits de https://www.mvmmotosport.com/fr/motocyclette/trium...
      ✅ 1 produits de https://www.mvmmotosport.com/fr/motocyclette/kawas...
      ✅ 1 produits de https://www.mvmmotosport.com/fr/motocyclette/ktm-2...
      ✅ 1 produits de https://www.mvmmotosport.com/fr/vtt/cfmoto-cforce-...
      ✅ 1 produits de https://www.mvmmotosport.com/fr/motocyclette/cfmot...
      ✅ 1 produits de https://www.mvmmotosport.com/fr/motocyclette/trium...
      ✅ 1 produits de https://www.mvmmotosport.com/fr/motocyclette/kawas...
      ✅ 1 produits de https://www.mvmmotosport.com/fr/motocyclette/ktm-3...
      ✅ 1 produits de https://www.mvmmotosport.com/fr/motocyclette/kawas...
      ✅ 1 produits de https://www.mvmmotosport.com/fr/motocyclette/ktm-1...
      ✅ 1 produits de https://www.mvmmotosport.com/fr/cote-a-cote/kawasa...
      ✅ 1 produits de https://www.mvmmotosport.com/fr/motocyclette/ktm-1...
      ✅ 1 produits de https://www.mvmmotosport.com/fr/vtt/cfmoto-cforce-...
      ✅ 1 produits de https://www.mvmmotosport.com/fr/motocyclette/trium...
      ✅ 1 produits de https://www.mvmmotosport.com/fr/motocyclette/kawas...
      ✅ 1 produits de https://www.mvmmotosport.com/fr/vtt/cfmoto-cforce-...
      ✅ 1 produits de https://www.mvmmotosport.com/fr/motocyclette/cfmot...
      ✅ 1 produits de https://www.mvmmotosport.com/fr/motocyclette/husqv...
      ✅ 1 produits de https://www.mvmmotosport.com/fr/motocyclette/trium...
      ✅ 1 produits de https://www.mvmmotosport.com/fr/inventaire/motocyc...
      ✅ 1 produits de https://www.mvmmotosport.com/fr/motocyclette/trium...
      ✅ 1 produits de https://www.mvmmotosport.com/fr/motocyclette/trium...
      ✅ 1 produits de https://www.mvmmotosport.com/fr/motocyclette/kawas...
      ✅ 1 produits de https://www.mvmmotosport.com/fr/motocyclette/trium...
      ✅ 1 produits de https://www.mvmmotosport.com/fr/cote-a-cote/cfmoto...
      ✅ 1 produits de https://www.mvmmotosport.com/fr/motocyclette/trium...
      ✅ 1 produits de https://www.mvmmotosport.com/fr/cote-a-cote/cfmoto...
      ✅ 1 produits de https://www.mvmmotosport.com/fr/motocyclette/husqv...
      ✅ 1 produits de https://www.mvmmotosport.com/fr/motocyclette/kawas...
      ✅ 1 produits de https://www.mvmmotosport.com/fr/motocyclette/cfmot...
      ✅ 1 produits de https://www.mvmmotosport.com/fr/motocyclette/ktm-3...
      ✅ 1 produits de https://www.mvmmotosport.com/fr/motocyclette/kawas...
      ✅ 1 produits de https://www.mvmmotosport.com/fr/vtt/cfmoto-cforce-...
      ✅ 1 produits de https://www.mvmmotosport.com/fr/produit-mecanique/...
      ✅ 1 produits de https://www.mvmmotosport.com/fr/cote-a-cote/kawasa...
      ✅ 1 produits de https://www.mvmmotosport.com/fr/motocyclette/kawas...
      ✅ 1 produits de https://www.mvmmotosport.com/fr/motocyclette/ktm-s...
      ✅ 1 produits de https://www.mvmmotosport.com/fr/motocyclette/ktm-1...
      ✅ 1 produits de https://www.mvmmotosport.com/fr/motocyclette/kawas...
      ✅ 1 produits de https://www.mvmmotosport.com/fr/motocyclette/husqv...
      ✅ 1 produits de https://www.mvmmotosport.com/fr/motocyclette/husqv...
      ✅ 1 produits de https://www.mvmmotosport.com/fr/motocyclette/kawas...
      ✅ 1 produits de https://www.mvmmotosport.com/fr/cote-a-cote/cfmoto...
      ✅ 1 produits de https://www.mvmmotosport.com/fr/vtt/kawasaki-brute...
      ✅ 1 produits de https://www.mvmmotosport.com/fr/motocyclette/trium...
      ✅ 1 produits de https://www.mvmmotosport.com/fr/motocyclette/ktm-2...
      ✅ 1 produits de https://www.mvmmotosport.com/fr/motocyclette/ktm-1...
      ✅ 1 produits de https://www.mvmmotosport.com/fr/motocyclette/cfmot...
      ✅ 1 produits de https://www.mvmmotosport.com/fr/motocyclette/kawas...
      ✅ 1 produits de https://www.mvmmotosport.com/fr/motocyclette/husqv...
      ✅ 1 produits de https://www.mvmmotosport.com/fr/cote-a-cote/kawasa...
      ✅ 1 produits de https://www.mvmmotosport.com/fr/motocyclette/ktm-3...
      ✅ 1 produits de https://www.mvmmotosport.com/fr/motocyclette/kawas...
      ✅ 1 produits de https://www.mvmmotosport.com/fr/motocyclette/trium...
      ✅ 1 produits de https://www.mvmmotosport.com/fr/motocyclette/trium...
      ✅ 1 produits de https://www.mvmmotosport.com/fr/motocyclette/trium...
      ✅ 1 produits de https://www.mvmmotosport.com/fr/motocyclette/husqv...
      ✅ 1 produits de https://www.mvmmotosport.com/fr/motocyclette/husqv...
      ✅ 1 produits de https://www.mvmmotosport.com/fr/motocyclette/kawas...
      ✅ 1 produits de https://www.mvmmotosport.com/fr/motocyclette/trium...
      ✅ 1 produits de https://www.mvmmotosport.com/fr/inventaire/motocyc...
      ✅ 1 produits de https://www.mvmmotosport.com/fr/motocyclette/husqv...
      ✅ 1 produits de https://www.mvmmotosport.com/fr/motocyclette/ktm-x...
      ✅ 1 produits de https://www.mvmmotosport.com/fr/motocyclette/trium...
      ✅ 1 produits de https://www.mvmmotosport.com/fr/motocyclette/kawas...
      ✅ 1 produits de https://www.mvmmotosport.com/fr/motocyclette/kawas...
      ✅ 1 produits de https://www.mvmmotosport.com/fr/motocyclette/ktm-3...
      ✅ 1 produits de https://www.mvmmotosport.com/fr/motocyclette/trium...
      ✅ 1 produits de https://www.mvmmotosport.com/fr/cote-a-cote/cfmoto...
      ✅ 1 produits de https://www.mvmmotosport.com/fr/cote-a-cote/cfmoto...
      ✅ 1 produits de https://www.mvmmotosport.com/fr/vtt/cfmoto-cforce-...
      ✅ 1 produits de https://www.mvmmotosport.com/fr/motocyclette/kawas...
      ✅ 1 produits de https://www.mvmmotosport.com/fr/cote-a-cote/cfmoto...
      ✅ 1 produits de https://www.mvmmotosport.com/fr/motocyclette/kawas...
      ✅ 1 produits de https://www.mvmmotosport.com/fr/cote-a-cote/kawasa...
      ✅ 1 produits de https://www.mvmmotosport.com/fr/motocyclette/kawas...
      ✅ 1 produits de https://www.mvmmotosport.com/fr/vtt/cfmoto-cforce-...
      ✅ 1 produits de https://www.mvmmotosport.com/fr/cote-a-cote/cfmoto...
      ✅ 1 produits de https://www.mvmmotosport.com/fr/motocyclette/husqv...
      ✅ 1 produits de https://www.mvmmotosport.com/fr/motocyclette/ktm-6...
      ✅ 1 produits de https://www.mvmmotosport.com/fr/motocyclette/ktm-2...
      ✅ 1 produits de https://www.mvmmotosport.com/fr/motocyclette/ktm-6...
      ✅ 1 produits de https://www.mvmmotosport.com/fr/vtt/cfmoto-cforce-...
      ✅ 1 produits de https://www.mvmmotosport.com/fr/motocyclette/cfmot...
      ✅ 1 produits de https://www.mvmmotosport.com/fr/motocyclette/trium...
      ✅ 1 produits de https://www.mvmmotosport.com/fr/motocyclette/kawas...
      ✅ 1 produits de https://www.mvmmotosport.com/fr/motocyclette/kawas...
      ✅ 1 produits de https://www.mvmmotosport.com/fr/vtt/cfmoto-cforce-...
      ✅ 1 produits de https://www.mvmmotosport.com/fr/vtt/cfmoto-cforce-...
      ✅ 1 produits de https://www.mvmmotosport.com/fr/produit-mecanique/...
      ✅ 1 produits de https://www.mvmmotosport.com/fr/motocyclette/husqv...
      ✅ 1 produits de https://www.mvmmotosport.com/fr/motocyclette/kawas...
      ✅ 1 produits de https://www.mvmmotosport.com/fr/produit-mecanique/...
      ✅ 1 produits de https://www.mvmmotosport.com/fr/motocyclette/ktm-2...
      ✅ 1 produits de https://www.mvmmotosport.com/fr/motocyclette/ktm-8...
      ✅ 1 produits de https://www.mvmmotosport.com/fr/motocyclette/kawas...
      ✅ 1 produits de https://www.mvmmotosport.com/fr/motocyclette/trium...
      ✅ 1 produits de https://www.mvmmotosport.com/fr/produit-mecanique/...
      ✅ 1 produits de https://www.mvmmotosport.com/fr/motocyclette/kawas...
      ✅ 1 produits de https://www.mvmmotosport.com/fr/motocyclette/ktm-3...
      ✅ 1 produits de https://www.mvmmotosport.com/fr/motocyclette/kawas...
      ✅ 1 produits de https://www.mvmmotosport.com/fr/motocyclette/kawas...
      ✅ 1 produits de https://www.mvmmotosport.com/fr/motocyclette/ktm-x...
      ✅ 1 produits de https://www.mvmmotosport.com/fr/motocyclette/husqv...
      ✅ 1 produits de https://www.mvmmotosport.com/fr/cote-a-cote/kawasa...
      ✅ 1 produits de https://www.mvmmotosport.com/fr/motocyclette/ktm-5...
      ✅ 1 produits de https://www.mvmmotosport.com/fr/motocyclette/ktm-6...
      ✅ 1 produits de https://www.mvmmotosport.com/fr/motocyclette/ktm-s...

✅ 500 produits extraits

======================================================================
✅ SCRAPING TERMINÉ!
======================================================================
📦 Produits extraits: 500
⏱️  Temps total: 170.9s
📊 Cache: hit
   ✅ https://www.mvmmotosport.com/fr...: 500 produits ⭐

⏱️  Scraping terminé en 175.7s

============================================================
🔍 COMPARAISON AVEC LES CONCURRENTS
============================================================

============================================================
🔍 COMPARAISON AVEC LE SITE DE RÉFÉRENCE
============================================================
📊 Référence: https://www.mvmmotosport.com/fr (500 produits)
📊 Concurrent: https://www.motosthibault.ca/en (308 produits)
   📋 Clés de référence: 497 (modèles uniques: 426, ignorées: 0)
      Réf: marque='cfmoto' modele='uforce u 10 xl pro highland noir nebuleux' annee=2025
      Réf: marque='husqvarna' modele='tc 50' annee=2025
      Réf: marque='husqvarna' modele='te 300' annee=2025
      Réf: marque='kawasaki' modele='vulcan 900 classic lt gris graphite metallise noir etincelle metallise' annee=2026
      Réf: marque='triumph' modele='thruxton 400 metallic racing yellow aluminium silver' annee=2026
   📅 [model_inclusion] kawasaki klr 650 adventure 2024: 8299$ vs 10494$ (-2195$)
   📅 [model_inclusion] kawasaki klr 650 adventure 2024: 8299$ vs 10494$ (-2195$)

   📋 Concurrent - ignorés (modèle vide): 0
   📊 Matching: exact=0, wildcard année=0, inclusion modèle=2

📈 Correspondances: 2/308 (1%)
============================================================


============================================================
🔍 COMPARAISON AVEC LE SITE DE RÉFÉRENCE
============================================================
📊 Référence: https://www.mvmmotosport.com/fr (500 produits)
📊 Concurrent: https://www.morinsports.com/fr (66 produits)
   📋 Clés de référence: 497 (modèles uniques: 426, ignorées: 0)
      Réf: marque='cfmoto' modele='uforce u 10 xl pro highland noir nebuleux' annee=2025
      Réf: marque='husqvarna' modele='tc 50' annee=2025
      Réf: marque='husqvarna' modele='te 300' annee=2025
      Réf: marque='kawasaki' modele='vulcan 900 classic lt gris graphite metallise noir etincelle metallise' annee=2026
      Réf: marque='triumph' modele='thruxton 400 metallic racing yellow aluminium silver' annee=2026
   📅 [model_inclusion] kawasaki elektrode 2025: 2699$ vs 1499$ (+1200$)
   📅 [model_inclusion] kawasaki ninja 1100 sx se 2025: 17594$ vs 17594$ (+0$)
   📅 [model_inclusion] kawasaki eliminator 2024: 7994$ vs 8694$ (-700$)
      🚫 [inclusion rejetée] 'kx 250' ≠ 'kx 250 x vert lime' (diff significative: {'x'})
      🚫 [inclusion rejetée] 'kx 250' ≠ 'kx 250 x vert lime' (diff significative: {'x'})
      🚫 [inclusion rejetée] 'z 900' ≠ 'z 900 rs se noir diablo metallise' (diff significative: {'rs', 'se'})
   📅 [model_inclusion] kawasaki z 900 2024: 11694$ vs 12294$ (-600$)
      🚫 [inclusion rejetée] 'kx 450' ≠ 'kx 450 x vert lime' (diff significative: {'x'})
   📅 [model_inclusion] kawasaki kx 450 2026: 13209$ vs 13209$ (+0$)
      🚫 [inclusion rejetée] 'z 900' ≠ 'z 900 rs se noir etincelle metallise gris carbone mat metallise' (diff significative: {'rs', 'se'})
   📅 [model_inclusion] kawasaki z 900 2025: 12294$ vs 12294$ (+0$)
   📅 [model_inclusion] kawasaki klx 230 r 2025: 5994$ vs 5994$ (+0$)
   📅 [model_inclusion] kawasaki ninja 1100 sx se 2025: 17594$ vs 17594$ (+0$)
   📅 [model_inclusion] kawasaki kx 65 2026: 5509$ vs 5509$ (+0$)
   📅 [model_inclusion] kawasaki eliminator 2024: 7994$ vs 8694$ (-700$)
   📅 [model_inclusion] kawasaki klx 140 r l 2025: 4944$ vs 4944$ (+0$)
   📅 [model_inclusion] kawasaki klx 110 r 2025: 3444$ vs 3444$ (+0$)
   ✅ [exact] widescape ws 250 2024: 5899$ vs 8899$ (-3000$)
      🚫 [inclusion rejetée] 'z 900' ≠ 'z 900 rs se noir etincelle metallise gris carbone mat metallise' (diff significative: {'rs', 'se'})
   📅 [model_inclusion] kawasaki z 900 2025: 12294$ vs 12294$ (+0$)
      🚫 [inclusion rejetée] 'z 900' ≠ 'z 900 rs se noir etincelle metallise gris carbone mat metallise' (diff significative: {'rs', 'se'})
   📅 [model_inclusion] kawasaki z 900 2025: 12294$ vs 12294$ (+0$)
   📅 [model_inclusion] kawasaki klr 650 s 2025: 8894$ vs 8894$ (+0$)
   📅 [model_inclusion] kawasaki klx 140 r l 2025: 4944$ vs 4944$ (+0$)
   📅 [model_inclusion] kawasaki versys 650 lt 2024: 11794$ vs 12594$ (-800$)
      🚫 [inclusion rejetée] 'kx 450' ≠ 'kx 450 x vert lime' (diff significative: {'x'})
   📅 [model_inclusion] kawasaki kx 450 2026: 13209$ vs 13209$ (+0$)
   📅 [model_inclusion] kawasaki eliminator 2024: 7994$ vs 8694$ (-700$)
      🚫 [inclusion rejetée] 'eliminator' ≠ 'eliminator 500 se gris carbone mat metallise ebene mat' (diff significative: {'500', 'se'})
      🚫 [inclusion rejetée] 'eliminator' ≠ 'eliminator 500 kaki sable nouveau' (diff significative: {'500'})
      🚫 [inclusion rejetée] 'z 900 se' ≠ 'z 900 rs se noir etincelle metallise gris carbone mat metallise' (diff significative: {'rs'})
      🚫 [inclusion rejetée] 'kx 250' ≠ 'kx 250 x vert lime' (diff significative: {'x'})
   📅 [model_inclusion] kawasaki kx 250 2025: 11194$ vs 11194$ (+0$)
      🚫 [inclusion rejetée] 'z 900 se' ≠ 'z 900 rs se noir etincelle metallise gris carbone mat metallise' (diff significative: {'rs'})
      🚫 [inclusion rejetée] 'z 900' ≠ 'z 900 rs se noir etincelle metallise gris carbone mat metallise' (diff significative: {'rs', 'se'})
   📅 [model_inclusion] kawasaki z 900 2025: 12294$ vs 12294$ (+0$)
   📅 [model_inclusion] kawasaki klx 110 r 2025: 3444$ vs 3444$ (+0$)
      🚫 [inclusion rejetée] 'klx 230' ≠ 'klx 230 r vert lime' (diff significative: {'r'})
      🚫 [inclusion rejetée] 'klx 230' ≠ 'klx 230 r s vert lime' (diff significative: {'r'})
   📅 [model_inclusion] kawasaki klx 230 2025: 6594$ vs 6594$ (+0$)
      🚫 [inclusion rejetée] 'eliminator' ≠ 'eliminator 500 se gris carbone mat metallise ebene mat' (diff significative: {'500', 'se'})
      🚫 [inclusion rejetée] 'eliminator' ≠ 'eliminator 500 kaki sable nouveau' (diff significative: {'500'})
      🚫 [inclusion rejetée] 'kx 450' ≠ 'kx 450 x vert lime' (diff significative: {'x'})
   📅 [model_inclusion] kawasaki kx 450 2026: 13209$ vs 13209$ (+0$)

   📋 Concurrent - ignorés (modèle vide): 0
   📊 Matching: exact=1, wildcard année=0, inclusion modèle=24

📈 Correspondances: 25/66 (38%)
============================================================


📊 RÉPARTITION PAR SITE (avant sauvegarde):
   https://www.mvmmotosport.com/fr: 500 produits ⭐
   https://www.motosthibault.ca/en: 308 produits
   https://www.morinsports.com/fr: 66 produits
☁️  Sauvegardé dans Supabase (ID: df76c5e4-8112-4a16-9cc5-82088af29017)

======================================================================
✅ SCRAPING TERMINÉ!
======================================================================
⭐ Site de référence: https://www.mvmmotosport.com/fr
📦 Produits de référence: 500
🔍 Produits avec correspondance: 27
📦 Total produits sauvegardés: 874 (référence + matchés)
⏱️  Temps total: 175.7s
☁️  Données dans: Supabase Cloud

📊 RÉPARTITION PAR ÉTAT:
   🟢 Neuf: 813 produits
   🟠 Usagé: 61 produits

📂 RÉPARTITION PAR SOURCE:
   📦 Inventaire: 814 produits
   🔄 Véhicules occasion: 60 produits

📋 APERÇU (10 premiers):
   1. CFMOTO UFORCE U10 XL PRO HIGHL | 36349$ | mvmmotosport.com [NEUF] [INV]
   2. Husqvarna TC 50  2025 | 6474$ | mvmmotosport.com [NEUF] [INV]
   3. Husqvarna TE 300  2025 | 13494$ | mvmmotosport.com [NEUF] [INV]
   4. Kawasaki VULCAN 900 CLASSIC LT | 13459$ | mvmmotosport.com [NEUF] [INV]
   5. Triumph Thruxton 400 Metallic  | 7520$ | mvmmotosport.com [NEUF] [INV]
   6. Husqvarna TC 125  2026 | 11044$ | mvmmotosport.com [NEUF] [INV]
   7. KTM 85 SX 17/14  2026 | 8924$ | mvmmotosport.com [NEUF] [INV]
   8. CFMOTO CFORCE 500 Camouflage f | 10349$ | mvmmotosport.com [NEUF] [INV]
   9. Kawasaki Z900 Vert Lime Bonbon | 12609$ | mvmmotosport.com [NEUF] [INV]
   10. KTM 500 EXC-F  2026 | 16194$ | mvmmotosport.com [NEUF] [INV]
   ... et 864 autres
