/Library/Frameworks/Python.framework/Versions/3.13/lib/python3.13/site-packages/vertexai/generative_models/_generative_models.py:433: UserWarning: This feature is deprecated as of June 24, 2025 and will be removed on June 24, 2026. For details, see https://cloud.google.com/vertex-ai/generative-ai/docs/deprecations/genai-vertexai-sdk.
  warning_logs.show_deprecation_warning()

======================================================================
🚀 SCRAPER AI v4.2 - SCRAPING INTELLIGENT
======================================================================
⭐ Site de référence: https://www.mvmmotosport.com/fr
📦 Concurrents à comparer: 1
   1. https://www.morinsports.com/fr
👤 User ID: 59e2c286-3ef0-4e19-81d4-e22ff030ba1f
📂 Catégories: ['inventaire', 'occasion']
🎨 Ignorer couleurs: Non
======================================================================


==================================================
📦 PHASE 1: VÉRIFICATION DU CACHE
==================================================
   ✅ https://www.mvmmotosport.com/fr... → CACHE VALIDE
   ✅ https://www.morinsports.com/fr... → CACHE VALIDE

   📊 Résumé: 2 en cache, 0 à créer

==================================================
⚡ PHASE 3: EXTRACTION DES DONNÉES (parallèle)
==================================================
   100% des sites ont maintenant un scraper en cache
   🚀 Extraction parallèle de 2 sites...

🚀 Initialisation Vertex AI (Projet: go-data-485202, Région: global)
🚀 Initialisation Vertex AI (Projet: go-data-485202, Région: global)
✅ Vertex AI initialisé avec succès
🚀 Initialisation Vertex AI (Projet: go-data-485202, Région: global)
✅ Vertex AI initialisé avec succès

======================================================================
🚀 SCRAPER INTELLIGENT v4.2
======================================================================
🌐 Site: https://www.morinsports.com/fr
👤 User ID: 59e2c286-3ef0-4e19-81d4-e22ff030ba1f
🔄 Force refresh: False

==================================================
📦 ÉTAPE 1: VÉRIFICATION DU CACHE
==================================================
✅ Vertex AI initialisé avec succès
🚀 Initialisation Vertex AI (Projet: go-data-485202, Région: global)
✅ Vertex AI initialisé avec succès

======================================================================
🚀 SCRAPER INTELLIGENT v4.2
======================================================================
🌐 Site: https://www.mvmmotosport.com/fr
👤 User ID: 59e2c286-3ef0-4e19-81d4-e22ff030ba1f
🔄 Force refresh: False

==================================================
📦 ÉTAPE 1: VÉRIFICATION DU CACHE
==================================================
✅ CACHE VALIDE trouvé!
   Expire: 2026-02-17T02:24:21.75+00:00
   Sélecteurs: 7 détectés
   URLs produits: 432 en cache

==================================================
📥 ÉTAPE 3: EXTRACTION DES PRODUITS
==================================================
   URLs à traiter: 432
✅ CACHE VALIDE trouvé!
   Expire: 2026-02-17T02:26:21.354+00:00
   Sélecteurs: 8 détectés
   URLs produits: 73 en cache

==================================================
📥 ÉTAPE 3: EXTRACTION DES PRODUITS
==================================================
   URLs à traiter: 73
      ✅ 1 produits de https://www.mvmmotosport.com/fr/motocyclette/trium...
      ✅ 1 produits de https://www.mvmmotosport.com/fr/vtt/cfmoto-cforce-...
      ✅ 1 produits de https://www.mvmmotosport.com/fr/vtt/cfmoto-cforce-...
      ✅ 1 produits de https://www.mvmmotosport.com/fr/motocyclette/trium...
      ✅ 1 produits de https://www.mvmmotosport.com/fr/motocyclette/trium...
      ✅ 1 produits de https://www.mvmmotosport.com/fr/cote-a-cote/cfmoto...
      ✅ 1 produits de https://www.morinsports.com/fr/neuf/vtt/inventaire...
      ✅ 1 produits de https://www.mvmmotosport.com/fr/vtt/cfmoto-cforce-...
      ✅ 1 produits de https://www.morinsports.com/fr/neuf/bateau/inventa...
      ✅ 1 produits de https://www.mvmmotosport.com/fr/motocyclette/kawas...
      ✅ 1 produits de https://www.morinsports.com/fr/usage/motocyclette/...
      ✅ 1 produits de https://www.mvmmotosport.com/fr/motocyclette/kawas...
      ✅ 1 produits de https://www.mvmmotosport.com/fr/motocyclette/ktm-3...
      ✅ 1 produits de https://www.mvmmotosport.com/fr/motocyclette/kawas...
      ✅ 1 produits de https://www.mvmmotosport.com/fr/motocyclette/kawas...
      ✅ 1 produits de https://www.mvmmotosport.com/fr/cote-a-cote/kawasa...
      ✅ 1 produits de https://www.mvmmotosport.com/fr/vtt/cfmoto-cforce-...
      ✅ 1 produits de https://www.morinsports.com/fr/neuf/motocyclette/i...
      ✅ 1 produits de https://www.morinsports.com/fr/neuf/motocyclette/i...
      ✅ 1 produits de https://www.morinsports.com/fr/neuf/motoneige/inve...
      ✅ 1 produits de https://www.morinsports.com/fr/neuf/motoneige/inve...
      ✅ 1 produits de https://www.morinsports.com/fr/neuf/motocyclette/i...
      ✅ 1 produits de https://www.mvmmotosport.com/fr/produit-mecanique/...
      ✅ 1 produits de https://www.mvmmotosport.com/fr/motocyclette/kawas...
      ✅ 1 produits de https://www.mvmmotosport.com/fr/vtt/cfmoto-cforce-...
      ✅ 1 produits de https://www.mvmmotosport.com/fr/motocyclette/husqv...
      ✅ 1 produits de https://www.mvmmotosport.com/fr/motocyclette/ktm-5...
      ✅ 1 produits de https://www.morinsports.com/fr/usage/motoneige/inv...
      ✅ 1 produits de https://www.morinsports.com/fr/neuf/motocyclette/i...
      ✅ 1 produits de https://www.morinsports.com/fr/neuf/motocyclette/i...
      ✅ 1 produits de https://www.morinsports.com/fr/neuf/motocyclette/i...
      ✅ 1 produits de https://www.mvmmotosport.com/fr/vtt/cfmoto-cforce-...
      ✅ 1 produits de https://www.morinsports.com/fr/neuf/motocyclette/i...
      ✅ 1 produits de https://www.mvmmotosport.com/fr/cote-a-cote/cfmoto...
      ✅ 1 produits de https://www.mvmmotosport.com/fr/motocyclette/kawas...
      ✅ 1 produits de https://www.mvmmotosport.com/fr/cote-a-cote/cfmoto...
      ✅ 1 produits de https://www.mvmmotosport.com/fr/motocyclette/trium...
      ✅ 1 produits de https://www.mvmmotosport.com/fr/cote-a-cote/cfmoto...
      ✅ 1 produits de https://www.mvmmotosport.com/fr/vtt/cfmoto-cforce-...
      ✅ 1 produits de https://www.mvmmotosport.com/fr/motocyclette/trium...
      ✅ 1 produits de https://www.morinsports.com/fr/neuf/motocyclette/i...
      ✅ 1 produits de https://www.morinsports.com/fr/neuf/motocyclette/i...
      ✅ 1 produits de https://www.morinsports.com/fr/neuf/motocyclette/i...
      ✅ 1 produits de https://www.morinsports.com/fr/neuf/motocyclette/i...
      ✅ 1 produits de https://www.mvmmotosport.com/fr/vtt/cfmoto-cforce-...
      ✅ 1 produits de https://www.morinsports.com/fr/neuf/motocyclette/i...
      ✅ 1 produits de https://www.mvmmotosport.com/fr/motocyclette/ktm-2...
      ✅ 1 produits de https://www.mvmmotosport.com/fr/cote-a-cote/kawasa...
      ✅ 1 produits de https://www.mvmmotosport.com/fr/motocyclette/kawas...
      ✅ 1 produits de https://www.mvmmotosport.com/fr/motocyclette/trium...
      ✅ 1 produits de https://www.morinsports.com/fr/neuf/motocyclette/i...
      ✅ 1 produits de https://www.morinsports.com/fr/neuf/motocyclette/i...
      ✅ 1 produits de https://www.morinsports.com/fr/usage/motoneige/inv...
      ✅ 1 produits de https://www.morinsports.com/fr/neuf/motocyclette/i...
      ✅ 1 produits de https://www.mvmmotosport.com/fr/motocyclette/trium...
      ✅ 1 produits de https://www.mvmmotosport.com/fr/motocyclette/trium...
      ✅ 1 produits de https://www.morinsports.com/fr/usage/motoneige/inv...
      ✅ 1 produits de https://www.mvmmotosport.com/fr/motocyclette/kawas...
      ✅ 1 produits de https://www.morinsports.com/fr/neuf/motocyclette/i...
      ✅ 1 produits de https://www.morinsports.com/fr/neuf/motocyclette/i...
      ✅ 1 produits de https://www.morinsports.com/fr/usage/motoneige/inv...
      ✅ 1 produits de https://www.mvmmotosport.com/fr/produit-mecanique/...
      ✅ 1 produits de https://www.mvmmotosport.com/fr/vtt/cfmoto-cforce-...
      ✅ 1 produits de https://www.mvmmotosport.com/fr/motocyclette/kawas...
      ✅ 1 produits de https://www.morinsports.com/fr/neuf/motocyclette/i...
      ✅ 1 produits de https://www.morinsports.com/fr/neuf/motocyclette/i...
      ✅ 1 produits de https://www.morinsports.com/fr/neuf/motoneige/inve...
      ✅ 1 produits de https://www.morinsports.com/fr/neuf/motocyclette/i...
      ✅ 1 produits de https://www.morinsports.com/fr/usage/motoneige/inv...
      ✅ 1 produits de https://www.mvmmotosport.com/fr/motocyclette/cfmot...
      ✅ 1 produits de https://www.mvmmotosport.com/fr/vtt/cfmoto-cforce-...
      ✅ 1 produits de https://www.mvmmotosport.com/fr/motocyclette/ktm-2...
      ✅ 1 produits de https://www.mvmmotosport.com/fr/produit-mecanique/...
      ✅ 1 produits de https://www.morinsports.com/fr/neuf/motocyclette/i...
      ✅ 1 produits de https://www.morinsports.com/fr/neuf/motocyclette/i...
      ✅ 1 produits de https://www.morinsports.com/fr/neuf/motoneige/inve...
      ✅ 1 produits de https://www.mvmmotosport.com/fr/motocyclette/kawas...
      ✅ 1 produits de https://www.mvmmotosport.com/fr/vtt/cfmoto-cforce-...
      ✅ 1 produits de https://www.mvmmotosport.com/fr/motocyclette/kawas...
      ✅ 1 produits de https://www.morinsports.com/fr/neuf/motocyclette/i...
      ✅ 1 produits de https://www.morinsports.com/fr/neuf/motoneige/inve...
      ✅ 1 produits de https://www.morinsports.com/fr/neuf/motocyclette/i...
      ✅ 1 produits de https://www.morinsports.com/fr/neuf/motocyclette/i...
      ✅ 1 produits de https://www.morinsports.com/fr/neuf/motocyclette/i...
      ✅ 1 produits de https://www.mvmmotosport.com/fr/motocyclette/kawas...
      ✅ 1 produits de https://www.mvmmotosport.com/fr/motocyclette/trium...
      ✅ 1 produits de https://www.mvmmotosport.com/fr/vtt/cfmoto-cforce-...
      ✅ 1 produits de https://www.morinsports.com/fr/neuf/motocyclette/i...
      ✅ 1 produits de https://www.mvmmotosport.com/fr/motocyclette/kawas...
      ✅ 1 produits de https://www.mvmmotosport.com/fr/motocyclette/kawas...
      ✅ 1 produits de https://www.morinsports.com/fr/neuf/motocyclette/i...
      ✅ 1 produits de https://www.morinsports.com/fr/neuf/motocyclette/i...
      ✅ 1 produits de https://www.mvmmotosport.com/fr/motocyclette/ktm-8...
      ✅ 1 produits de https://www.mvmmotosport.com/fr/motocyclette/trium...
      ✅ 1 produits de https://www.morinsports.com/fr/usage/motocyclette/...
      ✅ 1 produits de https://www.morinsports.com/fr/usage/motocyclette/...
      ✅ 1 produits de https://www.morinsports.com/fr/neuf/motocyclette/i...
      ✅ 1 produits de https://www.mvmmotosport.com/fr/motocyclette/trium...
      ✅ 1 produits de https://www.mvmmotosport.com/fr/motocyclette/ktm-3...
      ✅ 1 produits de https://www.mvmmotosport.com/fr/motocyclette/cfmot...
      ✅ 1 produits de https://www.mvmmotosport.com/fr/motocyclette/kawas...
      ✅ 1 produits de https://www.morinsports.com/fr/neuf/motocyclette/i...
      ✅ 1 produits de https://www.morinsports.com/fr/usage/motoneige/inv...
      ✅ 1 produits de https://www.morinsports.com/fr/neuf/motocyclette/i...
      ✅ 1 produits de https://www.morinsports.com/fr/neuf/motocyclette/i...
      ✅ 1 produits de https://www.morinsports.com/fr/neuf/motocyclette/i...
      ✅ 1 produits de https://www.mvmmotosport.com/fr/motocyclette/kawas...
      ✅ 1 produits de https://www.mvmmotosport.com/fr/motocyclette/kawas...
      ✅ 1 produits de https://www.mvmmotosport.com/fr/motocyclette/trium...
      ✅ 1 produits de https://www.morinsports.com/fr/neuf/motocyclette/i...
      ✅ 1 produits de https://www.morinsports.com/fr/neuf/motocyclette/i...
      ✅ 1 produits de https://www.mvmmotosport.com/fr/motocyclette/kawas...
      ✅ 1 produits de https://www.mvmmotosport.com/fr/cote-a-cote/kawasa...
      ✅ 1 produits de https://www.mvmmotosport.com/fr/motocyclette/trium...
      ✅ 1 produits de https://www.mvmmotosport.com/fr/motomarine/kawasak...
      ✅ 1 produits de https://www.morinsports.com/fr/neuf/motocyclette/i...
      ✅ 1 produits de https://www.morinsports.com/fr/neuf/bateau/inventa...
      ✅ 1 produits de https://www.morinsports.com/fr/neuf/motocyclette/i...
      ✅ 1 produits de https://www.morinsports.com/fr/neuf/bateau/inventa...
      ✅ 1 produits de https://www.mvmmotosport.com/fr/cote-a-cote/cfmoto...
      ✅ 1 produits de https://www.mvmmotosport.com/fr/motocyclette/trium...
      ✅ 1 produits de https://www.mvmmotosport.com/fr/motocyclette/trium...
      ✅ 1 produits de https://www.morinsports.com/fr/neuf/motocyclette/i...
      ✅ 1 produits de https://www.morinsports.com/fr/neuf/motoneige/inve...
      ✅ 1 produits de https://www.morinsports.com/fr/neuf/motocyclette/i...
      ✅ 1 produits de https://www.mvmmotosport.com/fr/motocyclette/ktm-3...
      ✅ 1 produits de https://www.mvmmotosport.com/fr/motocyclette/husqv...
      ✅ 1 produits de https://www.mvmmotosport.com/fr/motocyclette/kawas...
      ✅ 1 produits de https://www.mvmmotosport.com/fr/motocyclette/kawas...
      ✅ 1 produits de https://www.morinsports.com/fr/usage/vtt/inventair...
      ✅ 1 produits de https://www.mvmmotosport.com/fr/motocyclette/kawas...
      ✅ 1 produits de https://www.morinsports.com/fr/neuf/motoneige/inve...
      ✅ 1 produits de https://www.morinsports.com/fr/usage/motoneige/inv...
      ✅ 1 produits de https://www.morinsports.com/fr/neuf/motocyclette/i...
      ✅ 1 produits de https://www.mvmmotosport.com/fr/produit-mecanique/...
      ✅ 1 produits de https://www.morinsports.com/fr/neuf/motocyclette/i...
      ✅ 1 produits de https://www.mvmmotosport.com/fr/motocyclette/trium...
      ✅ 1 produits de https://www.mvmmotosport.com/fr/motocyclette/ktm-3...
      ✅ 1 produits de https://www.morinsports.com/fr/neuf/motocyclette/i...
      ✅ 1 produits de https://www.morinsports.com/fr/neuf/motocyclette/i...
      ✅ 1 produits de https://www.mvmmotosport.com/fr/motocyclette/husqv...
      ✅ 1 produits de https://www.morinsports.com/fr/neuf/motocyclette/i...
      ✅ 1 produits de https://www.mvmmotosport.com/fr/motocyclette/trium...
      ✅ 1 produits de https://www.morinsports.com/fr/neuf/motocyclette/i...
      ✅ 1 produits de https://www.mvmmotosport.com/fr/motocyclette/husqv...
      ✅ 1 produits de https://www.mvmmotosport.com/fr/cote-a-cote/cfmoto...

✅ 68 produits extraits
      ✅ 1 produits de https://www.mvmmotosport.com/fr/vtt/cfmoto-cforce-...
      ✅ 1 produits de https://www.mvmmotosport.com/fr/motocyclette/trium...
      ✅ 1 produits de https://www.mvmmotosport.com/fr/motocyclette/trium...

======================================================================
✅ SCRAPING TERMINÉ!
======================================================================
📦 Produits extraits: 68
⏱️  Temps total: 5.5s
📊 Cache: hit
      ✅ 1 produits de https://www.mvmmotosport.com/fr/vtt/kawasaki-brute...
      ✅ 1 produits de https://www.mvmmotosport.com/fr/motocyclette/trium...
   ✅ https://www.morinsports.com/fr...: 68 produits
      ✅ 1 produits de https://www.mvmmotosport.com/fr/motocyclette/trium...
      ✅ 1 produits de https://www.mvmmotosport.com/fr/vtt/cfmoto-cforce-...
      ✅ 1 produits de https://www.mvmmotosport.com/fr/motocyclette/trium...
      ✅ 1 produits de https://www.mvmmotosport.com/fr/motocyclette/husqv...
      ✅ 1 produits de https://www.mvmmotosport.com/fr/motocyclette/ktm-5...
      ✅ 1 produits de https://www.mvmmotosport.com/fr/vtt/kawasaki-brute...
      ✅ 1 produits de https://www.mvmmotosport.com/fr/motocyclette/kawas...
      ✅ 1 produits de https://www.mvmmotosport.com/fr/motocyclette/trium...
      ✅ 1 produits de https://www.mvmmotosport.com/fr/motocyclette/trium...
      ✅ 1 produits de https://www.mvmmotosport.com/fr/motocyclette/trium...
      ✅ 1 produits de https://www.mvmmotosport.com/fr/motocyclette/kawas...
      ✅ 1 produits de https://www.mvmmotosport.com/fr/motocyclette/ktm-6...
      ✅ 1 produits de https://www.mvmmotosport.com/fr/cote-a-cote/kawasa...
      ✅ 1 produits de https://www.mvmmotosport.com/fr/inventaire/vtt-cfm...
      ✅ 1 produits de https://www.mvmmotosport.com/fr/motocyclette/kawas...
      ✅ 1 produits de https://www.mvmmotosport.com/fr/cote-a-cote/kawasa...
      ✅ 1 produits de https://www.mvmmotosport.com/fr/motocyclette/trium...
      ✅ 1 produits de https://www.mvmmotosport.com/fr/vtt/cfmoto-cforce-...
      ✅ 1 produits de https://www.mvmmotosport.com/fr/motocyclette/kawas...
      ✅ 1 produits de https://www.mvmmotosport.com/fr/motocyclette/trium...
      ✅ 1 produits de https://www.mvmmotosport.com/fr/motocyclette/ktm-5...
      ✅ 1 produits de https://www.mvmmotosport.com/fr/vtt/kawasaki-brute...
      ✅ 1 produits de https://www.mvmmotosport.com/fr/inventaire/motocyc...
      ✅ 1 produits de https://www.mvmmotosport.com/fr/vtt/cfmoto-cforce-...
      ✅ 1 produits de https://www.mvmmotosport.com/fr/cote-a-cote/cfmoto...
      ✅ 1 produits de https://www.mvmmotosport.com/fr/motocyclette/ktm-2...
      ✅ 1 produits de https://www.mvmmotosport.com/fr/motocyclette/trium...
      ✅ 1 produits de https://www.mvmmotosport.com/fr/motocyclette/cfmot...
      ✅ 1 produits de https://www.mvmmotosport.com/fr/vtt/cfmoto-cforce-...
      ✅ 1 produits de https://www.mvmmotosport.com/fr/motocyclette/kawas...
      ✅ 1 produits de https://www.mvmmotosport.com/fr/motocyclette/trium...
      ✅ 1 produits de https://www.mvmmotosport.com/fr/cote-a-cote/cfmoto...
      ✅ 1 produits de https://www.mvmmotosport.com/fr/motocyclette/kawas...
      ✅ 1 produits de https://www.mvmmotosport.com/fr/produit-mecanique/...
      ✅ 1 produits de https://www.mvmmotosport.com/fr/motocyclette/cfmot...
      ✅ 1 produits de https://www.mvmmotosport.com/fr/vtt/kawasaki-kfx90...
      ✅ 1 produits de https://www.mvmmotosport.com/fr/motocyclette/husqv...
      ✅ 1 produits de https://www.mvmmotosport.com/fr/vtt/cfmoto-cforce-...
      ✅ 1 produits de https://www.mvmmotosport.com/fr/motocyclette/husqv...
      ✅ 1 produits de https://www.mvmmotosport.com/fr/motocyclette/trium...
      ✅ 1 produits de https://www.mvmmotosport.com/fr/motocyclette/husqv...
      ✅ 1 produits de https://www.mvmmotosport.com/fr/motocyclette/trium...
      ✅ 1 produits de https://www.mvmmotosport.com/fr/motocyclette/trium...
      ✅ 1 produits de https://www.mvmmotosport.com/fr/motocyclette/kawas...
      ✅ 1 produits de https://www.mvmmotosport.com/fr/cote-a-cote/kawasa...
      ✅ 1 produits de https://www.mvmmotosport.com/fr/motocyclette/trium...
      ✅ 1 produits de https://www.mvmmotosport.com/fr/motocyclette/kawas...
      ✅ 1 produits de https://www.mvmmotosport.com/fr/motocyclette/trium...
      ✅ 1 produits de https://www.mvmmotosport.com/fr/motocyclette/kawas...
      ✅ 1 produits de https://www.mvmmotosport.com/fr/motocyclette/kawas...
      ✅ 1 produits de https://www.mvmmotosport.com/fr/motocyclette/trium...
      ✅ 1 produits de https://www.mvmmotosport.com/fr/motocyclette/trium...
      ✅ 1 produits de https://www.mvmmotosport.com/fr/produit-mecanique/...
      ✅ 1 produits de https://www.mvmmotosport.com/fr/cote-a-cote/cfmoto...
      ✅ 1 produits de https://www.mvmmotosport.com/fr/cote-a-cote/cfmoto...
      ✅ 1 produits de https://www.mvmmotosport.com/fr/cote-a-cote/cfmoto...
      ✅ 1 produits de https://www.mvmmotosport.com/fr/motomarine/kawasak...
      ✅ 1 produits de https://www.mvmmotosport.com/fr/motocyclette/trium...
      ✅ 1 produits de https://www.mvmmotosport.com/fr/motocyclette/kawas...
      ✅ 1 produits de https://www.mvmmotosport.com/fr/motocyclette/kawas...
      ✅ 1 produits de https://www.mvmmotosport.com/fr/motocyclette/trium...
      ✅ 1 produits de https://www.mvmmotosport.com/fr/motocyclette/trium...
      ✅ 1 produits de https://www.mvmmotosport.com/fr/velo-electrique/kt...
      ✅ 1 produits de https://www.mvmmotosport.com/fr/motocyclette/kawas...
      ✅ 1 produits de https://www.mvmmotosport.com/fr/motocyclette/trium...
      ✅ 1 produits de https://www.mvmmotosport.com/fr/motocyclette/trium...
      ✅ 1 produits de https://www.mvmmotosport.com/fr/motocyclette/cfmot...
      ✅ 1 produits de https://www.mvmmotosport.com/fr/motocyclette/trium...
      ✅ 1 produits de https://www.mvmmotosport.com/fr/produit-mecanique/...
      ✅ 1 produits de https://www.mvmmotosport.com/fr/motocyclette/husqv...
      ✅ 1 produits de https://www.mvmmotosport.com/fr/cote-a-cote/kawasa...
      ✅ 1 produits de https://www.mvmmotosport.com/fr/motocyclette/husqv...
      ✅ 1 produits de https://www.mvmmotosport.com/fr/motocyclette/trium...
      ✅ 1 produits de https://www.mvmmotosport.com/fr/motocyclette/trium...
      ✅ 1 produits de https://www.mvmmotosport.com/fr/motocyclette/trium...
      ✅ 1 produits de https://www.mvmmotosport.com/fr/motocyclette/kawas...
      ✅ 1 produits de https://www.mvmmotosport.com/fr/vtt/kawasaki-kfx50...
      ✅ 1 produits de https://www.mvmmotosport.com/fr/motocyclette/trium...
      ✅ 1 produits de https://www.mvmmotosport.com/fr/cote-a-cote/kawasa...
      ✅ 1 produits de https://www.mvmmotosport.com/fr/motocyclette/husqv...
      ✅ 1 produits de https://www.mvmmotosport.com/fr/motomarine/kawasak...
      ✅ 1 produits de https://www.mvmmotosport.com/fr/motocyclette/husqv...
      ✅ 1 produits de https://www.mvmmotosport.com/fr/cote-a-cote/cfmoto...
      ✅ 1 produits de https://www.mvmmotosport.com/fr/cote-a-cote/kawasa...
      ✅ 1 produits de https://www.mvmmotosport.com/fr/vtt/cfmoto-cforce-...
      ✅ 1 produits de https://www.mvmmotosport.com/fr/produit-mecanique/...
      ✅ 1 produits de https://www.mvmmotosport.com/fr/motocyclette/kawas...
      ✅ 1 produits de https://www.mvmmotosport.com/fr/motocyclette/trium...
      ✅ 1 produits de https://www.mvmmotosport.com/fr/motocyclette/husqv...
      ✅ 1 produits de https://www.mvmmotosport.com/fr/cote-a-cote/kawasa...
      ✅ 1 produits de https://www.mvmmotosport.com/fr/motocyclette/trium...
      ✅ 1 produits de https://www.mvmmotosport.com/fr/motocyclette/husqv...
      ✅ 1 produits de https://www.mvmmotosport.com/fr/motocyclette/trium...
      ✅ 1 produits de https://www.mvmmotosport.com/fr/motocyclette/kawas...
      ✅ 1 produits de https://www.mvmmotosport.com/fr/motocyclette/kawas...
      ✅ 1 produits de https://www.mvmmotosport.com/fr/motocyclette/trium...
      ✅ 1 produits de https://www.mvmmotosport.com/fr/cote-a-cote/kawasa...
      ✅ 1 produits de https://www.mvmmotosport.com/fr/motocyclette/kawas...
      ✅ 1 produits de https://www.mvmmotosport.com/fr/motocyclette/ktm-2...
      ✅ 1 produits de https://www.mvmmotosport.com/fr/motocyclette/kawas...
      ✅ 1 produits de https://www.mvmmotosport.com/fr/motocyclette/ktm-2...
      ✅ 1 produits de https://www.mvmmotosport.com/fr/motocyclette/kawas...
      ✅ 1 produits de https://www.mvmmotosport.com/fr/motocyclette/kawas...
      ✅ 1 produits de https://www.mvmmotosport.com/fr/cote-a-cote/cfmoto...
      ✅ 1 produits de https://www.mvmmotosport.com/fr/vtt/cfmoto-cforce-...
      ✅ 1 produits de https://www.mvmmotosport.com/fr/motocyclette/kawas...
      ✅ 1 produits de https://www.mvmmotosport.com/fr/motocyclette/trium...
      ✅ 1 produits de https://www.mvmmotosport.com/fr/motocyclette/ktm-1...
      ✅ 1 produits de https://www.mvmmotosport.com/fr/motocyclette/trium...
      ✅ 1 produits de https://www.mvmmotosport.com/fr/motocyclette/husqv...
      ✅ 1 produits de https://www.mvmmotosport.com/fr/motocyclette/ktm-4...
      ✅ 1 produits de https://www.mvmmotosport.com/fr/motocyclette/ktm-3...
      ✅ 1 produits de https://www.mvmmotosport.com/fr/motocyclette/kawas...
      ✅ 1 produits de https://www.mvmmotosport.com/fr/vtt/cfmoto-cforce-...
      ✅ 1 produits de https://www.mvmmotosport.com/fr/motocyclette/cfmot...
      ✅ 1 produits de https://www.mvmmotosport.com/fr/motocyclette/husqv...
      ✅ 1 produits de https://www.mvmmotosport.com/fr/motocyclette/kawas...
      ✅ 1 produits de https://www.mvmmotosport.com/fr/motocyclette/kawas...
      ✅ 1 produits de https://www.mvmmotosport.com/fr/motocyclette/trium...
      ✅ 1 produits de https://www.mvmmotosport.com/fr/motocyclette/trium...
      ✅ 1 produits de https://www.mvmmotosport.com/fr/motocyclette/kawas...
      ✅ 1 produits de https://www.mvmmotosport.com/fr/motocyclette/trium...
      ✅ 1 produits de https://www.mvmmotosport.com/fr/motocyclette/kawas...
      ✅ 1 produits de https://www.mvmmotosport.com/fr/motocyclette/cfmot...
      ✅ 1 produits de https://www.mvmmotosport.com/fr/motocyclette/ktm-7...
      ✅ 1 produits de https://www.mvmmotosport.com/fr/motocyclette/ktm-x...
      ✅ 1 produits de https://www.mvmmotosport.com/fr/motocyclette/trium...
      ✅ 1 produits de https://www.mvmmotosport.com/fr/motocyclette/ktm-2...
      ✅ 1 produits de https://www.mvmmotosport.com/fr/cote-a-cote/cfmoto...
      ✅ 1 produits de https://www.mvmmotosport.com/fr/motocyclette/trium...
      ✅ 1 produits de https://www.mvmmotosport.com/fr/motocyclette/husqv...
      ✅ 1 produits de https://www.mvmmotosport.com/fr/motocyclette/kawas...
      ✅ 1 produits de https://www.mvmmotosport.com/fr/motocyclette/husqv...
      ✅ 1 produits de https://www.mvmmotosport.com/fr/motocyclette/trium...
      ✅ 1 produits de https://www.mvmmotosport.com/fr/motocyclette/trium...
      ✅ 1 produits de https://www.mvmmotosport.com/fr/motocyclette/trium...
      ✅ 1 produits de https://www.mvmmotosport.com/fr/motocyclette/trium...
      ✅ 1 produits de https://www.mvmmotosport.com/fr/motocyclette/trium...
      ✅ 1 produits de https://www.mvmmotosport.com/fr/motocyclette/trium...
      ✅ 1 produits de https://www.mvmmotosport.com/fr/motocyclette/trium...
      ✅ 1 produits de https://www.mvmmotosport.com/fr/motocyclette/trium...
      ✅ 1 produits de https://www.mvmmotosport.com/fr/motocyclette/cfmot...
      ✅ 1 produits de https://www.mvmmotosport.com/fr/motocyclette/kawas...
      ✅ 1 produits de https://www.mvmmotosport.com/fr/motocyclette/kawas...
      ✅ 1 produits de https://www.mvmmotosport.com/fr/cote-a-cote/kawasa...
      ✅ 1 produits de https://www.mvmmotosport.com/fr/cote-a-cote/kawasa...
      ✅ 1 produits de https://www.mvmmotosport.com/fr/motocyclette/husqv...
      ✅ 1 produits de https://www.mvmmotosport.com/fr/motocyclette/husqv...
      ✅ 1 produits de https://www.mvmmotosport.com/fr/produit-mecanique/...
      ✅ 1 produits de https://www.mvmmotosport.com/fr/cote-a-cote/kawasa...
      ✅ 1 produits de https://www.mvmmotosport.com/fr/motocyclette/ktm-3...
      ✅ 1 produits de https://www.mvmmotosport.com/fr/motocyclette/kawas...
      ✅ 1 produits de https://www.mvmmotosport.com/fr/motocyclette/trium...
      ✅ 1 produits de https://www.mvmmotosport.com/fr/motocyclette/trium...
      ✅ 1 produits de https://www.mvmmotosport.com/fr/motocyclette/kawas...
      ✅ 1 produits de https://www.mvmmotosport.com/fr/motocyclette/trium...
      ✅ 1 produits de https://www.mvmmotosport.com/fr/motocyclette/ktm-7...
      ✅ 1 produits de https://www.mvmmotosport.com/fr/motomarine/kawasak...
      ✅ 1 produits de https://www.mvmmotosport.com/fr/motocyclette/ktm-4...
      ✅ 1 produits de https://www.mvmmotosport.com/fr/motocyclette/kawas...
      ✅ 1 produits de https://www.mvmmotosport.com/fr/motocyclette/cfmot...
      ✅ 1 produits de https://www.mvmmotosport.com/fr/motocyclette/kawas...
      ✅ 1 produits de https://www.mvmmotosport.com/fr/motocyclette/ktm-s...
      ✅ 1 produits de https://www.mvmmotosport.com/fr/vtt/cfmoto-cforce-...
      ✅ 1 produits de https://www.mvmmotosport.com/fr/vtt/cfmoto-cforce-...
      ✅ 1 produits de https://www.mvmmotosport.com/fr/motocyclette/kawas...
      ✅ 1 produits de https://www.mvmmotosport.com/fr/motocyclette/trium...
      ✅ 1 produits de https://www.mvmmotosport.com/fr/motocyclette/kawas...
      ✅ 1 produits de https://www.mvmmotosport.com/fr/cote-a-cote/cfmoto...
      ✅ 1 produits de https://www.mvmmotosport.com/fr/motocyclette/ktm-2...
      ✅ 1 produits de https://www.mvmmotosport.com/fr/motocyclette/ktm-1...
      ✅ 1 produits de https://www.mvmmotosport.com/fr/motocyclette/cfmot...
      ✅ 1 produits de https://www.mvmmotosport.com/fr/motocyclette/husqv...
      ✅ 1 produits de https://www.mvmmotosport.com/fr/motocyclette/ktm-4...
      ✅ 1 produits de https://www.mvmmotosport.com/fr/motocyclette/trium...
      ✅ 1 produits de https://www.mvmmotosport.com/fr/motocyclette/kawas...
      ✅ 1 produits de https://www.mvmmotosport.com/fr/velo-electrique/hu...
      ✅ 1 produits de https://www.mvmmotosport.com/fr/cote-a-cote/cfmoto...
      ✅ 1 produits de https://www.mvmmotosport.com/fr/motocyclette/husqv...
      ✅ 1 produits de https://www.mvmmotosport.com/fr/motocyclette/kawas...
      ✅ 1 produits de https://www.mvmmotosport.com/fr/motocyclette/cfmot...
      ✅ 1 produits de https://www.mvmmotosport.com/fr/motocyclette/kawas...
      ✅ 1 produits de https://www.mvmmotosport.com/fr/motocyclette/trium...
      ✅ 1 produits de https://www.mvmmotosport.com/fr/motocyclette/kawas...
      ✅ 1 produits de https://www.mvmmotosport.com/fr/motocyclette/trium...
      ✅ 1 produits de https://www.mvmmotosport.com/fr/cote-a-cote/kawasa...
      ✅ 1 produits de https://www.mvmmotosport.com/fr/cote-a-cote/kawasa...
      ✅ 1 produits de https://www.mvmmotosport.com/fr/motocyclette/husqv...
      ✅ 1 produits de https://www.mvmmotosport.com/fr/cote-a-cote/cfmoto...
      ✅ 1 produits de https://www.mvmmotosport.com/fr/motocyclette/husqv...
      ✅ 1 produits de https://www.mvmmotosport.com/fr/motocyclette/ktm-1...
      ✅ 1 produits de https://www.mvmmotosport.com/fr/motocyclette/trium...
      ✅ 1 produits de https://www.mvmmotosport.com/fr/motocyclette/kawas...
      ✅ 1 produits de https://www.mvmmotosport.com/fr/motocyclette/trium...
      ✅ 1 produits de https://www.mvmmotosport.com/fr/motocyclette/husqv...
      ✅ 1 produits de https://www.mvmmotosport.com/fr/motocyclette/trium...
      ✅ 1 produits de https://www.mvmmotosport.com/fr/motocyclette/trium...
      ✅ 1 produits de https://www.mvmmotosport.com/fr/motocyclette/ktm-7...
      ✅ 1 produits de https://www.mvmmotosport.com/fr/motocyclette/kawas...
      ✅ 1 produits de https://www.mvmmotosport.com/fr/motocyclette/kawas...
      ✅ 1 produits de https://www.mvmmotosport.com/fr/cote-a-cote/kawasa...
      ✅ 1 produits de https://www.mvmmotosport.com/fr/motocyclette/ktm-x...
      ✅ 1 produits de https://www.mvmmotosport.com/fr/motocyclette/ktm-8...
      ✅ 1 produits de https://www.mvmmotosport.com/fr/motocyclette/trium...
      ✅ 1 produits de https://www.mvmmotosport.com/fr/motocyclette/trium...
      ✅ 1 produits de https://www.mvmmotosport.com/fr/motocyclette/trium...
      ✅ 1 produits de https://www.mvmmotosport.com/fr/motocyclette/kawas...
      ✅ 1 produits de https://www.mvmmotosport.com/fr/motocyclette/husqv...
      ✅ 1 produits de https://www.mvmmotosport.com/fr/motocyclette/kawas...
      ✅ 1 produits de https://www.mvmmotosport.com/fr/motocyclette/trium...
      ✅ 1 produits de https://www.mvmmotosport.com/fr/produit-mecanique/...
      ✅ 1 produits de https://www.mvmmotosport.com/fr/motocyclette/kawas...
      ✅ 1 produits de https://www.mvmmotosport.com/fr/motocyclette/trium...
      ✅ 1 produits de https://www.mvmmotosport.com/fr/motocyclette/kawas...
      ✅ 1 produits de https://www.mvmmotosport.com/fr/motocyclette/husqv...
      ✅ 1 produits de https://www.mvmmotosport.com/fr/motocyclette/ktm-3...
      ✅ 1 produits de https://www.mvmmotosport.com/fr/motocyclette/cfmot...
      ✅ 1 produits de https://www.mvmmotosport.com/fr/motocyclette/trium...
      ✅ 1 produits de https://www.mvmmotosport.com/fr/motocyclette/trium...
      ✅ 1 produits de https://www.mvmmotosport.com/fr/motocyclette/husqv...
      ✅ 1 produits de https://www.mvmmotosport.com/fr/motocyclette/kawas...
      ✅ 1 produits de https://www.mvmmotosport.com/fr/cote-a-cote/kawasa...
      ✅ 1 produits de https://www.mvmmotosport.com/fr/motocyclette/trium...
      ✅ 1 produits de https://www.mvmmotosport.com/fr/cote-a-cote/kawasa...
      ✅ 1 produits de https://www.mvmmotosport.com/fr/motocyclette/kawas...
      ✅ 1 produits de https://www.mvmmotosport.com/fr/vtt/cfmoto-cforce-...
      ✅ 1 produits de https://www.mvmmotosport.com/fr/motocyclette/ktm-4...
      ✅ 1 produits de https://www.mvmmotosport.com/fr/motocyclette/husqv...
      ✅ 1 produits de https://www.mvmmotosport.com/fr/motocyclette/cfmot...
      ✅ 1 produits de https://www.mvmmotosport.com/fr/motocyclette/husqv...
      ✅ 1 produits de https://www.mvmmotosport.com/fr/produit-mecanique/...
      ✅ 1 produits de https://www.mvmmotosport.com/fr/motocyclette/kawas...
      ✅ 1 produits de https://www.mvmmotosport.com/fr/motocyclette/trium...
      ✅ 1 produits de https://www.mvmmotosport.com/fr/motocyclette/trium...
      ✅ 1 produits de https://www.mvmmotosport.com/fr/motocyclette/trium...
      ✅ 1 produits de https://www.mvmmotosport.com/fr/vtt/cfmoto-cforce-...
      ✅ 1 produits de https://www.mvmmotosport.com/fr/motocyclette/ktm-3...
      ✅ 1 produits de https://www.mvmmotosport.com/fr/motocyclette/trium...
      ✅ 1 produits de https://www.mvmmotosport.com/fr/produit-mecanique/...
      ✅ 1 produits de https://www.mvmmotosport.com/fr/motocyclette/kawas...
      ✅ 1 produits de https://www.mvmmotosport.com/fr/motocyclette/trium...
      ✅ 1 produits de https://www.mvmmotosport.com/fr/cote-a-cote/kawasa...
      ✅ 1 produits de https://www.mvmmotosport.com/fr/motocyclette/cfmot...
      ✅ 1 produits de https://www.mvmmotosport.com/fr/motocyclette/ktm-6...
      ✅ 1 produits de https://www.mvmmotosport.com/fr/motocyclette/husqv...
      ✅ 1 produits de https://www.mvmmotosport.com/fr/motocyclette/kawas...
      ✅ 1 produits de https://www.mvmmotosport.com/fr/motocyclette/kawas...
      ✅ 1 produits de https://www.mvmmotosport.com/fr/motocyclette/trium...
      ✅ 1 produits de https://www.mvmmotosport.com/fr/vtt/cfmoto-cforce-...
      ✅ 1 produits de https://www.mvmmotosport.com/fr/motocyclette/trium...
      ✅ 1 produits de https://www.mvmmotosport.com/fr/cote-a-cote/cfmoto...
      ✅ 1 produits de https://www.mvmmotosport.com/fr/motocyclette/kawas...
      ✅ 1 produits de https://www.mvmmotosport.com/fr/motocyclette/husqv...
      ✅ 1 produits de https://www.mvmmotosport.com/fr/motocyclette/husqv...
      ✅ 1 produits de https://www.mvmmotosport.com/fr/produit-mecanique/...
      ✅ 1 produits de https://www.mvmmotosport.com/fr/cote-a-cote/cfmoto...
      ✅ 1 produits de https://www.mvmmotosport.com/fr/motocyclette/trium...
      ✅ 1 produits de https://www.mvmmotosport.com/fr/motocyclette/trium...
      ✅ 1 produits de https://www.mvmmotosport.com/fr/cote-a-cote/cfmoto...
      ✅ 1 produits de https://www.mvmmotosport.com/fr/motocyclette/husqv...
      ✅ 1 produits de https://www.mvmmotosport.com/fr/motocyclette/trium...
      ✅ 1 produits de https://www.mvmmotosport.com/fr/produit-mecanique/...

✅ 345 produits extraits

======================================================================
✅ SCRAPING TERMINÉ!
======================================================================
📦 Produits extraits: 345
⏱️  Temps total: 29.3s
📊 Cache: hit
   ✅ https://www.mvmmotosport.com/fr...: 345 produits ⭐

⏱️  Scraping terminé en 34.9s

============================================================
🔍 COMPARAISON AVEC LES CONCURRENTS
============================================================

============================================================
🔍 COMPARAISON AVEC LE SITE DE RÉFÉRENCE
============================================================
📊 Référence: https://www.mvmmotosport.com/fr (345 produits)
📊 Concurrent: https://www.morinsports.com/fr (68 produits)
   📋 Clés de référence: 345 (modèles uniques: 319, ignorées: 0)
      Réf: marque='triumph' modele='scrambler 900 matte khaki green en vente a shawinigan mvm motosport' annee=2024
      Réf: marque='cfmoto' modele='cforce ev 110 vert lime' annee=2024
      Réf: marque='cfmoto' modele='cforce 600 camouflage forestier' annee=2025
      Réf: marque='triumph' modele='street triple 765 moto 2 edition crystal white en vente a shawinigan mvm motosport' annee=2024
      Réf: marque='triumph' modele='street triple r low sapphire black en vente a shawinigan mvm motosport' annee=2024

   📋 Concurrent - ignorés (modèle vide): 0
   📊 Matching: exact=0, wildcard année=0
   ⚠️ Aucune correspondance! Échantillon des clés concurrent:
      Conc: marque='kawasaki' modele='bruteforce 750 eps se camo kvf 750 stfnn' annee=2026 | name='KAWASAKI BRUTEFORCE 750 EPS SE CAMO KVF750STFNN 20'
      Conc: marque='suzuki' modele='df 4 as' annee=2026 | name='SUZUKI DF4AS 2026'
      Conc: marque='triumph' modele='scrambler 1200 xc' annee=2022 | name='Triumph SCRAMBLER 1200XC 2022'
      Conc: marque='kawasaki' modele='klx 110 r l' annee=2025 | name='KAWASAKI KLX110R L 2025'
      Conc: marque='kawasaki' modele='klx 140 r l' annee=2025 | name='KAWASAKI KLX140R L 2025'

📈 Correspondances: 0/68 (0%)
============================================================

☁️  Sauvegardé dans Supabase (ID: 62d9e772-f64b-4166-a099-46769e2d145f)

======================================================================
✅ SCRAPING TERMINÉ!
======================================================================
⭐ Site de référence: https://www.mvmmotosport.com/fr
📦 Produits de référence: 345
🔍 Produits avec correspondance: 0
📦 Total produits sauvegardés: 413 (référence + matchés)
⏱️  Temps total: 34.9s
☁️  Données dans: Supabase Cloud

📋 APERÇU (10 premiers):
   1. Triumph Scrambler 900 Matte Kh | 13080$ | mvmmotosport.com
   2. CFMOTO CFORCE EV110 Vert Lime  | 1778$ | mvmmotosport.com
   3. CFMOTO CFORCE 600 Camouflage f | 10749$ | mvmmotosport.com
   4. Triumph Street Triple 765 Moto | 13080$ | mvmmotosport.com
   5. Triumph Street Triple R low Sa | 13080$ | mvmmotosport.com
   6. CFMOTO ZFORCE 950 Sport G2 Noi | 22574$ | mvmmotosport.com
   7. CFMOTO CFORCE 1000 OVERLAND Ve | 17349$ | mvmmotosport.com
   8. Kawasaki KLX230 S Vert lime  2 | 6594$ | mvmmotosport.com
   9. Kawasaki KX85 Vert lime  2025 | 12088$ | mvmmotosport.com
   10. KTM 300 XC-W  2026 | 14294$ | mvmmotosport.com
   ... et 403 autres
