
======================================================================
🚀 SCRAPER AI v4.0 - SCRAPING INTELLIGENT
======================================================================
⭐ Site de référence: https://www.mvmmotosport.com/fr/
📦 Concurrents à comparer: 0
👤 User ID: 4ba57f68-4ab6-4989-9142-d0934f950a37
📂 Catégories: ['inventaire', 'occasion']
======================================================================


==================================================
📦 PHASE 1: VÉRIFICATION DU CACHE
==================================================
   ✅ https://www.mvmmotosport.com/fr/... → CACHE VALIDE

   📊 Résumé: 1 en cache, 0 à créer

==================================================
⚡ PHASE 3: EXTRACTION DES DONNÉES (parallèle)
==================================================
   100% des sites ont maintenant un scraper en cache
   🚀 Extraction parallèle de 1 sites...


======================================================================
🚀 SCRAPER INTELLIGENT v4.0
======================================================================
🌐 Site: https://www.mvmmotosport.com/fr/
👤 User ID: 4ba57f68-4ab6-4989-9142-d0934f950a37
🔄 Force refresh: False

==================================================
📦 ÉTAPE 1: VÉRIFICATION DU CACHE
==================================================
✅ CACHE VALIDE trouvé!
   Expire: 2026-01-30T04:01:44.126+00:00
   Sélecteurs: 10 détectés
   URLs produits: 421 en cache

==================================================
📥 ÉTAPE 3: EXTRACTION DES PRODUITS
==================================================
   URLs à traiter: 421
      ✅ 1 produits de https://www.mvmmotosport.com/fr/motocyclette/husqv...
      ✅ 1 produits de https://www.mvmmotosport.com/fr/motocyclette/cfmot...
      ✅ 1 produits de https://www.mvmmotosport.com/fr/motocyclette/trium...
      ✅ 1 produits de https://www.mvmmotosport.com/fr/motocyclette/trium...
      ✅ 1 produits de https://www.mvmmotosport.com/fr/motocyclette/kawas...
      ✅ 1 produits de https://www.mvmmotosport.com/fr/inventaire/motocyc...
      ✅ 1 produits de https://www.mvmmotosport.com/fr/motocyclette/trium...
      ✅ 1 produits de https://www.mvmmotosport.com/fr/motocyclette/trium...
      ✅ 1 produits de https://www.mvmmotosport.com/fr/motocyclette/kawas...
      ✅ 1 produits de https://www.mvmmotosport.com/fr/produit-mecanique/...
      ✅ 1 produits de https://www.mvmmotosport.com/fr/motocyclette/trium...
      ✅ 1 produits de https://www.mvmmotosport.com/fr/cote-a-cote/cfmoto...
      ✅ 1 produits de https://www.mvmmotosport.com/fr/motomarine/kawasak...
      ✅ 1 produits de https://www.mvmmotosport.com/fr/motocyclette/trium...
      ✅ 1 produits de https://www.mvmmotosport.com/fr/motocyclette/trium...
      ✅ 1 produits de https://www.mvmmotosport.com/fr/inventaire/motocyc...
      ✅ 1 produits de https://www.mvmmotosport.com/fr/cote-a-cote/cfmoto...
      ✅ 1 produits de https://www.mvmmotosport.com/fr/motocyclette/trium...
      ✅ 1 produits de https://www.mvmmotosport.com/fr/motocyclette/ktm-5...
      ✅ 1 produits de https://www.mvmmotosport.com/fr/cote-a-cote/kawasa...
      ✅ 1 produits de https://www.mvmmotosport.com/fr/motocyclette/husqv...
      ✅ 1 produits de https://www.mvmmotosport.com/fr/inventaire/motocyc...
      ✅ 1 produits de https://www.mvmmotosport.com/fr/cote-a-cote/cfmoto...
      ✅ 1 produits de https://www.mvmmotosport.com/fr/cote-a-cote/cfmoto...
      ✅ 1 produits de https://www.mvmmotosport.com/fr/motocyclette/kawas...
      ✅ 1 produits de https://www.mvmmotosport.com/fr/vtt/cfmoto-cforce-...
      ✅ 1 produits de https://www.mvmmotosport.com/fr/motocyclette/trium...
      ✅ 1 produits de https://www.mvmmotosport.com/fr/motocyclette/kawas...
      ✅ 1 produits de https://www.mvmmotosport.com/fr/vtt/cfmoto-cforce-...
      ✅ 1 produits de https://www.mvmmotosport.com/fr/produit-mecanique/...
      ✅ 1 produits de https://www.mvmmotosport.com/fr/motocyclette/trium...
      ✅ 1 produits de https://www.mvmmotosport.com/fr/produit-mecanique/...
      ✅ 1 produits de https://www.mvmmotosport.com/fr/motocyclette/kawas...
      ✅ 1 produits de https://www.mvmmotosport.com/fr/motocyclette/cfmot...
      ✅ 1 produits de https://www.mvmmotosport.com/fr/cote-a-cote/cfmoto...
      ✅ 1 produits de https://www.mvmmotosport.com/fr/cote-a-cote/kawasa...
      ✅ 1 produits de https://www.mvmmotosport.com/fr/motocyclette/cfmot...
      ✅ 1 produits de https://www.mvmmotosport.com/fr/motocyclette/kawas...
      ✅ 1 produits de https://www.mvmmotosport.com/fr/inventaire/vtt-cfm...
      ✅ 1 produits de https://www.mvmmotosport.com/fr/motocyclette/trium...
      ✅ 1 produits de https://www.mvmmotosport.com/fr/motocyclette/ktm-4...
      ✅ 1 produits de https://www.mvmmotosport.com/fr/motocyclette/kawas...
      ✅ 1 produits de https://www.mvmmotosport.com/fr/motocyclette/kawas...
      ✅ 1 produits de https://www.mvmmotosport.com/fr/inventaire/motonei...
      ✅ 1 produits de https://www.mvmmotosport.com/fr/motocyclette/trium...
      ✅ 1 produits de https://www.mvmmotosport.com/fr/motocyclette/kawas...
      ✅ 1 produits de https://www.mvmmotosport.com/fr/inventaire/motocyc...
      ✅ 1 produits de https://www.mvmmotosport.com/fr/motocyclette/kawas...
      ✅ 1 produits de https://www.mvmmotosport.com/fr/inventaire/motocyc...
      ✅ 1 produits de https://www.mvmmotosport.com/fr/motocyclette/trium...
      ✅ 1 produits de https://www.mvmmotosport.com/fr/motocyclette/trium...
      ✅ 1 produits de https://www.mvmmotosport.com/fr/motocyclette/kawas...
      ✅ 1 produits de https://www.mvmmotosport.com/fr/motocyclette/cfmot...
      ✅ 1 produits de https://www.mvmmotosport.com/fr/motocyclette/trium...
      ✅ 1 produits de https://www.mvmmotosport.com/fr/motocyclette/trium...
      ✅ 1 produits de https://www.mvmmotosport.com/fr/motocyclette/trium...
      ✅ 1 produits de https://www.mvmmotosport.com/fr/motocyclette/kawas...
      ✅ 1 produits de https://www.mvmmotosport.com/fr/motocyclette/kawas...
      ✅ 1 produits de https://www.mvmmotosport.com/fr/motocyclette/trium...
      ✅ 1 produits de https://www.mvmmotosport.com/fr/motocyclette/kawas...
      ✅ 1 produits de https://www.mvmmotosport.com/fr/inventaire/motocyc...
      ✅ 1 produits de https://www.mvmmotosport.com/fr/motocyclette/cfmot...
      ✅ 1 produits de https://www.mvmmotosport.com/fr/vtt/cfmoto-cforce-...
      ✅ 1 produits de https://www.mvmmotosport.com/fr/motocyclette/husqv...
      ✅ 1 produits de https://www.mvmmotosport.com/fr/motocyclette/trium...
      ✅ 1 produits de https://www.mvmmotosport.com/fr/vtt/kawasaki-brute...
      ✅ 1 produits de https://www.mvmmotosport.com/fr/motocyclette/husqv...
      ✅ 1 produits de https://www.mvmmotosport.com/fr/motocyclette/trium...
      ✅ 1 produits de https://www.mvmmotosport.com/fr/motocyclette/husqv...
      ✅ 1 produits de https://www.mvmmotosport.com/fr/cote-a-cote/kawasa...
      ✅ 1 produits de https://www.mvmmotosport.com/fr/motocyclette/trium...
      ✅ 1 produits de https://www.mvmmotosport.com/fr/inventaire/motocyc...
      ✅ 1 produits de https://www.mvmmotosport.com/fr/motocyclette/ktm-2...
      ✅ 1 produits de https://www.mvmmotosport.com/fr/motocyclette/trium...
      ✅ 1 produits de https://www.mvmmotosport.com/fr/motocyclette/trium...
      ✅ 1 produits de https://www.mvmmotosport.com/fr/motocyclette/ktm-4...
      ✅ 1 produits de https://www.mvmmotosport.com/fr/motocyclette/ktm-5...
      ✅ 1 produits de https://www.mvmmotosport.com/fr/cote-a-cote/cfmoto...
      ✅ 1 produits de https://www.mvmmotosport.com/fr/motocyclette/trium...
      ✅ 1 produits de https://www.mvmmotosport.com/fr/motocyclette/husqv...
      ✅ 1 produits de https://www.mvmmotosport.com/fr/motocyclette/kawas...
      ✅ 1 produits de https://www.mvmmotosport.com/fr/cote-a-cote/kawasa...
      ✅ 1 produits de https://www.mvmmotosport.com/fr/cote-a-cote/kawasa...
      ✅ 1 produits de https://www.mvmmotosport.com/fr/motocyclette/ktm-2...
      ✅ 1 produits de https://www.mvmmotosport.com/fr/inventaire/vtt-cfm...
      ✅ 1 produits de https://www.mvmmotosport.com/fr/motocyclette/trium...
      ✅ 1 produits de https://www.mvmmotosport.com/fr/cote-a-cote/kawasa...
      ✅ 1 produits de https://www.mvmmotosport.com/fr/vtt/cfmoto-cforce-...
      ✅ 1 produits de https://www.mvmmotosport.com/fr/motocyclette/kawas...
      ✅ 1 produits de https://www.mvmmotosport.com/fr/inventaire/motocyc...
      ✅ 1 produits de https://www.mvmmotosport.com/fr/motocyclette/ktm-3...
      ✅ 1 produits de https://www.mvmmotosport.com/fr/motocyclette/husqv...
      ✅ 1 produits de https://www.mvmmotosport.com/fr/motocyclette/kawas...
      ✅ 1 produits de https://www.mvmmotosport.com/fr/inventaire/motocyc...
      ✅ 1 produits de https://www.mvmmotosport.com/fr/cote-a-cote/cfmoto...
      ✅ 1 produits de https://www.mvmmotosport.com/fr/motocyclette/kawas...
      ✅ 1 produits de https://www.mvmmotosport.com/fr/motocyclette/trium...
      ✅ 1 produits de https://www.mvmmotosport.com/fr/motocyclette/cfmot...
      ✅ 1 produits de https://www.mvmmotosport.com/fr/cote-a-cote/kawasa...
      ✅ 1 produits de https://www.mvmmotosport.com/fr/vtt/cfmoto-cforce-...
      ✅ 1 produits de https://www.mvmmotosport.com/fr/motocyclette/husqv...
      ✅ 1 produits de https://www.mvmmotosport.com/fr/vtt/cfmoto-cforce-...
      ✅ 1 produits de https://www.mvmmotosport.com/fr/cote-a-cote/cfmoto...
      ✅ 1 produits de https://www.mvmmotosport.com/fr/produit-mecanique/...
      ✅ 1 produits de https://www.mvmmotosport.com/fr/motomarine/kawasak...
      ✅ 1 produits de https://www.mvmmotosport.com/fr/cote-a-cote/cfmoto...
      ✅ 1 produits de https://www.mvmmotosport.com/fr/motocyclette/trium...
      ✅ 1 produits de https://www.mvmmotosport.com/fr/motocyclette/trium...
      ✅ 1 produits de https://www.mvmmotosport.com/fr/vtt/cfmoto-cforce-...
      ✅ 1 produits de https://www.mvmmotosport.com/fr/motocyclette/cfmot...
      ✅ 1 produits de https://www.mvmmotosport.com/fr/cote-a-cote/kawasa...
      ✅ 1 produits de https://www.mvmmotosport.com/fr/motocyclette/trium...
      ✅ 1 produits de https://www.mvmmotosport.com/fr/produit-mecanique/...
      ✅ 1 produits de https://www.mvmmotosport.com/fr/inventaire/vtt-cfm...
      ✅ 1 produits de https://www.mvmmotosport.com/fr/inventaire/motocyc...
      ✅ 1 produits de https://www.mvmmotosport.com/fr/produit-mecanique/...
      ✅ 1 produits de https://www.mvmmotosport.com/fr/motocyclette/trium...
      ✅ 1 produits de https://www.mvmmotosport.com/fr/motocyclette/trium...
      ✅ 1 produits de https://www.mvmmotosport.com/fr/motocyclette/kawas...
      ✅ 1 produits de https://www.mvmmotosport.com/fr/inventaire/vtt-cfm...
      ✅ 1 produits de https://www.mvmmotosport.com/fr/inventaire/motocyc...
      ✅ 1 produits de https://www.mvmmotosport.com/fr/inventaire/vtt-kaw...
      ✅ 1 produits de https://www.mvmmotosport.com/fr/cote-a-cote/cfmoto...
      ✅ 1 produits de https://www.mvmmotosport.com/fr/motocyclette/kawas...
      ✅ 1 produits de https://www.mvmmotosport.com/fr/motocyclette/trium...
      ✅ 1 produits de https://www.mvmmotosport.com/fr/motocyclette/kawas...
      ✅ 1 produits de https://www.mvmmotosport.com/fr/motocyclette/kawas...
      ✅ 1 produits de https://www.mvmmotosport.com/fr/cote-a-cote/cfmoto...
      ✅ 1 produits de https://www.mvmmotosport.com/fr/inventaire/velos-e...
      ✅ 1 produits de https://www.mvmmotosport.com/fr/motocyclette/trium...
      ✅ 1 produits de https://www.mvmmotosport.com/fr/vtt/cfmoto-cforce-...
      ✅ 1 produits de https://www.mvmmotosport.com/fr/motocyclette/kawas...
      ✅ 1 produits de https://www.mvmmotosport.com/fr/motocyclette/ktm-3...
      ✅ 1 produits de https://www.mvmmotosport.com/fr/motocyclette/trium...
      ✅ 1 produits de https://www.mvmmotosport.com/fr/cote-a-cote/kawasa...
      ✅ 1 produits de https://www.mvmmotosport.com/fr/vtt/kawasaki-kfx50...
      ✅ 1 produits de https://www.mvmmotosport.com/fr/motocyclette/ktm-3...
      ✅ 1 produits de https://www.mvmmotosport.com/fr/vtt/cfmoto-cforce-...
      ✅ 1 produits de https://www.mvmmotosport.com/fr/motocyclette/husqv...
      ✅ 1 produits de https://www.mvmmotosport.com/fr/motocyclette/kawas...
      ✅ 1 produits de https://www.mvmmotosport.com/fr/motocyclette/trium...
      ✅ 1 produits de https://www.mvmmotosport.com/fr/motocyclette/ktm-s...
      ✅ 1 produits de https://www.mvmmotosport.com/fr/inventaire/motocyc...
      ✅ 1 produits de https://www.mvmmotosport.com/fr/inventaire/motonei...
      ✅ 1 produits de https://www.mvmmotosport.com/fr/inventaire/motocyc...
      ✅ 1 produits de https://www.mvmmotosport.com/fr/produit-mecanique/...
      ✅ 1 produits de https://www.mvmmotosport.com/fr/vtt/cfmoto-cforce-...
      ✅ 1 produits de https://www.mvmmotosport.com/fr/motocyclette/kawas...
      ✅ 1 produits de https://www.mvmmotosport.com/fr/motocyclette/kawas...
      ✅ 1 produits de https://www.mvmmotosport.com/fr/motocyclette/cfmot...
      ✅ 1 produits de https://www.mvmmotosport.com/fr/inventaire/motocyc...
      ✅ 1 produits de https://www.mvmmotosport.com/fr/inventaire/motocyc...
      ✅ 1 produits de https://www.mvmmotosport.com/fr/inventaire/motocyc...
      ✅ 1 produits de https://www.mvmmotosport.com/fr/motocyclette/husqv...
      ✅ 1 produits de https://www.mvmmotosport.com/fr/vtt/cfmoto-cforce-...
      ✅ 1 produits de https://www.mvmmotosport.com/fr/inventaire/motocyc...
      ✅ 1 produits de https://www.mvmmotosport.com/fr/motocyclette/ktm-2...
      ✅ 1 produits de https://www.mvmmotosport.com/fr/motocyclette/kawas...
      ✅ 1 produits de https://www.mvmmotosport.com/fr/motocyclette/ktm-2...
      ✅ 1 produits de https://www.mvmmotosport.com/fr/cote-a-cote/cfmoto...
      ✅ 1 produits de https://www.mvmmotosport.com/fr/inventaire/motonei...
      ✅ 1 produits de https://www.mvmmotosport.com/fr/produit-mecanique/...
      ✅ 1 produits de https://www.mvmmotosport.com/fr/motocyclette/trium...
      ✅ 1 produits de https://www.mvmmotosport.com/fr/motocyclette/kawas...
      ✅ 1 produits de https://www.mvmmotosport.com/fr/motocyclette/kawas...
      ✅ 1 produits de https://www.mvmmotosport.com/fr/motocyclette/trium...
      ✅ 1 produits de https://www.mvmmotosport.com/fr/motocyclette/trium...
      ✅ 1 produits de https://www.mvmmotosport.com/fr/motocyclette/trium...
      ✅ 1 produits de https://www.mvmmotosport.com/fr/produit-mecanique/...
      ✅ 1 produits de https://www.mvmmotosport.com/fr/motocyclette/ktm-s...
      ✅ 1 produits de https://www.mvmmotosport.com/fr/motocyclette/kawas...
      ✅ 1 produits de https://www.mvmmotosport.com/fr/motomarine/kawasak...
      ✅ 1 produits de https://www.mvmmotosport.com/fr/inventaire/motocyc...
      ✅ 1 produits de https://www.mvmmotosport.com/fr/inventaire/motocyc...
      ✅ 1 produits de https://www.mvmmotosport.com/fr/inventaire/motocyc...
      ✅ 1 produits de https://www.mvmmotosport.com/fr/motocyclette/adly-...
      ✅ 1 produits de https://www.mvmmotosport.com/fr/motocyclette/kawas...
      ✅ 1 produits de https://www.mvmmotosport.com/fr/motocyclette/kawas...
      ✅ 1 produits de https://www.mvmmotosport.com/fr/motocyclette/trium...
      ✅ 1 produits de https://www.mvmmotosport.com/fr/motocyclette/trium...
      ✅ 1 produits de https://www.mvmmotosport.com/fr/motocyclette/ktm-1...
      ✅ 1 produits de https://www.mvmmotosport.com/fr/motocyclette/kawas...
      ✅ 1 produits de https://www.mvmmotosport.com/fr/motocyclette/cfmot...
      ✅ 1 produits de https://www.mvmmotosport.com/fr/motocyclette/kawas...
      ✅ 1 produits de https://www.mvmmotosport.com/fr/inventaire/motocyc...
      ✅ 1 produits de https://www.mvmmotosport.com/fr/motocyclette/ktm-3...
      ✅ 1 produits de https://www.mvmmotosport.com/fr/motocyclette/kawas...
      ✅ 1 produits de https://www.mvmmotosport.com/fr/vtt/kawasaki-kfx90...
      ✅ 1 produits de https://www.mvmmotosport.com/fr/inventaire/motocyc...
      ✅ 1 produits de https://www.mvmmotosport.com/fr/motocyclette/kawas...
      ✅ 1 produits de https://www.mvmmotosport.com/fr/motocyclette/trium...
      ✅ 1 produits de https://www.mvmmotosport.com/fr/inventaire/motocyc...
      ✅ 1 produits de https://www.mvmmotosport.com/fr/cote-a-cote/kawasa...
      ✅ 1 produits de https://www.mvmmotosport.com/fr/motocyclette/ktm-3...
      ✅ 1 produits de https://www.mvmmotosport.com/fr/inventaire/motocyc...
      ✅ 1 produits de https://www.mvmmotosport.com/fr/inventaire/vtt-cfm...
      ✅ 1 produits de https://www.mvmmotosport.com/fr/motomarine/kawasak...
      ✅ 1 produits de https://www.mvmmotosport.com/fr/vtt/kawasaki-brute...
      ✅ 1 produits de https://www.mvmmotosport.com/fr/motocyclette/ktm-2...
      ✅ 1 produits de https://www.mvmmotosport.com/fr/motocyclette/trium...
      ✅ 1 produits de https://www.mvmmotosport.com/fr/motocyclette/ktm-3...
      ✅ 1 produits de https://www.mvmmotosport.com/fr/inventaire/motonei...
      ✅ 1 produits de https://www.mvmmotosport.com/fr/inventaire/motocyc...
      ✅ 1 produits de https://www.mvmmotosport.com/fr/inventaire/motocyc...
      ✅ 1 produits de https://www.mvmmotosport.com/fr/motocyclette/trium...
      ✅ 1 produits de https://www.mvmmotosport.com/fr/inventaire/vtt-cfm...
      ✅ 1 produits de https://www.mvmmotosport.com/fr/motocyclette/ktm-4...
      ✅ 1 produits de https://www.mvmmotosport.com/fr/motocyclette/ktm-2...
      ✅ 1 produits de https://www.mvmmotosport.com/fr/vtt/cfmoto-cforce-...
      ✅ 1 produits de https://www.mvmmotosport.com/fr/motocyclette/trium...
      ✅ 1 produits de https://www.mvmmotosport.com/fr/inventaire/motocyc...
      ✅ 1 produits de https://www.mvmmotosport.com/fr/vtt/cfmoto-cforce-...
      ✅ 1 produits de https://www.mvmmotosport.com/fr/motocyclette/kawas...
      ✅ 1 produits de https://www.mvmmotosport.com/fr/motocyclette/trium...
      ✅ 1 produits de https://www.mvmmotosport.com/fr/inventaire/motocyc...
      ✅ 1 produits de https://www.mvmmotosport.com/fr/motocyclette/ktm-1...
      ✅ 1 produits de https://www.mvmmotosport.com/fr/motocyclette/kawas...
      ✅ 1 produits de https://www.mvmmotosport.com/fr/motocyclette/kawas...
      ✅ 1 produits de https://www.mvmmotosport.com/fr/inventaire/motocyc...
      ✅ 1 produits de https://www.mvmmotosport.com/fr/inventaire/motocyc...
      ✅ 1 produits de https://www.mvmmotosport.com/fr/motocyclette/husqv...
      ✅ 1 produits de https://www.mvmmotosport.com/fr/inventaire/motocyc...
      ✅ 1 produits de https://www.mvmmotosport.com/fr/motocyclette/kawas...
      ✅ 1 produits de https://www.mvmmotosport.com/fr/motocyclette/ktm-1...
      ✅ 1 produits de https://www.mvmmotosport.com/fr/motocyclette/kawas...
      ✅ 1 produits de https://www.mvmmotosport.com/fr/vtt/cfmoto-cforce-...
      ✅ 1 produits de https://www.mvmmotosport.com/fr/cote-a-cote/kawasa...
      ✅ 1 produits de https://www.mvmmotosport.com/fr/motocyclette/husqv...
      ✅ 1 produits de https://www.mvmmotosport.com/fr/motocyclette/trium...
      ✅ 1 produits de https://www.mvmmotosport.com/fr/motocyclette/trium...
      ✅ 1 produits de https://www.mvmmotosport.com/fr/motocyclette/trium...
      ✅ 1 produits de https://www.mvmmotosport.com/fr/motocyclette/ktm-3...
      ✅ 1 produits de https://www.mvmmotosport.com/fr/motocyclette/husqv...
      ✅ 1 produits de https://www.mvmmotosport.com/fr/inventaire/motocyc...
      ✅ 1 produits de https://www.mvmmotosport.com/fr/motocyclette/ktm-s...
      ✅ 1 produits de https://www.mvmmotosport.com/fr/motocyclette/husqv...
      ✅ 1 produits de https://www.mvmmotosport.com/fr/inventaire/motocyc...
      ✅ 1 produits de https://www.mvmmotosport.com/fr/motocyclette/trium...
      ✅ 1 produits de https://www.mvmmotosport.com/fr/motocyclette/kawas...
      ✅ 1 produits de https://www.mvmmotosport.com/fr/motocyclette/kawas...
      ✅ 1 produits de https://www.mvmmotosport.com/fr/inventaire/motocyc...
      ✅ 1 produits de https://www.mvmmotosport.com/fr/inventaire/motocyc...
      ✅ 1 produits de https://www.mvmmotosport.com/fr/motocyclette/kawas...
      ✅ 1 produits de https://www.mvmmotosport.com/fr/inventaire/motocyc...
      ✅ 1 produits de https://www.mvmmotosport.com/fr/motocyclette/trium...
      ✅ 1 produits de https://www.mvmmotosport.com/fr/motocyclette/cfmot...
      ✅ 1 produits de https://www.mvmmotosport.com/fr/motocyclette/trium...
      ✅ 1 produits de https://www.mvmmotosport.com/fr/inventaire/vtt-cfm...
      ✅ 1 produits de https://www.mvmmotosport.com/fr/inventaire/vtt-cfm...
      ✅ 1 produits de https://www.mvmmotosport.com/fr/motocyclette/trium...
      ✅ 1 produits de https://www.mvmmotosport.com/fr/cote-a-cote/kawasa...
      ✅ 1 produits de https://www.mvmmotosport.com/fr/motocyclette/trium...
      ✅ 1 produits de https://www.mvmmotosport.com/fr/motocyclette/husqv...
      ✅ 1 produits de https://www.mvmmotosport.com/fr/motocyclette/kawas...
      ✅ 1 produits de https://www.mvmmotosport.com/fr/motocyclette/trium...
      ✅ 1 produits de https://www.mvmmotosport.com/fr/motocyclette/kawas...
      ✅ 1 produits de https://www.mvmmotosport.com/fr/motocyclette/cfmot...
      ✅ 1 produits de https://www.mvmmotosport.com/fr/inventaire/motocyc...
      ✅ 1 produits de https://www.mvmmotosport.com/fr/motocyclette/trium...
      ✅ 1 produits de https://www.mvmmotosport.com/fr/motocyclette/trium...
      ✅ 1 produits de https://www.mvmmotosport.com/fr/motocyclette/husqv...
      ✅ 1 produits de https://www.mvmmotosport.com/fr/motocyclette/cfmot...
      ✅ 1 produits de https://www.mvmmotosport.com/fr/inventaire/motocyc...
      ✅ 1 produits de https://www.mvmmotosport.com/fr/inventaire/motocyc...
      ✅ 1 produits de https://www.mvmmotosport.com/fr/motocyclette/kawas...
      ✅ 1 produits de https://www.mvmmotosport.com/fr/motocyclette/trium...
      ✅ 1 produits de https://www.mvmmotosport.com/fr/inventaire/motocyc...
      ✅ 1 produits de https://www.mvmmotosport.com/fr/inventaire/motocyc...
      ✅ 1 produits de https://www.mvmmotosport.com/fr/motocyclette/trium...
      ✅ 1 produits de https://www.mvmmotosport.com/fr/motocyclette/cfmot...
      ✅ 1 produits de https://www.mvmmotosport.com/fr/inventaire/motonei...
      ✅ 1 produits de https://www.mvmmotosport.com/fr/inventaire/motocyc...
      ✅ 1 produits de https://www.mvmmotosport.com/fr/cote-a-cote/kawasa...
      ✅ 1 produits de https://www.mvmmotosport.com/fr/inventaire/motocyc...
      ✅ 1 produits de https://www.mvmmotosport.com/fr/motocyclette/trium...
      ✅ 1 produits de https://www.mvmmotosport.com/fr/motocyclette/kawas...
      ✅ 1 produits de https://www.mvmmotosport.com/fr/produit-mecanique/...
      ✅ 1 produits de https://www.mvmmotosport.com/fr/inventaire/motocyc...
      ✅ 1 produits de https://www.mvmmotosport.com/fr/inventaire/motocyc...
      ✅ 1 produits de https://www.mvmmotosport.com/fr/cote-a-cote/cfmoto...
      ✅ 1 produits de https://www.mvmmotosport.com/fr/produit-mecanique/...
      ✅ 1 produits de https://www.mvmmotosport.com/fr/motocyclette/kawas...
      ✅ 1 produits de https://www.mvmmotosport.com/fr/cote-a-cote/cfmoto...
      ✅ 1 produits de https://www.mvmmotosport.com/fr/motocyclette/kawas...
      ✅ 1 produits de https://www.mvmmotosport.com/fr/motocyclette/kawas...
      ✅ 1 produits de https://www.mvmmotosport.com/fr/cote-a-cote/kawasa...
      ✅ 1 produits de https://www.mvmmotosport.com/fr/produit-mecanique/...
      ✅ 1 produits de https://www.mvmmotosport.com/fr/motocyclette/kawas...
      ✅ 1 produits de https://www.mvmmotosport.com/fr/motocyclette/trium...
      ✅ 1 produits de https://www.mvmmotosport.com/fr/inventaire/motocyc...
      ✅ 1 produits de https://www.mvmmotosport.com/fr/motocyclette/trium...
      ✅ 1 produits de https://www.mvmmotosport.com/fr/motocyclette/cfmot...
      ✅ 1 produits de https://www.mvmmotosport.com/fr/inventaire/motocyc...
      ✅ 1 produits de https://www.mvmmotosport.com/fr/motocyclette/trium...
      ✅ 1 produits de https://www.mvmmotosport.com/fr/inventaire/motocyc...
      ✅ 1 produits de https://www.mvmmotosport.com/fr/motocyclette/kawas...
      ✅ 1 produits de https://www.mvmmotosport.com/fr/produit-mecanique/...
      ✅ 1 produits de https://www.mvmmotosport.com/fr/inventaire/motocyc...
      ✅ 1 produits de https://www.mvmmotosport.com/fr/motocyclette/kawas...
      ✅ 1 produits de https://www.mvmmotosport.com/fr/motocyclette/kawas...
      ✅ 1 produits de https://www.mvmmotosport.com/fr/inventaire/motocyc...
      ✅ 1 produits de https://www.mvmmotosport.com/fr/cote-a-cote/kawasa...
      ✅ 1 produits de https://www.mvmmotosport.com/fr/vtt/kawasaki-kfx50...
      ✅ 1 produits de https://www.mvmmotosport.com/fr/motocyclette/kawas...
      ✅ 1 produits de https://www.mvmmotosport.com/fr/motocyclette/ktm-8...
      ✅ 1 produits de https://www.mvmmotosport.com/fr/cote-a-cote/kawasa...
      ✅ 1 produits de https://www.mvmmotosport.com/fr/cote-a-cote/cfmoto...
      ✅ 1 produits de https://www.mvmmotosport.com/fr/motocyclette/ktm-x...
      ✅ 1 produits de https://www.mvmmotosport.com/fr/motocyclette/kawas...
      ✅ 1 produits de https://www.mvmmotosport.com/fr/motocyclette/trium...
      ✅ 1 produits de https://www.mvmmotosport.com/fr/motocyclette/kawas...
      ✅ 1 produits de https://www.mvmmotosport.com/fr/inventaire/motocyc...
      ✅ 1 produits de https://www.mvmmotosport.com/fr/cote-a-cote/kawasa...
      ✅ 1 produits de https://www.mvmmotosport.com/fr/motocyclette/ktm-6...
      ✅ 1 produits de https://www.mvmmotosport.com/fr/vtt/cfmoto-cforce-...
      ✅ 1 produits de https://www.mvmmotosport.com/fr/motocyclette/trium...
      ✅ 1 produits de https://www.mvmmotosport.com/fr/motocyclette/cfmot...
      ✅ 1 produits de https://www.mvmmotosport.com/fr/motocyclette/ktm-3...
      ✅ 1 produits de https://www.mvmmotosport.com/fr/cote-a-cote/cfmoto...
      ✅ 1 produits de https://www.mvmmotosport.com/fr/motocyclette/ktm-5...
      ✅ 1 produits de https://www.mvmmotosport.com/fr/produit-mecanique/...
      ✅ 1 produits de https://www.mvmmotosport.com/fr/inventaire/motocyc...
      ✅ 1 produits de https://www.mvmmotosport.com/fr/inventaire/motocyc...
      ✅ 1 produits de https://www.mvmmotosport.com/fr/motocyclette/husqv...
      ✅ 1 produits de https://www.mvmmotosport.com/fr/motocyclette/trium...
      ✅ 1 produits de https://www.mvmmotosport.com/fr/inventaire/autres-...
      ✅ 1 produits de https://www.mvmmotosport.com/fr/inventaire/motocyc...
      ✅ 1 produits de https://www.mvmmotosport.com/fr/motocyclette/trium...
      ✅ 1 produits de https://www.mvmmotosport.com/fr/inventaire/motocyc...
      ✅ 1 produits de https://www.mvmmotosport.com/fr/motocyclette/ktm-3...
      ✅ 1 produits de https://www.mvmmotosport.com/fr/inventaire/vtt-kaw...
      ✅ 1 produits de https://www.mvmmotosport.com/fr/motocyclette/husqv...
      ✅ 1 produits de https://www.mvmmotosport.com/fr/motocyclette/cfmot...
      ✅ 1 produits de https://www.mvmmotosport.com/fr/motocyclette/trium...
      ✅ 1 produits de https://www.mvmmotosport.com/fr/motocyclette/trium...
      ✅ 1 produits de https://www.mvmmotosport.com/fr/motocyclette/kawas...
      ✅ 1 produits de https://www.mvmmotosport.com/fr/inventaire/motocyc...
      ✅ 1 produits de https://www.mvmmotosport.com/fr/inventaire/motocyc...
      ✅ 1 produits de https://www.mvmmotosport.com/fr/inventaire/motocyc...
      ✅ 1 produits de https://www.mvmmotosport.com/fr/motocyclette/cfmot...
      ✅ 1 produits de https://www.mvmmotosport.com/fr/produit-mecanique/...
      ✅ 1 produits de https://www.mvmmotosport.com/fr/inventaire/motocyc...
      ✅ 1 produits de https://www.mvmmotosport.com/fr/inventaire/motocyc...
      ✅ 1 produits de https://www.mvmmotosport.com/fr/produit-mecanique/...
      ✅ 1 produits de https://www.mvmmotosport.com/fr/motocyclette/trium...
      ✅ 1 produits de https://www.mvmmotosport.com/fr/vtt/cfmoto-cforce-...
      ✅ 1 produits de https://www.mvmmotosport.com/fr/inventaire/motocyc...
      ✅ 1 produits de https://www.mvmmotosport.com/fr/cote-a-cote/cfmoto...
      ✅ 1 produits de https://www.mvmmotosport.com/fr/inventaire/motocyc...
      ✅ 1 produits de https://www.mvmmotosport.com/fr/inventaire/vtt-cfm...
      ✅ 1 produits de https://www.mvmmotosport.com/fr/cote-a-cote/kawasa...
      ✅ 1 produits de https://www.mvmmotosport.com/fr/cote-a-cote/cfmoto...
      ✅ 1 produits de https://www.mvmmotosport.com/fr/inventaire/motocyc...
      ✅ 1 produits de https://www.mvmmotosport.com/fr/motocyclette/kawas...
      ✅ 1 produits de https://www.mvmmotosport.com/fr/cote-a-cote/cfmoto...
      ✅ 1 produits de https://www.mvmmotosport.com/fr/cote-a-cote/cfmoto...
      ✅ 1 produits de https://www.mvmmotosport.com/fr/motocyclette/trium...
      ✅ 1 produits de https://www.mvmmotosport.com/fr/motocyclette/kawas...
      ✅ 1 produits de https://www.mvmmotosport.com/fr/motocyclette/husqv...
      ✅ 1 produits de https://www.mvmmotosport.com/fr/inventaire/velos-e...
      ✅ 1 produits de https://www.mvmmotosport.com/fr/motocyclette/husqv...
      ✅ 1 produits de https://www.mvmmotosport.com/fr/motocyclette/trium...
      ✅ 1 produits de https://www.mvmmotosport.com/fr/inventaire/vtt-cfm...
      ✅ 1 produits de https://www.mvmmotosport.com/fr/motocyclette/kawas...
      ✅ 1 produits de https://www.mvmmotosport.com/fr/motocyclette/kawas...
      ✅ 1 produits de https://www.mvmmotosport.com/fr/motocyclette/trium...
      ✅ 1 produits de https://www.mvmmotosport.com/fr/motocyclette/ktm-1...
      ✅ 1 produits de https://www.mvmmotosport.com/fr/motocyclette/trium...
      ✅ 1 produits de https://www.mvmmotosport.com/fr/motocyclette/kawas...
      ✅ 1 produits de https://www.mvmmotosport.com/fr/motocyclette/kawas...
      ✅ 1 produits de https://www.mvmmotosport.com/fr/inventaire/vtt-kaw...
      ✅ 1 produits de https://www.mvmmotosport.com/fr/motocyclette/husqv...
      ✅ 1 produits de https://www.mvmmotosport.com/fr/motocyclette/kawas...
      ✅ 1 produits de https://www.mvmmotosport.com/fr/inventaire/motocyc...
      ✅ 1 produits de https://www.mvmmotosport.com/fr/inventaire/motocyc...
      ✅ 1 produits de https://www.mvmmotosport.com/fr/inventaire/motocyc...
      ✅ 1 produits de https://www.mvmmotosport.com/fr/motocyclette/ktm-1...
      ✅ 1 produits de https://www.mvmmotosport.com/fr/motocyclette/kawas...
      ✅ 1 produits de https://www.mvmmotosport.com/fr/vtt/cfmoto-cforce-...
      ✅ 1 produits de https://www.mvmmotosport.com/fr/motocyclette/kawas...
      ✅ 1 produits de https://www.mvmmotosport.com/fr/motocyclette/trium...
      ✅ 1 produits de https://www.mvmmotosport.com/fr/motocyclette/kawas...
      ✅ 1 produits de https://www.mvmmotosport.com/fr/motocyclette/ktm-s...
      ✅ 1 produits de https://www.mvmmotosport.com/fr/vtt/cfmoto-cforce-...
      ✅ 1 produits de https://www.mvmmotosport.com/fr/motocyclette/husqv...
      ✅ 1 produits de https://www.mvmmotosport.com/fr/motocyclette/trium...
      ✅ 1 produits de https://www.mvmmotosport.com/fr/motocyclette/ktm-1...
      ✅ 1 produits de https://www.mvmmotosport.com/fr/vtt/cfmoto-cforce-...
      ✅ 1 produits de https://www.mvmmotosport.com/fr/cote-a-cote/kawasa...
      ✅ 1 produits de https://www.mvmmotosport.com/fr/motocyclette/trium...
      ✅ 1 produits de https://www.mvmmotosport.com/fr/cote-a-cote/cfmoto...
      ✅ 1 produits de https://www.mvmmotosport.com/fr/motocyclette/trium...
      ✅ 1 produits de https://www.mvmmotosport.com/fr/motocyclette/husqv...
      ✅ 1 produits de https://www.mvmmotosport.com/fr/vtt/cfmoto-cforce-...
      ✅ 1 produits de https://www.mvmmotosport.com/fr/produit-mecanique/...
      ✅ 1 produits de https://www.mvmmotosport.com/fr/motocyclette/kawas...
      ✅ 1 produits de https://www.mvmmotosport.com/fr/motocyclette/trium...
      ✅ 1 produits de https://www.mvmmotosport.com/fr/inventaire/motocyc...
      ✅ 1 produits de https://www.mvmmotosport.com/fr/motocyclette/husqv...
      ✅ 1 produits de https://www.mvmmotosport.com/fr/inventaire/motocyc...
      ✅ 1 produits de https://www.mvmmotosport.com/fr/motocyclette/husqv...
      ✅ 1 produits de https://www.mvmmotosport.com/fr/motocyclette/trium...
      ✅ 1 produits de https://www.mvmmotosport.com/fr/motocyclette/ktm-4...
      ✅ 1 produits de https://www.mvmmotosport.com/fr/motocyclette/kawas...
      ✅ 1 produits de https://www.mvmmotosport.com/fr/inventaire/motocyc...
      ✅ 1 produits de https://www.mvmmotosport.com/fr/motocyclette/kawas...
      ✅ 1 produits de https://www.mvmmotosport.com/fr/motocyclette/cfmot...
      ✅ 1 produits de https://www.mvmmotosport.com/fr/motocyclette/trium...

✅ 372 produits extraits
⚠️  Erreur API (400): {"error":"reference_url is required"}

======================================================================
✅ SCRAPING TERMINÉ!
======================================================================
📦 Produits extraits: 372
⏱️  Temps total: 102.0s
📊 Cache: hit
   ✅ https://www.mvmmotosport.com/fr/...: 372 produits ⭐

⏱️  Scraping terminé en 102.2s

============================================================
📦 EXTRACTION DU SITE DE RÉFÉRENCE
============================================================
✅ 372 produits extraits du site de référence
☁️  Sauvegardé dans Supabase (ID: 55e04cab-f52f-420f-af60-be06351c376a)

======================================================================
✅ SCRAPING TERMINÉ!
======================================================================
⭐ Site de référence: https://www.mvmmotosport.com/fr/
📦 Produits de référence: 372
📦 Produits extraits: 372
⏱️  Temps total: 102.2s
☁️  Données dans: Supabase Cloud

📋 APERÇU (10 premiers):
   1. Spécifications | 1434413344$ | mvmmotosport.com
   2. Promotion | 1752417024$ | mvmmotosport.com
   3. Spécifications | 29495$ | mvmmotosport.com
   4. Spécifications | 0$ | mvmmotosport.com
   5. Spécifications | 12644$ | mvmmotosport.com
   6. Aperçu | 7494$ | mvmmotosport.com
   7. Spécifications | 0$ | mvmmotosport.com
   8. Spécifications | 0$ | mvmmotosport.com
   9. Spécifications | 6594$ | mvmmotosport.com
   10. Spécifications | 6499$ | mvmmotosport.com
   ... et 362 autres
